Building DAG of jobs...
Using shell: /usr/bin/bash
Provided cores: 32
Rules claiming more threads will be scaled down.
Job stats:
job                      count
---------------------  -------
all                          1
combine_cutadapt_logs        1
dada2_assign_taxonomy        1
dada2_error_learning         1
dada2_filter                 1
dada2_infer_asvs             1
dada2_remove_chimeras        1
figaro                       1
multiqc_final                1
multiqc_initial              1
reporter                     1
track_reads                  1
total                       12

Select jobs to execute...
Failed to solve scheduling problem with ILP solver. Falling back to greedy solver. Run Snakemake with --verbose to see the full solver output for debugging the problem.

[Fri Mar 21 10:49:33 2025]
rule figaro:
    input: /media/shared1/alessiam/dadawrap/datiseq_out/figaro_inp/Lyb1_R1.fastq.gz, /media/shared1/alessiam/dadawrap/datiseq_out/figaro_inp/Lyb1_R2.fastq.gz, /media/shared1/alessiam/dadawrap/datiseq_out/figaro_inp/Lyb2_R1.fastq.gz, /media/shared1/alessiam/dadawrap/datiseq_out/figaro_inp/Lyb2_R2.fastq.gz
    output: /media/shared1/alessiam/dadawrap/datiseq_out/intermediate/figaro/trimParameters.json
    jobid: 17
    reason: Missing output files: /media/shared1/alessiam/dadawrap/datiseq_out/intermediate/figaro/trimParameters.json
    resources: tmpdir=/tmp

RuleException in rule figaro in file /media/shared1/alessiam/dadawrap/ampwrap/ampwrap/snakefile.short, line 202:
AttributeError: 'Params' object has no attribute 'figaroname', when formatting the following:

        mkdir -p {output_dir}/intermediate/figaro
        scripts/figaro/figaro/figaro.py -i {params.input_dir} -o {output_dir}/intermediate/figaro -a {params.amplen}                -f {params.forward_primer_length} -r {params.reverse_primer_length} -F {params.figaroname}  > /dev/null 2>&1
        
