Building DAG of jobs...
Using shell: /usr/bin/bash
Provided cores: 32
Rules claiming more threads will be scaled down.
Job stats:
job                     count
--------------------  -------
all                         1
emu_abundance               2
fastqc_post                 2
multiqc_post                1
nanofilt                    2
porechop                    2
reporter                    1
seqkit_stats_post_qc        1
total                      12

Select jobs to execute...

[Thu Apr 10 12:22:16 2025]
rule porechop:
    input: /media/shared1/alessiam/dadawrap/subseq_nanopore/subsampled0.2_carajo.fastq
    output: /media/shared1/alessiam/dadawrap/subseq_nanopore_results_5/intermediate/porechop/subsampled0.2_carajo-porechop.fastq.gz
    jobid: 5
    reason: Missing output files: /media/shared1/alessiam/dadawrap/subseq_nanopore_results_5/intermediate/porechop/subsampled0.2_carajo-porechop.fastq.gz
    wildcards: output_dir=/media/shared1/alessiam/dadawrap/subseq_nanopore_results_5, sample=subsampled0.2_carajo
    resources: tmpdir=/tmp

[Thu Apr 10 12:22:16 2025]
rule porechop:
    input: /media/shared1/alessiam/dadawrap/subseq_nanopore/subsampled0.3_SRR20752542.fastq
    output: /media/shared1/alessiam/dadawrap/subseq_nanopore_results_5/intermediate/porechop/subsampled0.3_SRR20752542-porechop.fastq.gz
    jobid: 6
    reason: Missing output files: /media/shared1/alessiam/dadawrap/subseq_nanopore_results_5/intermediate/porechop/subsampled0.3_SRR20752542-porechop.fastq.gz
    wildcards: output_dir=/media/shared1/alessiam/dadawrap/subseq_nanopore_results_5, sample=subsampled0.3_SRR20752542
    resources: tmpdir=/tmp

[Thu Apr 10 12:23:34 2025]
Finished job 5.
1 of 12 steps (8%) done
Select jobs to execute...

[Thu Apr 10 12:23:34 2025]
rule nanofilt:
    input: /media/shared1/alessiam/dadawrap/subseq_nanopore_results_5/intermediate/porechop/subsampled0.2_carajo-porechop.fastq.gz
    output: /media/shared1/alessiam/dadawrap/subseq_nanopore_results_5/intermediate/nanofilt/subsampled0.2_carajo-nanofilt.fastq
    jobid: 8
    reason: Missing output files: /media/shared1/alessiam/dadawrap/subseq_nanopore_results_5/intermediate/nanofilt/subsampled0.2_carajo-nanofilt.fastq; Input files updated by another job: /media/shared1/alessiam/dadawrap/subseq_nanopore_results_5/intermediate/porechop/subsampled0.2_carajo-porechop.fastq.gz; Set of input files has changed since last execution
    wildcards: output_dir=/media/shared1/alessiam/dadawrap/subseq_nanopore_results_5, sample=subsampled0.2_carajo
    resources: tmpdir=/tmp

[Thu Apr 10 12:23:43 2025]
Finished job 8.
2 of 12 steps (17%) done
Select jobs to execute...

[Thu Apr 10 12:23:43 2025]
rule fastqc_post:
    input: /media/shared1/alessiam/dadawrap/subseq_nanopore_results_5/intermediate/nanofilt/subsampled0.2_carajo-nanofilt.fastq
    output: /media/shared1/alessiam/dadawrap/subseq_nanopore_results_5/QC/raw_qc_post/subsampled0.2_carajo-nanofilt_fastqc.html
    jobid: 7
    reason: Missing output files: /media/shared1/alessiam/dadawrap/subseq_nanopore_results_5/QC/raw_qc_post/subsampled0.2_carajo-nanofilt_fastqc.html; Input files updated by another job: /media/shared1/alessiam/dadawrap/subseq_nanopore_results_5/intermediate/nanofilt/subsampled0.2_carajo-nanofilt.fastq
    wildcards: output_dir=/media/shared1/alessiam/dadawrap/subseq_nanopore_results_5, sample=subsampled0.2_carajo
    resources: tmpdir=/tmp

[Thu Apr 10 12:23:51 2025]
Finished job 7.
3 of 12 steps (25%) done
Select jobs to execute...
[Thu Apr 10 12:23:55 2025]
Finished job 6.
4 of 12 steps (33%) done

[Thu Apr 10 12:23:56 2025]
rule emu_abundance:
    input: /media/shared1/alessiam/dadawrap/subseq_nanopore_results_5/intermediate/nanofilt/subsampled0.2_carajo-nanofilt.fastq, db_s/emu/emu
    output: /media/shared1/alessiam/dadawrap/subseq_nanopore_results_5/results/emu/subsampled0.2_carajo-nanofilt_rel-abundance.tsv
    jobid: 14
    reason: Missing output files: /media/shared1/alessiam/dadawrap/subseq_nanopore_results_5/results/emu/subsampled0.2_carajo-nanofilt_rel-abundance.tsv; Input files updated by another job: /media/shared1/alessiam/dadawrap/subseq_nanopore_results_5/intermediate/nanofilt/subsampled0.2_carajo-nanofilt.fastq
    wildcards: output_dir=/media/shared1/alessiam/dadawrap/subseq_nanopore_results_5, sample=subsampled0.2_carajo
    threads: 32
    resources: tmpdir=/tmp

[Thu Apr 10 12:28:01 2025]
Finished job 14.
5 of 12 steps (42%) done
Select jobs to execute...

[Thu Apr 10 12:28:01 2025]
rule nanofilt:
    input: /media/shared1/alessiam/dadawrap/subseq_nanopore_results_5/intermediate/porechop/subsampled0.3_SRR20752542-porechop.fastq.gz
    output: /media/shared1/alessiam/dadawrap/subseq_nanopore_results_5/intermediate/nanofilt/subsampled0.3_SRR20752542-nanofilt.fastq
    jobid: 10
    reason: Missing output files: /media/shared1/alessiam/dadawrap/subseq_nanopore_results_5/intermediate/nanofilt/subsampled0.3_SRR20752542-nanofilt.fastq; Input files updated by another job: /media/shared1/alessiam/dadawrap/subseq_nanopore_results_5/intermediate/porechop/subsampled0.3_SRR20752542-porechop.fastq.gz; Set of input files has changed since last execution
    wildcards: output_dir=/media/shared1/alessiam/dadawrap/subseq_nanopore_results_5, sample=subsampled0.3_SRR20752542
    resources: tmpdir=/tmp

[Thu Apr 10 12:28:06 2025]
Finished job 10.
6 of 12 steps (50%) done
Select jobs to execute...

[Thu Apr 10 12:28:07 2025]
rule emu_abundance:
    input: /media/shared1/alessiam/dadawrap/subseq_nanopore_results_5/intermediate/nanofilt/subsampled0.3_SRR20752542-nanofilt.fastq, db_s/emu/emu
    output: /media/shared1/alessiam/dadawrap/subseq_nanopore_results_5/results/emu/subsampled0.3_SRR20752542-nanofilt_rel-abundance.tsv
    jobid: 15
    reason: Missing output files: /media/shared1/alessiam/dadawrap/subseq_nanopore_results_5/results/emu/subsampled0.3_SRR20752542-nanofilt_rel-abundance.tsv; Input files updated by another job: /media/shared1/alessiam/dadawrap/subseq_nanopore_results_5/intermediate/nanofilt/subsampled0.3_SRR20752542-nanofilt.fastq
    wildcards: output_dir=/media/shared1/alessiam/dadawrap/subseq_nanopore_results_5, sample=subsampled0.3_SRR20752542
    threads: 32
    resources: tmpdir=/tmp

[Thu Apr 10 12:34:45 2025]
Finished job 15.
7 of 12 steps (58%) done
Select jobs to execute...

[Thu Apr 10 12:34:45 2025]
rule seqkit_stats_post_qc:
    input: /media/shared1/alessiam/dadawrap/subseq_nanopore_results_5/intermediate/nanofilt/subsampled0.2_carajo-nanofilt.fastq, /media/shared1/alessiam/dadawrap/subseq_nanopore_results_5/intermediate/nanofilt/subsampled0.3_SRR20752542-nanofilt.fastq
    output: /media/shared1/alessiam/dadawrap/subseq_nanopore_results_5/QC/raw_qc_post/readcount/filtered_reads_counts.txt
    jobid: 12
    reason: Missing output files: /media/shared1/alessiam/dadawrap/subseq_nanopore_results_5/QC/raw_qc_post/readcount/filtered_reads_counts.txt; Input files updated by another job: /media/shared1/alessiam/dadawrap/subseq_nanopore_results_5/intermediate/nanofilt/subsampled0.3_SRR20752542-nanofilt.fastq, /media/shared1/alessiam/dadawrap/subseq_nanopore_results_5/intermediate/nanofilt/subsampled0.2_carajo-nanofilt.fastq
    wildcards: output_dir=/media/shared1/alessiam/dadawrap/subseq_nanopore_results_5
    resources: tmpdir=/tmp


[Thu Apr 10 12:34:45 2025]
rule fastqc_post:
    input: /media/shared1/alessiam/dadawrap/subseq_nanopore_results_5/intermediate/nanofilt/subsampled0.3_SRR20752542-nanofilt.fastq
    output: /media/shared1/alessiam/dadawrap/subseq_nanopore_results_5/QC/raw_qc_post/subsampled0.3_SRR20752542-nanofilt_fastqc.html
    jobid: 9
    reason: Missing output files: /media/shared1/alessiam/dadawrap/subseq_nanopore_results_5/QC/raw_qc_post/subsampled0.3_SRR20752542-nanofilt_fastqc.html; Input files updated by another job: /media/shared1/alessiam/dadawrap/subseq_nanopore_results_5/intermediate/nanofilt/subsampled0.3_SRR20752542-nanofilt.fastq
    wildcards: output_dir=/media/shared1/alessiam/dadawrap/subseq_nanopore_results_5, sample=subsampled0.3_SRR20752542
    resources: tmpdir=/tmp

[Thu Apr 10 12:34:46 2025]
Finished job 12.
8 of 12 steps (67%) done
Select jobs to execute...

[Thu Apr 10 12:34:46 2025]
rule reporter:
    input: /media/shared1/alessiam/dadawrap/subseq_nanopore_results_5/QC/raw_qc_initial/readcount/raw_reads_counts.txt, /media/shared1/alessiam/dadawrap/subseq_nanopore_results_5/QC/raw_qc_post/readcount/filtered_reads_counts.txt, /media/shared1/alessiam/dadawrap/subseq_nanopore_results_5/results/emu/subsampled0.2_carajo-nanofilt_rel-abundance.tsv, /media/shared1/alessiam/dadawrap/subseq_nanopore_results_5/results/emu/subsampled0.3_SRR20752542-nanofilt_rel-abundance.tsv
    output: /media/shared1/alessiam/dadawrap/subseq_nanopore_results_5/results/final_report.txt
    jobid: 16
    reason: Missing output files: /media/shared1/alessiam/dadawrap/subseq_nanopore_results_5/results/final_report.txt; Input files updated by another job: /media/shared1/alessiam/dadawrap/subseq_nanopore_results_5/results/emu/subsampled0.2_carajo-nanofilt_rel-abundance.tsv, /media/shared1/alessiam/dadawrap/subseq_nanopore_results_5/results/emu/subsampled0.3_SRR20752542-nanofilt_rel-abundance.tsv, /media/shared1/alessiam/dadawrap/subseq_nanopore_results_5/QC/raw_qc_post/readcount/filtered_reads_counts.txt
    resources: tmpdir=/tmp

[Thu Apr 10 12:34:48 2025]
Finished job 16.
9 of 12 steps (75%) done
[Thu Apr 10 12:34:51 2025]
Finished job 9.
10 of 12 steps (83%) done
Select jobs to execute...

[Thu Apr 10 12:34:51 2025]
rule multiqc_post:
    input: /media/shared1/alessiam/dadawrap/subseq_nanopore_results_5/QC/raw_qc_post/subsampled0.2_carajo-nanofilt_fastqc.html, /media/shared1/alessiam/dadawrap/subseq_nanopore_results_5/QC/raw_qc_post/subsampled0.3_SRR20752542-nanofilt_fastqc.html
    output: /media/shared1/alessiam/dadawrap/subseq_nanopore_results_5/QC/raw_qc_post/multiqc_report.html
    jobid: 11
    reason: Missing output files: /media/shared1/alessiam/dadawrap/subseq_nanopore_results_5/QC/raw_qc_post/multiqc_report.html; Input files updated by another job: /media/shared1/alessiam/dadawrap/subseq_nanopore_results_5/QC/raw_qc_post/subsampled0.3_SRR20752542-nanofilt_fastqc.html, /media/shared1/alessiam/dadawrap/subseq_nanopore_results_5/QC/raw_qc_post/subsampled0.2_carajo-nanofilt_fastqc.html
    wildcards: output_dir=/media/shared1/alessiam/dadawrap/subseq_nanopore_results_5
    resources: tmpdir=/tmp

[Thu Apr 10 12:34:57 2025]
Finished job 11.
11 of 12 steps (92%) done
Select jobs to execute...

[Thu Apr 10 12:34:57 2025]
localrule all:
    input: /media/shared1/alessiam/dadawrap/subseq_nanopore_results_5/QC/raw_qc_initial/subsampled0.2_carajo_fastqc.html, /media/shared1/alessiam/dadawrap/subseq_nanopore_results_5/QC/raw_qc_initial/subsampled0.3_SRR20752542_fastqc.html, /media/shared1/alessiam/dadawrap/subseq_nanopore_results_5/QC/raw_qc_initial/readcount/raw_reads_counts.txt, /media/shared1/alessiam/dadawrap/subseq_nanopore_results_5/QC/raw_qc_initial/multiqc_report.html, /media/shared1/alessiam/dadawrap/subseq_nanopore_results_5/intermediate/porechop/subsampled0.2_carajo-porechop.fastq.gz, /media/shared1/alessiam/dadawrap/subseq_nanopore_results_5/intermediate/porechop/subsampled0.3_SRR20752542-porechop.fastq.gz, /media/shared1/alessiam/dadawrap/subseq_nanopore_results_5/QC/raw_qc_post/subsampled0.2_carajo-nanofilt_fastqc.html, /media/shared1/alessiam/dadawrap/subseq_nanopore_results_5/QC/raw_qc_post/subsampled0.3_SRR20752542-nanofilt_fastqc.html, /media/shared1/alessiam/dadawrap/subseq_nanopore_results_5/QC/raw_qc_post/multiqc_report.html, /media/shared1/alessiam/dadawrap/subseq_nanopore_results_5/QC/raw_qc_post/readcount/filtered_reads_counts.txt, db_s/emu/emu, db_s/emu/emu/taxonomy.tsv, db_s/emu/emu/species_taxid.fasta, /media/shared1/alessiam/dadawrap/subseq_nanopore_results_5/results/emu/subsampled0.2_carajo-nanofilt_rel-abundance.tsv, /media/shared1/alessiam/dadawrap/subseq_nanopore_results_5/results/emu/subsampled0.3_SRR20752542-nanofilt_rel-abundance.tsv, /media/shared1/alessiam/dadawrap/subseq_nanopore_results_5/results/final_report.txt
    jobid: 0
    reason: Input files updated by another job: /media/shared1/alessiam/dadawrap/subseq_nanopore_results_5/intermediate/porechop/subsampled0.3_SRR20752542-porechop.fastq.gz, /media/shared1/alessiam/dadawrap/subseq_nanopore_results_5/results/emu/subsampled0.3_SRR20752542-nanofilt_rel-abundance.tsv, /media/shared1/alessiam/dadawrap/subseq_nanopore_results_5/results/emu/subsampled0.2_carajo-nanofilt_rel-abundance.tsv, /media/shared1/alessiam/dadawrap/subseq_nanopore_results_5/QC/raw_qc_post/subsampled0.3_SRR20752542-nanofilt_fastqc.html, /media/shared1/alessiam/dadawrap/subseq_nanopore_results_5/QC/raw_qc_post/multiqc_report.html, /media/shared1/alessiam/dadawrap/subseq_nanopore_results_5/QC/raw_qc_post/subsampled0.2_carajo-nanofilt_fastqc.html, /media/shared1/alessiam/dadawrap/subseq_nanopore_results_5/QC/raw_qc_post/readcount/filtered_reads_counts.txt, /media/shared1/alessiam/dadawrap/subseq_nanopore_results_5/results/final_report.txt, /media/shared1/alessiam/dadawrap/subseq_nanopore_results_5/intermediate/porechop/subsampled0.2_carajo-porechop.fastq.gz
    resources: tmpdir=/tmp

[Thu Apr 10 12:34:57 2025]
Finished job 0.
12 of 12 steps (100%) done
Complete log: .snakemake/log/2025-04-10T122215.008095.snakemake.log
