Building DAG of jobs...
Using shell: /usr/bin/bash
Provided cores: 32
Rules claiming more threads will be scaled down.
Job stats:
job                      count
---------------------  -------
all                          1
combine_cutadapt_logs        1
cutadapt_primers             1
emu_abundance                1
fastqc_initial               1
fastqc_post                  1
multiqc_initial              1
multiqc_post                 1
nanofilt                     1
porechop                     1
seqkit_stats_post_qc         1
seqkit_stats_pre_qc          1
total                       12

Select jobs to execute...

[Tue Apr  8 16:47:51 2025]
rule porechop:
    input: /media/shared1/alessiam/dadawrap/subseq_nanopore/subsampled0.3_SRR20752542.fastq
    output: /media/shared1/alessiam/dadawrap/subseq_nanopore_results/intermediate/porechop/subsampled0.3_SRR20752542-porechop.fastq.gz
    jobid: 4
    reason: Missing output files: /media/shared1/alessiam/dadawrap/subseq_nanopore_results/intermediate/porechop/subsampled0.3_SRR20752542-porechop.fastq.gz
    wildcards: output_dir=/media/shared1/alessiam/dadawrap/subseq_nanopore_results, sample=subsampled0.3_SRR20752542
    resources: tmpdir=/tmp

RuleException in rule porechop in file /media/shared1/alessiam/dadawrap/ampwrap/ampwrap/snakefile.long, line 117:
NameError: The name " 'porechop_abi -abi' if trimming_method == 'porechop_abi' else 'porechop' " is unknown in this context. Please make sure that you defined that variable. Also note that braces not used for variable access have to be escaped by repeating them, i.e. {{print $1}}, when formatting the following:

                 mkdir -p {output_dir}/intermediate/porechop
                # {trimming_method} -i {{input}} -o {{output.fq}}
                 { 'porechop_abi -abi' if trimming_method == 'porechop_abi' else 'porechop' } -i {input} -o {output.fq}
        
