Building DAG of jobs...
Using shell: /usr/bin/bash
Provided cores: 32
Rules claiming more threads will be scaled down.
Job stats:
job                      count
---------------------  -------
all                          1
combine_cutadapt_logs        1
cutadapt                     2
fastqc_post_cutadapt         4
multiqc_final                1
reporter                     1
total                       10

Select jobs to execute...
Failed to solve scheduling problem with ILP solver. Falling back to greedy solver. Run Snakemake with --verbose to see the full solver output for debugging the problem.

[Fri Mar 21 12:53:57 2025]
rule cutadapt:
    input: /media/shared1/alessiam/dadawrap/datiseq/Lyb1_11_L001_R1_001.fastq.gz, /media/shared1/alessiam/dadawrap/datiseq/Lyb1_11_L001_R2_001.fastq.gz
    output: /media/shared1/alessiam/dadawrap/datiseq_out/intermediate/cutadapt/Lyb1_trimmed_R1.fq.gz, /media/shared1/alessiam/dadawrap/datiseq_out/intermediate/cutadapt/Lyb1_trimmed_R2.fq.gz
    log: /media/shared1/alessiam/dadawrap/datiseq_out/intermediate/cutadapt/Lyb1_cutadapt.log
    jobid: 10
    reason: Missing output files: /media/shared1/alessiam/dadawrap/datiseq_out/intermediate/cutadapt/Lyb1_cutadapt.log, /media/shared1/alessiam/dadawrap/datiseq_out/intermediate/cutadapt/Lyb1_trimmed_R2.fq.gz, /media/shared1/alessiam/dadawrap/datiseq_out/intermediate/cutadapt/Lyb1_trimmed_R1.fq.gz
    wildcards: output_dir=/media/shared1/alessiam/dadawrap/datiseq_out, sample=Lyb1
    resources: tmpdir=/tmp


[Fri Mar 21 12:53:57 2025]
rule cutadapt:
    input: /media/shared1/alessiam/dadawrap/datiseq/Lyb2_11_L001_R2_001.fastq.gz, /media/shared1/alessiam/dadawrap/datiseq/Lyb2_11_L001_R1_001.fastq.gz
    output: /media/shared1/alessiam/dadawrap/datiseq_out/intermediate/cutadapt/Lyb2_trimmed_R1.fq.gz, /media/shared1/alessiam/dadawrap/datiseq_out/intermediate/cutadapt/Lyb2_trimmed_R2.fq.gz
    log: /media/shared1/alessiam/dadawrap/datiseq_out/intermediate/cutadapt/Lyb2_cutadapt.log
    jobid: 11
    reason: Missing output files: /media/shared1/alessiam/dadawrap/datiseq_out/intermediate/cutadapt/Lyb2_cutadapt.log, /media/shared1/alessiam/dadawrap/datiseq_out/intermediate/cutadapt/Lyb2_trimmed_R1.fq.gz, /media/shared1/alessiam/dadawrap/datiseq_out/intermediate/cutadapt/Lyb2_trimmed_R2.fq.gz
    wildcards: output_dir=/media/shared1/alessiam/dadawrap/datiseq_out, sample=Lyb2
    resources: tmpdir=/tmp

[Fri Mar 21 12:53:59 2025]
Finished job 11.
1 of 10 steps (10%) done
Select jobs to execute...
Failed to solve scheduling problem with ILP solver. Falling back to greedy solver. Run Snakemake with --verbose to see the full solver output for debugging the problem.

[Fri Mar 21 12:54:00 2025]
rule fastqc_post_cutadapt:
    input: /media/shared1/alessiam/dadawrap/datiseq_out/intermediate/cutadapt/Lyb2_trimmed_R1.fq.gz
    output: /media/shared1/alessiam/dadawrap/datiseq_out/QC/raw_qc_post_cutadapt/Lyb2_trimmed_R1_fastqc.html
    jobid: 14
    reason: Input files updated by another job: /media/shared1/alessiam/dadawrap/datiseq_out/intermediate/cutadapt/Lyb2_trimmed_R1.fq.gz
    wildcards: output_dir=/media/shared1/alessiam/dadawrap/datiseq_out, sample=Lyb2, index=1
    threads: 15
    resources: tmpdir=/tmp


[Fri Mar 21 12:54:00 2025]
rule fastqc_post_cutadapt:
    input: /media/shared1/alessiam/dadawrap/datiseq_out/intermediate/cutadapt/Lyb2_trimmed_R2.fq.gz
    output: /media/shared1/alessiam/dadawrap/datiseq_out/QC/raw_qc_post_cutadapt/Lyb2_trimmed_R2_fastqc.html
    jobid: 15
    reason: Input files updated by another job: /media/shared1/alessiam/dadawrap/datiseq_out/intermediate/cutadapt/Lyb2_trimmed_R2.fq.gz
    wildcards: output_dir=/media/shared1/alessiam/dadawrap/datiseq_out, sample=Lyb2, index=2
    threads: 15
    resources: tmpdir=/tmp

[Fri Mar 21 12:54:00 2025]
Finished job 10.
2 of 10 steps (20%) done
Select jobs to execute...
Failed to solve scheduling problem with ILP solver. Falling back to greedy solver. Run Snakemake with --verbose to see the full solver output for debugging the problem.

[Fri Mar 21 12:54:01 2025]
rule combine_cutadapt_logs:
    input: /media/shared1/alessiam/dadawrap/datiseq_out/intermediate/cutadapt/Lyb1_cutadapt.log, /media/shared1/alessiam/dadawrap/datiseq_out/intermediate/cutadapt/Lyb2_cutadapt.log
    output: /media/shared1/alessiam/dadawrap/datiseq_out/intermediate/cutadapt/cutadapt_primer_trimming_stats.txt
    log: /media/shared1/alessiam/dadawrap/datiseq_out/intermediate/cutadapt/combined_cutadapt.log
    jobid: 18
    reason: Missing output files: /media/shared1/alessiam/dadawrap/datiseq_out/intermediate/cutadapt/combined_cutadapt.log, /media/shared1/alessiam/dadawrap/datiseq_out/intermediate/cutadapt/cutadapt_primer_trimming_stats.txt; Input files updated by another job: /media/shared1/alessiam/dadawrap/datiseq_out/intermediate/cutadapt/Lyb1_cutadapt.log, /media/shared1/alessiam/dadawrap/datiseq_out/intermediate/cutadapt/Lyb2_cutadapt.log
    resources: tmpdir=/tmp

[Fri Mar 21 12:54:01 2025]
Error in rule combine_cutadapt_logs:
    jobid: 18
    input: /media/shared1/alessiam/dadawrap/datiseq_out/intermediate/cutadapt/Lyb1_cutadapt.log, /media/shared1/alessiam/dadawrap/datiseq_out/intermediate/cutadapt/Lyb2_cutadapt.log
    output: /media/shared1/alessiam/dadawrap/datiseq_out/intermediate/cutadapt/cutadapt_primer_trimming_stats.txt
    log: /media/shared1/alessiam/dadawrap/datiseq_out/intermediate/cutadapt/combined_cutadapt.log (check log file(s) for error details)
    shell:
        
        cat /media/shared1/alessiam/dadawrap/datiseq_out/intermediate/cutadapt/Lyb1_cutadapt.log /media/shared1/alessiam/dadawrap/datiseq_out/intermediate/cutadapt/Lyb2_cutadapt.log > /media/shared1/alessiam/dadawrap/datiseq_out/intermediate/cutadapt/cutadapt_primer_trimming_stats.txt
        echo -e "sample	reads retained	bps retained" > /media/shared1/alessiam/dadawrap/datiseq_out/intermediate/cutadapt/combined_cutadapt.log
        paste <(echo Lyb1 Lyb2 | tr " " "
") <(grep "passing" /media/shared1/alessiam/dadawrap/datiseq_out/intermediate/cutadapt/cutadapt_primer_trimming_stats.txt | cut -f3 -d "(" | tr -d ")") <(grep "filtered" /media/shared1/alessiam/dadawrap/datiseq_out/intermediate/cutadapt/cutadapt_primer_trimming_stats.txt | cut -f3 -d "(" | tr -d ")") >> /media/shared1/alessiam/dadawrap/datiseq_out/intermediate/cutadapt/combined_cutadapt.log
        cat /media/shared1/alessiam/dadawrap/datiseq_out/intermediate/cutadapt/combined_cutadapt.log
        mv /media/shared1/alessiam/dadawrap/datiseq_out/intermediate/cutadapt/Lyb1_cutadapt.log /media/shared1/alessiam/dadawrap/datiseq_out/intermediate/cutadapt/Lyb2_cutadapt.log f"/media/shared1/alessiam/dadawrap/datiseq_out/QC/raw_qc_post_cutadapt/"
         
        (one of the commands exited with non-zero exit code; note that snakemake uses bash strict mode!)

Removing output files of failed job combine_cutadapt_logs since they might be corrupted:
/media/shared1/alessiam/dadawrap/datiseq_out/intermediate/cutadapt/cutadapt_primer_trimming_stats.txt
[Fri Mar 21 12:54:02 2025]
Finished job 14.
3 of 10 steps (30%) done
[Fri Mar 21 12:54:02 2025]
Finished job 15.
4 of 10 steps (40%) done
Shutting down, this might take some time.
Exiting because a job execution failed. Look above for error message
Complete log: .snakemake/log/2025-03-21T125356.030338.snakemake.log
