Building DAG of jobs...
Using shell: /usr/bin/bash
Provided cores: 32
Rules claiming more threads will be scaled down.
Job stats:
job                      count
---------------------  -------
all                          1
combine_cutadapt_logs        1
cutadapt_primers             2
emu_abundance                2
fastqc_post                  2
multiqc_post                 1
nanofilt                     2
reporter                     1
seqkit_stats_post_qc         1
total                       13

Select jobs to execute...

[Thu Apr 10 12:44:13 2025]
rule cutadapt_primers:
    input: /media/shared1/alessiam/dadawrap/subseq_nanopore_results_5/intermediate/porechop/subsampled0.2_carajo-porechop.fastq.gz
    output: /media/shared1/alessiam/dadawrap/subseq_nanopore_results_5/intermediate/cutadapt/subsampled0.2_carajo_cutadapt.fq.gz
    log: /media/shared1/alessiam/dadawrap/subseq_nanopore_results_5/intermediate/cutadapt/subsampled0.2_carajo_cutadapt.log
    jobid: 7
    reason: Missing output files: /media/shared1/alessiam/dadawrap/subseq_nanopore_results_5/intermediate/cutadapt/subsampled0.2_carajo_cutadapt.fq.gz, /media/shared1/alessiam/dadawrap/subseq_nanopore_results_5/intermediate/cutadapt/subsampled0.2_carajo_cutadapt.log
    wildcards: output_dir=/media/shared1/alessiam/dadawrap/subseq_nanopore_results_5, sample=subsampled0.2_carajo
    resources: tmpdir=/tmp


[Thu Apr 10 12:44:13 2025]
rule cutadapt_primers:
    input: /media/shared1/alessiam/dadawrap/subseq_nanopore_results_5/intermediate/porechop/subsampled0.3_SRR20752542-porechop.fastq.gz
    output: /media/shared1/alessiam/dadawrap/subseq_nanopore_results_5/intermediate/cutadapt/subsampled0.3_SRR20752542_cutadapt.fq.gz
    log: /media/shared1/alessiam/dadawrap/subseq_nanopore_results_5/intermediate/cutadapt/subsampled0.3_SRR20752542_cutadapt.log
    jobid: 8
    reason: Missing output files: /media/shared1/alessiam/dadawrap/subseq_nanopore_results_5/intermediate/cutadapt/subsampled0.3_SRR20752542_cutadapt.log, /media/shared1/alessiam/dadawrap/subseq_nanopore_results_5/intermediate/cutadapt/subsampled0.3_SRR20752542_cutadapt.fq.gz
    wildcards: output_dir=/media/shared1/alessiam/dadawrap/subseq_nanopore_results_5, sample=subsampled0.3_SRR20752542
    resources: tmpdir=/tmp

[Thu Apr 10 12:44:19 2025]
Finished job 7.
1 of 13 steps (8%) done
Select jobs to execute...

[Thu Apr 10 12:44:19 2025]
rule nanofilt:
    input: /media/shared1/alessiam/dadawrap/subseq_nanopore_results_5/intermediate/cutadapt/subsampled0.2_carajo_cutadapt.fq.gz
    output: /media/shared1/alessiam/dadawrap/subseq_nanopore_results_5/intermediate/nanofilt/subsampled0.2_carajo-nanofilt.fastq
    jobid: 11
    reason: Input files updated by another job: /media/shared1/alessiam/dadawrap/subseq_nanopore_results_5/intermediate/cutadapt/subsampled0.2_carajo_cutadapt.fq.gz; Set of input files has changed since last execution
    wildcards: output_dir=/media/shared1/alessiam/dadawrap/subseq_nanopore_results_5, sample=subsampled0.2_carajo
    resources: tmpdir=/tmp

[Thu Apr 10 12:44:20 2025]
Finished job 8.
2 of 13 steps (15%) done
Select jobs to execute...

[Thu Apr 10 12:44:21 2025]
rule nanofilt:
    input: /media/shared1/alessiam/dadawrap/subseq_nanopore_results_5/intermediate/cutadapt/subsampled0.3_SRR20752542_cutadapt.fq.gz
    output: /media/shared1/alessiam/dadawrap/subseq_nanopore_results_5/intermediate/nanofilt/subsampled0.3_SRR20752542-nanofilt.fastq
    jobid: 13
    reason: Input files updated by another job: /media/shared1/alessiam/dadawrap/subseq_nanopore_results_5/intermediate/cutadapt/subsampled0.3_SRR20752542_cutadapt.fq.gz; Set of input files has changed since last execution
    wildcards: output_dir=/media/shared1/alessiam/dadawrap/subseq_nanopore_results_5, sample=subsampled0.3_SRR20752542
    resources: tmpdir=/tmp


[Thu Apr 10 12:44:21 2025]
rule combine_cutadapt_logs:
    input: /media/shared1/alessiam/dadawrap/subseq_nanopore_results_5/intermediate/cutadapt/subsampled0.2_carajo_cutadapt.log, /media/shared1/alessiam/dadawrap/subseq_nanopore_results_5/intermediate/cutadapt/subsampled0.3_SRR20752542_cutadapt.log
    output: /media/shared1/alessiam/dadawrap/subseq_nanopore_results_5/intermediate/cutadapt/cutadapt_primer_trimming_stats.txt
    log: /media/shared1/alessiam/dadawrap/subseq_nanopore_results_5/intermediate/cutadapt/combined_cutadapt.log
    jobid: 9
    reason: Missing output files: /media/shared1/alessiam/dadawrap/subseq_nanopore_results_5/intermediate/cutadapt/cutadapt_primer_trimming_stats.txt, /media/shared1/alessiam/dadawrap/subseq_nanopore_results_5/intermediate/cutadapt/combined_cutadapt.log; Input files updated by another job: /media/shared1/alessiam/dadawrap/subseq_nanopore_results_5/intermediate/cutadapt/subsampled0.2_carajo_cutadapt.log, /media/shared1/alessiam/dadawrap/subseq_nanopore_results_5/intermediate/cutadapt/subsampled0.3_SRR20752542_cutadapt.log
    resources: tmpdir=/tmp

[Thu Apr 10 12:44:21 2025]
Finished job 9.
3 of 13 steps (23%) done
[Thu Apr 10 12:44:22 2025]
Finished job 11.
4 of 13 steps (31%) done
Select jobs to execute...

[Thu Apr 10 12:44:22 2025]
rule fastqc_post:
    input: /media/shared1/alessiam/dadawrap/subseq_nanopore_results_5/intermediate/nanofilt/subsampled0.2_carajo-nanofilt.fastq
    output: /media/shared1/alessiam/dadawrap/subseq_nanopore_results_5/QC/raw_qc_post/subsampled0.2_carajo-nanofilt_fastqc.html
    jobid: 10
    reason: Input files updated by another job: /media/shared1/alessiam/dadawrap/subseq_nanopore_results_5/intermediate/nanofilt/subsampled0.2_carajo-nanofilt.fastq
    wildcards: output_dir=/media/shared1/alessiam/dadawrap/subseq_nanopore_results_5, sample=subsampled0.2_carajo
    resources: tmpdir=/tmp

[Thu Apr 10 12:44:24 2025]
Finished job 13.
5 of 13 steps (38%) done
Select jobs to execute...

[Thu Apr 10 12:44:24 2025]
rule fastqc_post:
    input: /media/shared1/alessiam/dadawrap/subseq_nanopore_results_5/intermediate/nanofilt/subsampled0.3_SRR20752542-nanofilt.fastq
    output: /media/shared1/alessiam/dadawrap/subseq_nanopore_results_5/QC/raw_qc_post/subsampled0.3_SRR20752542-nanofilt_fastqc.html
    jobid: 12
    reason: Input files updated by another job: /media/shared1/alessiam/dadawrap/subseq_nanopore_results_5/intermediate/nanofilt/subsampled0.3_SRR20752542-nanofilt.fastq
    wildcards: output_dir=/media/shared1/alessiam/dadawrap/subseq_nanopore_results_5, sample=subsampled0.3_SRR20752542
    resources: tmpdir=/tmp


[Thu Apr 10 12:44:24 2025]
rule seqkit_stats_post_qc:
    input: /media/shared1/alessiam/dadawrap/subseq_nanopore_results_5/intermediate/nanofilt/subsampled0.2_carajo-nanofilt.fastq, /media/shared1/alessiam/dadawrap/subseq_nanopore_results_5/intermediate/nanofilt/subsampled0.3_SRR20752542-nanofilt.fastq
    output: /media/shared1/alessiam/dadawrap/subseq_nanopore_results_5/QC/raw_qc_post/readcount/filtered_reads_counts.txt
    jobid: 15
    reason: Input files updated by another job: /media/shared1/alessiam/dadawrap/subseq_nanopore_results_5/intermediate/nanofilt/subsampled0.2_carajo-nanofilt.fastq, /media/shared1/alessiam/dadawrap/subseq_nanopore_results_5/intermediate/nanofilt/subsampled0.3_SRR20752542-nanofilt.fastq
    wildcards: output_dir=/media/shared1/alessiam/dadawrap/subseq_nanopore_results_5
    resources: tmpdir=/tmp

[Thu Apr 10 12:44:24 2025]
Finished job 15.
6 of 13 steps (46%) done
Select jobs to execute...
[Thu Apr 10 12:44:25 2025]
Finished job 10.
7 of 13 steps (54%) done
[Thu Apr 10 12:44:28 2025]
Finished job 12.
8 of 13 steps (62%) done

[Thu Apr 10 12:44:28 2025]
rule emu_abundance:
    input: /media/shared1/alessiam/dadawrap/subseq_nanopore_results_5/intermediate/nanofilt/subsampled0.3_SRR20752542-nanofilt.fastq, db_s/emu/emu
    output: /media/shared1/alessiam/dadawrap/subseq_nanopore_results_5/results/emu/subsampled0.3_SRR20752542-nanofilt_rel-abundance.tsv
    jobid: 18
    reason: Input files updated by another job: /media/shared1/alessiam/dadawrap/subseq_nanopore_results_5/intermediate/nanofilt/subsampled0.3_SRR20752542-nanofilt.fastq
    wildcards: output_dir=/media/shared1/alessiam/dadawrap/subseq_nanopore_results_5, sample=subsampled0.3_SRR20752542
    threads: 32
    resources: tmpdir=/tmp

[Thu Apr 10 12:50:41 2025]
Finished job 18.
9 of 13 steps (69%) done
Select jobs to execute...

[Thu Apr 10 12:50:41 2025]
rule emu_abundance:
    input: /media/shared1/alessiam/dadawrap/subseq_nanopore_results_5/intermediate/nanofilt/subsampled0.2_carajo-nanofilt.fastq, db_s/emu/emu
    output: /media/shared1/alessiam/dadawrap/subseq_nanopore_results_5/results/emu/subsampled0.2_carajo-nanofilt_rel-abundance.tsv
    jobid: 17
    reason: Input files updated by another job: /media/shared1/alessiam/dadawrap/subseq_nanopore_results_5/intermediate/nanofilt/subsampled0.2_carajo-nanofilt.fastq
    wildcards: output_dir=/media/shared1/alessiam/dadawrap/subseq_nanopore_results_5, sample=subsampled0.2_carajo
    threads: 32
    resources: tmpdir=/tmp

[Thu Apr 10 12:54:54 2025]
Finished job 17.
10 of 13 steps (77%) done
Select jobs to execute...

[Thu Apr 10 12:54:54 2025]
rule reporter:
    input: /media/shared1/alessiam/dadawrap/subseq_nanopore_results_5/QC/raw_qc_initial/readcount/raw_reads_counts.txt, /media/shared1/alessiam/dadawrap/subseq_nanopore_results_5/QC/raw_qc_post/readcount/filtered_reads_counts.txt, /media/shared1/alessiam/dadawrap/subseq_nanopore_results_5/results/emu/subsampled0.2_carajo-nanofilt_rel-abundance.tsv, /media/shared1/alessiam/dadawrap/subseq_nanopore_results_5/results/emu/subsampled0.3_SRR20752542-nanofilt_rel-abundance.tsv, /media/shared1/alessiam/dadawrap/subseq_nanopore_results_5/intermediate/cutadapt/combined_cutadapt.log
    output: /media/shared1/alessiam/dadawrap/subseq_nanopore_results_5/results/final_report.txt
    jobid: 19
    reason: Missing output files: /media/shared1/alessiam/dadawrap/subseq_nanopore_results_5/results/final_report.txt; Input files updated by another job: /media/shared1/alessiam/dadawrap/subseq_nanopore_results_5/intermediate/cutadapt/combined_cutadapt.log, /media/shared1/alessiam/dadawrap/subseq_nanopore_results_5/results/emu/subsampled0.2_carajo-nanofilt_rel-abundance.tsv, /media/shared1/alessiam/dadawrap/subseq_nanopore_results_5/results/emu/subsampled0.3_SRR20752542-nanofilt_rel-abundance.tsv, /media/shared1/alessiam/dadawrap/subseq_nanopore_results_5/QC/raw_qc_post/readcount/filtered_reads_counts.txt
    resources: tmpdir=/tmp

[Thu Apr 10 12:54:54 2025]
rule multiqc_post:
    input: /media/shared1/alessiam/dadawrap/subseq_nanopore_results_5/QC/raw_qc_post/subsampled0.2_carajo-nanofilt_fastqc.html, /media/shared1/alessiam/dadawrap/subseq_nanopore_results_5/QC/raw_qc_post/subsampled0.3_SRR20752542-nanofilt_fastqc.html
    output: /media/shared1/alessiam/dadawrap/subseq_nanopore_results_5/QC/raw_qc_post/multiqc_report.html
    jobid: 14
    reason: Input files updated by another job: /media/shared1/alessiam/dadawrap/subseq_nanopore_results_5/QC/raw_qc_post/subsampled0.2_carajo-nanofilt_fastqc.html, /media/shared1/alessiam/dadawrap/subseq_nanopore_results_5/QC/raw_qc_post/subsampled0.3_SRR20752542-nanofilt_fastqc.html
    wildcards: output_dir=/media/shared1/alessiam/dadawrap/subseq_nanopore_results_5
    resources: tmpdir=/tmp

[Thu Apr 10 12:54:54 2025]
Finished job 19.
11 of 13 steps (85%) done
Waiting at most 5 seconds for missing files.
MissingOutputException in rule multiqc_post in file /media/shared1/alessiam/dadawrap/ampwrap/ampwrap/snakefile.long, line 195:
Job 14  completed successfully, but some output files are missing. Missing files after 5 seconds. This might be due to filesystem latency. If that is the case, consider to increase the wait time with --latency-wait:
/media/shared1/alessiam/dadawrap/subseq_nanopore_results_5/QC/raw_qc_post/multiqc_report.html
Shutting down, this might take some time.
Exiting because a job execution failed. Look above for error message
Complete log: .snakemake/log/2025-04-10T124413.468394.snakemake.log
