Building DAG of jobs...
Using shell: /usr/bin/bash
Provided cores: 32
Rules claiming more threads will be scaled down.
Job stats:
job              count
-------------  -------
all                  1
emu_abundance        1
emu_compile          1
fastqc_post          1
multiqc_final        1
nanofilt             1
total                6

Select jobs to execute...

[Tue Apr  8 11:36:56 2025]
rule nanofilt:
    input: /media/shared1/alessiam/dadawrap/bench_nano/SRR20752542.fastq
    output: /media/shared1/alessiam/dadawrap/bench_nano_999/intermediate/nanofilt/SRR20752542-nanofilt.fastq
    jobid: 4
    reason: Missing output files: /media/shared1/alessiam/dadawrap/bench_nano_999/intermediate/nanofilt/SRR20752542-nanofilt.fastq
    wildcards: output_dir=/media/shared1/alessiam/dadawrap/bench_nano_999, sample=SRR20752542
    resources: tmpdir=/tmp

Terminating processes on user request, this might take some time.
[Tue Apr  8 11:37:06 2025]
Error in rule nanofilt:
    jobid: 4
    input: /media/shared1/alessiam/dadawrap/bench_nano/SRR20752542.fastq
    output: /media/shared1/alessiam/dadawrap/bench_nano_999/intermediate/nanofilt/SRR20752542-nanofilt.fastq
    shell:
        
        mkdir -p /media/shared1/alessiam/dadawrap/bench_nano_999/intermediate/nanofilt
        cat /media/shared1/alessiam/dadawrap/bench_nano/SRR20752542.fastq | NanoFilt -l 1200 --maxlength 1800 -q 10 > /media/shared1/alessiam/dadawrap/bench_nano_999/intermediate/nanofilt/SRR20752542-nanofilt.fastq
        
        (one of the commands exited with non-zero exit code; note that snakemake uses bash strict mode!)

Complete log: .snakemake/log/2025-04-08T113656.281682.snakemake.log
