Building DAG of jobs...
File path /media/shared1/alessiam/dadawrap/benchmark_results4//figaro_inp/Lyb1_R1.fastq.gz contains double '/'. This is likely unintended. It can also lead to inconsistent results of the file-matching approach used by Snakemake.
File path /media/shared1/alessiam/dadawrap/benchmark_results4//figaro_inp/Lyb1_R2.fastq.gz contains double '/'. This is likely unintended. It can also lead to inconsistent results of the file-matching approach used by Snakemake.
File path /media/shared1/alessiam/dadawrap/benchmark_results4//figaro_inp/Lyb2_R1.fastq.gz contains double '/'. This is likely unintended. It can also lead to inconsistent results of the file-matching approach used by Snakemake.
File path /media/shared1/alessiam/dadawrap/benchmark_results4//figaro_inp/Lyb2_R2.fastq.gz contains double '/'. This is likely unintended. It can also lead to inconsistent results of the file-matching approach used by Snakemake.
File path /media/shared1/alessiam/dadawrap/benchmark_results4//QC/raw_qc_initial/Lyb1_11_L001_R1_001_fastqc.html contains double '/'. This is likely unintended. It can also lead to inconsistent results of the file-matching approach used by Snakemake.
File path /media/shared1/alessiam/dadawrap/benchmark_results4//QC/raw_qc_initial/Lyb2_11_L001_R2_001_fastqc.html contains double '/'. This is likely unintended. It can also lead to inconsistent results of the file-matching approach used by Snakemake.
File path /media/shared1/alessiam/dadawrap/benchmark_results4//QC/raw_qc_initial/Lyb2_11_L001_R1_001_fastqc.html contains double '/'. This is likely unintended. It can also lead to inconsistent results of the file-matching approach used by Snakemake.
File path /media/shared1/alessiam/dadawrap/benchmark_results4//QC/raw_qc_initial/Lyb1_11_L001_R2_001_fastqc.html contains double '/'. This is likely unintended. It can also lead to inconsistent results of the file-matching approach used by Snakemake.
File path /media/shared1/alessiam/dadawrap/benchmark_results4//QC/raw_qc_initial/multiqc_report.html contains double '/'. This is likely unintended. It can also lead to inconsistent results of the file-matching approach used by Snakemake.
File path /media/shared1/alessiam/dadawrap/benchmark_results4//intermediate/cutadapt/Lyb1_trimmed_R1.fq.gz contains double '/'. This is likely unintended. It can also lead to inconsistent results of the file-matching approach used by Snakemake.
File path /media/shared1/alessiam/dadawrap/benchmark_results4//intermediate/cutadapt/Lyb1_trimmed_R2.fq.gz contains double '/'. This is likely unintended. It can also lead to inconsistent results of the file-matching approach used by Snakemake.
File path /media/shared1/alessiam/dadawrap/benchmark_results4//intermediate/cutadapt/Lyb2_trimmed_R1.fq.gz contains double '/'. This is likely unintended. It can also lead to inconsistent results of the file-matching approach used by Snakemake.
File path /media/shared1/alessiam/dadawrap/benchmark_results4//intermediate/cutadapt/Lyb2_trimmed_R2.fq.gz contains double '/'. This is likely unintended. It can also lead to inconsistent results of the file-matching approach used by Snakemake.
File path /media/shared1/alessiam/dadawrap/benchmark_results4//QC/raw_qc_post_cutadapt/Lyb1_trimmed_R1_fastqc.html contains double '/'. This is likely unintended. It can also lead to inconsistent results of the file-matching approach used by Snakemake.
File path /media/shared1/alessiam/dadawrap/benchmark_results4//QC/raw_qc_post_cutadapt/Lyb1_trimmed_R2_fastqc.html contains double '/'. This is likely unintended. It can also lead to inconsistent results of the file-matching approach used by Snakemake.
File path /media/shared1/alessiam/dadawrap/benchmark_results4//QC/raw_qc_post_cutadapt/Lyb2_trimmed_R1_fastqc.html contains double '/'. This is likely unintended. It can also lead to inconsistent results of the file-matching approach used by Snakemake.
File path /media/shared1/alessiam/dadawrap/benchmark_results4//QC/raw_qc_post_cutadapt/Lyb2_trimmed_R2_fastqc.html contains double '/'. This is likely unintended. It can also lead to inconsistent results of the file-matching approach used by Snakemake.
File path /media/shared1/alessiam/dadawrap/benchmark_results4//QC/raw_qc_post_cutadapt/multiqc_report.html contains double '/'. This is likely unintended. It can also lead to inconsistent results of the file-matching approach used by Snakemake.
File path /media/shared1/alessiam/dadawrap/benchmark_results4//intermediate/figaro/trimParameters.json contains double '/'. This is likely unintended. It can also lead to inconsistent results of the file-matching approach used by Snakemake.
File path /media/shared1/alessiam/dadawrap/benchmark_results4//intermediate/cutadapt/cutadapt_primer_trimming_stats.txt contains double '/'. This is likely unintended. It can also lead to inconsistent results of the file-matching approach used by Snakemake.
File path /media/shared1/alessiam/dadawrap/benchmark_results4//intermediate/dada2_filtered/Lyb1_R1_filtered.fq.gz contains double '/'. This is likely unintended. It can also lead to inconsistent results of the file-matching approach used by Snakemake.
File path /media/shared1/alessiam/dadawrap/benchmark_results4//intermediate/dada2_filtered/Lyb1_R2_filtered.fq.gz contains double '/'. This is likely unintended. It can also lead to inconsistent results of the file-matching approach used by Snakemake.
File path /media/shared1/alessiam/dadawrap/benchmark_results4//intermediate/dada2_filtered/Lyb2_R1_filtered.fq.gz contains double '/'. This is likely unintended. It can also lead to inconsistent results of the file-matching approach used by Snakemake.
File path /media/shared1/alessiam/dadawrap/benchmark_results4//intermediate/dada2_filtered/Lyb2_R2_filtered.fq.gz contains double '/'. This is likely unintended. It can also lead to inconsistent results of the file-matching approach used by Snakemake.
File path /media/shared1/alessiam/dadawrap/benchmark_results4//intermediate/dada2_error_learning/err_forward_reads.rds contains double '/'. This is likely unintended. It can also lead to inconsistent results of the file-matching approach used by Snakemake.
File path /media/shared1/alessiam/dadawrap/benchmark_results4//intermediate/dada2_error_learning/err_reverse_reads.rds contains double '/'. This is likely unintended. It can also lead to inconsistent results of the file-matching approach used by Snakemake.
File path /media/shared1/alessiam/dadawrap/benchmark_results4//intermediate/merged_asvs.rds contains double '/'. This is likely unintended. It can also lead to inconsistent results of the file-matching approach used by Snakemake.
File path /media/shared1/alessiam/dadawrap/benchmark_results4//intermediate/no_chimera_asvs.rds contains double '/'. This is likely unintended. It can also lead to inconsistent results of the file-matching approach used by Snakemake.
File path /media/shared1/alessiam/dadawrap/benchmark_results4//results/ASVs.fa contains double '/'. This is likely unintended. It can also lead to inconsistent results of the file-matching approach used by Snakemake.
File path /media/shared1/alessiam/dadawrap/benchmark_results4//results/ASVs_counts.tsv contains double '/'. This is likely unintended. It can also lead to inconsistent results of the file-matching approach used by Snakemake.
File path /media/shared1/alessiam/dadawrap/benchmark_results4//results/ASVs_taxonomy.tsv contains double '/'. This is likely unintended. It can also lead to inconsistent results of the file-matching approach used by Snakemake.
File path /media/shared1/alessiam/dadawrap/benchmark_results4//results/read-count-tracking.tsv contains double '/'. This is likely unintended. It can also lead to inconsistent results of the file-matching approach used by Snakemake.
File path /media/shared1/alessiam/dadawrap/benchmark_results4//results/final_report.txt contains double '/'. This is likely unintended. It can also lead to inconsistent results of the file-matching approach used by Snakemake.
File path /media/shared1/alessiam/dadawrap/benchmark_results4//figaro_inp/Lyb1_R1.fastq.gz contains double '/'. This is likely unintended. It can also lead to inconsistent results of the file-matching approach used by Snakemake.
File path /media/shared1/alessiam/dadawrap/benchmark_results4//figaro_inp/Lyb1_R2.fastq.gz contains double '/'. This is likely unintended. It can also lead to inconsistent results of the file-matching approach used by Snakemake.
File path /media/shared1/alessiam/dadawrap/benchmark_results4//figaro_inp/Lyb2_R1.fastq.gz contains double '/'. This is likely unintended. It can also lead to inconsistent results of the file-matching approach used by Snakemake.
File path /media/shared1/alessiam/dadawrap/benchmark_results4//figaro_inp/Lyb2_R2.fastq.gz contains double '/'. This is likely unintended. It can also lead to inconsistent results of the file-matching approach used by Snakemake.
File path /media/shared1/alessiam/dadawrap/datiseq//Lyb1_11_L001_R1_001.fastq.gz contains double '/'. This is likely unintended. It can also lead to inconsistent results of the file-matching approach used by Snakemake.
File path /media/shared1/alessiam/dadawrap/benchmark_results4//QC/raw_qc_initial/Lyb1_11_L001_R1_001_fastqc.html contains double '/'. This is likely unintended. It can also lead to inconsistent results of the file-matching approach used by Snakemake.
File path /media/shared1/alessiam/dadawrap/datiseq//Lyb2_11_L001_R2_001.fastq.gz contains double '/'. This is likely unintended. It can also lead to inconsistent results of the file-matching approach used by Snakemake.
File path /media/shared1/alessiam/dadawrap/benchmark_results4//QC/raw_qc_initial/Lyb2_11_L001_R2_001_fastqc.html contains double '/'. This is likely unintended. It can also lead to inconsistent results of the file-matching approach used by Snakemake.
File path /media/shared1/alessiam/dadawrap/datiseq//Lyb2_11_L001_R1_001.fastq.gz contains double '/'. This is likely unintended. It can also lead to inconsistent results of the file-matching approach used by Snakemake.
File path /media/shared1/alessiam/dadawrap/benchmark_results4//QC/raw_qc_initial/Lyb2_11_L001_R1_001_fastqc.html contains double '/'. This is likely unintended. It can also lead to inconsistent results of the file-matching approach used by Snakemake.
File path /media/shared1/alessiam/dadawrap/datiseq//Lyb1_11_L001_R2_001.fastq.gz contains double '/'. This is likely unintended. It can also lead to inconsistent results of the file-matching approach used by Snakemake.
File path /media/shared1/alessiam/dadawrap/benchmark_results4//QC/raw_qc_initial/Lyb1_11_L001_R2_001_fastqc.html contains double '/'. This is likely unintended. It can also lead to inconsistent results of the file-matching approach used by Snakemake.
File path /media/shared1/alessiam/dadawrap/benchmark_results4//QC/raw_qc_initial/Lyb1_11_L001_R1_001_fastqc.html contains double '/'. This is likely unintended. It can also lead to inconsistent results of the file-matching approach used by Snakemake.
File path /media/shared1/alessiam/dadawrap/benchmark_results4//QC/raw_qc_initial/Lyb2_11_L001_R2_001_fastqc.html contains double '/'. This is likely unintended. It can also lead to inconsistent results of the file-matching approach used by Snakemake.
File path /media/shared1/alessiam/dadawrap/benchmark_results4//QC/raw_qc_initial/Lyb2_11_L001_R1_001_fastqc.html contains double '/'. This is likely unintended. It can also lead to inconsistent results of the file-matching approach used by Snakemake.
File path /media/shared1/alessiam/dadawrap/benchmark_results4//QC/raw_qc_initial/Lyb1_11_L001_R2_001_fastqc.html contains double '/'. This is likely unintended. It can also lead to inconsistent results of the file-matching approach used by Snakemake.
File path /media/shared1/alessiam/dadawrap/benchmark_results4//QC/raw_qc_initial/multiqc_report.html contains double '/'. This is likely unintended. It can also lead to inconsistent results of the file-matching approach used by Snakemake.
File path /media/shared1/alessiam/dadawrap/benchmark_results4//intermediate/cutadapt/Lyb1_trimmed_R1.fq.gz contains double '/'. This is likely unintended. It can also lead to inconsistent results of the file-matching approach used by Snakemake.
File path /media/shared1/alessiam/dadawrap/benchmark_results4//intermediate/cutadapt/Lyb1_trimmed_R2.fq.gz contains double '/'. This is likely unintended. It can also lead to inconsistent results of the file-matching approach used by Snakemake.
File path /media/shared1/alessiam/dadawrap/benchmark_results4//intermediate/cutadapt/Lyb1_cutadapt.log contains double '/'. This is likely unintended. It can also lead to inconsistent results of the file-matching approach used by Snakemake.
File path /media/shared1/alessiam/dadawrap/benchmark_results4//intermediate/cutadapt/Lyb2_trimmed_R1.fq.gz contains double '/'. This is likely unintended. It can also lead to inconsistent results of the file-matching approach used by Snakemake.
File path /media/shared1/alessiam/dadawrap/benchmark_results4//intermediate/cutadapt/Lyb2_trimmed_R2.fq.gz contains double '/'. This is likely unintended. It can also lead to inconsistent results of the file-matching approach used by Snakemake.
File path /media/shared1/alessiam/dadawrap/benchmark_results4//intermediate/cutadapt/Lyb2_cutadapt.log contains double '/'. This is likely unintended. It can also lead to inconsistent results of the file-matching approach used by Snakemake.
File path /media/shared1/alessiam/dadawrap/benchmark_results4//intermediate/cutadapt/Lyb1_trimmed_R1.fq.gz contains double '/'. This is likely unintended. It can also lead to inconsistent results of the file-matching approach used by Snakemake.
File path /media/shared1/alessiam/dadawrap/benchmark_results4//QC/raw_qc_post_cutadapt/Lyb1_trimmed_R1_fastqc.html contains double '/'. This is likely unintended. It can also lead to inconsistent results of the file-matching approach used by Snakemake.
File path /media/shared1/alessiam/dadawrap/benchmark_results4//intermediate/cutadapt/Lyb1_trimmed_R2.fq.gz contains double '/'. This is likely unintended. It can also lead to inconsistent results of the file-matching approach used by Snakemake.
File path /media/shared1/alessiam/dadawrap/benchmark_results4//QC/raw_qc_post_cutadapt/Lyb1_trimmed_R2_fastqc.html contains double '/'. This is likely unintended. It can also lead to inconsistent results of the file-matching approach used by Snakemake.
File path /media/shared1/alessiam/dadawrap/benchmark_results4//intermediate/cutadapt/Lyb2_trimmed_R1.fq.gz contains double '/'. This is likely unintended. It can also lead to inconsistent results of the file-matching approach used by Snakemake.
File path /media/shared1/alessiam/dadawrap/benchmark_results4//QC/raw_qc_post_cutadapt/Lyb2_trimmed_R1_fastqc.html contains double '/'. This is likely unintended. It can also lead to inconsistent results of the file-matching approach used by Snakemake.
File path /media/shared1/alessiam/dadawrap/benchmark_results4//intermediate/cutadapt/Lyb2_trimmed_R2.fq.gz contains double '/'. This is likely unintended. It can also lead to inconsistent results of the file-matching approach used by Snakemake.
File path /media/shared1/alessiam/dadawrap/benchmark_results4//QC/raw_qc_post_cutadapt/Lyb2_trimmed_R2_fastqc.html contains double '/'. This is likely unintended. It can also lead to inconsistent results of the file-matching approach used by Snakemake.
File path /media/shared1/alessiam/dadawrap/benchmark_results4//QC/raw_qc_post_cutadapt/Lyb1_trimmed_R1_fastqc.html contains double '/'. This is likely unintended. It can also lead to inconsistent results of the file-matching approach used by Snakemake.
File path /media/shared1/alessiam/dadawrap/benchmark_results4//QC/raw_qc_post_cutadapt/Lyb1_trimmed_R2_fastqc.html contains double '/'. This is likely unintended. It can also lead to inconsistent results of the file-matching approach used by Snakemake.
File path /media/shared1/alessiam/dadawrap/benchmark_results4//QC/raw_qc_post_cutadapt/Lyb2_trimmed_R1_fastqc.html contains double '/'. This is likely unintended. It can also lead to inconsistent results of the file-matching approach used by Snakemake.
File path /media/shared1/alessiam/dadawrap/benchmark_results4//QC/raw_qc_post_cutadapt/Lyb2_trimmed_R2_fastqc.html contains double '/'. This is likely unintended. It can also lead to inconsistent results of the file-matching approach used by Snakemake.
File path /media/shared1/alessiam/dadawrap/benchmark_results4//QC/raw_qc_post_cutadapt/multiqc_report.html contains double '/'. This is likely unintended. It can also lead to inconsistent results of the file-matching approach used by Snakemake.
File path /media/shared1/alessiam/dadawrap/benchmark_results4//figaro_inp contains double '/'. This is likely unintended. It can also lead to inconsistent results of the file-matching approach used by Snakemake.
File path /media/shared1/alessiam/dadawrap/benchmark_results4//intermediate/figaro/trimParameters.json contains double '/'. This is likely unintended. It can also lead to inconsistent results of the file-matching approach used by Snakemake.
MissingInputException in rule figaro in file /media/shared1/alessiam/dadawrap/ampwrap/ampwrap/snakefile, line 197:
Missing input files for rule figaro:
    output: /media/shared1/alessiam/dadawrap/benchmark_results4//intermediate/figaro/trimParameters.json
    affected files:
        /media/shared1/alessiam/dadawrap/benchmark_results4//figaro_inp
