Building DAG of jobs...
Using shell: /usr/bin/bash
Provided cores: 32
Rules claiming more threads will be scaled down.
Job stats:
job                      count
---------------------  -------
all                          1
combine_cutadapt_logs        1
cutadapt                     2
dada2_assign_taxonomy        1
dada2_error_learning         1
dada2_filter                 1
dada2_infer_asvs             1
dada2_remove_chimeras        1
download_dada2_db            1
fastqc_initial               4
fastqc_post_cutadapt         4
figaro                       1
input_symlink                4
multiqc_final                1
multiqc_initial              1
reporter                     1
track_reads                  1
total                       27

Select jobs to execute...
Failed to solve scheduling problem with ILP solver. Falling back to greedy solver. Run Snakemake with --verbose to see the full solver output for debugging the problem.

[Fri Mar 21 13:03:46 2025]
rule input_symlink:
    input: /media/shared1/alessiam/dadawrap/datiseq/Lyb2_11_L001_R1_001.fastq.gz
    output: /media/shared1/alessiam/dadawrap/datiseq_out1/figaro_inp/Lyb1_R2.fastq.gz
    jobid: 2
    reason: Missing output files: /media/shared1/alessiam/dadawrap/datiseq_out1/figaro_inp/Lyb1_R2.fastq.gz
    wildcards: sample=Lyb1, index=2.fastq, extension=gz
    resources: tmpdir=/tmp

[Fri Mar 21 13:03:46 2025]
rule download_dada2_db:
    output: db_s/dada2/silva_nr99_v138_train_set.fa.gz
    jobid: 23
    reason: Missing output files: db_s/dada2/silva_nr99_v138_train_set.fa.gz
    resources: tmpdir=/tmp


[Fri Mar 21 13:03:46 2025]
rule cutadapt:
    input: /media/shared1/alessiam/dadawrap/datiseq/Lyb2_11_L001_R2_001.fastq.gz, /media/shared1/alessiam/dadawrap/datiseq/Lyb2_11_L001_R1_001.fastq.gz
    output: /media/shared1/alessiam/dadawrap/datiseq_out1/intermediate/cutadapt/Lyb2_trimmed_R1.fq.gz, /media/shared1/alessiam/dadawrap/datiseq_out1/intermediate/cutadapt/Lyb2_trimmed_R2.fq.gz
    log: /media/shared1/alessiam/dadawrap/datiseq_out1/intermediate/cutadapt/Lyb2_cutadapt.log
    jobid: 11
    reason: Missing output files: /media/shared1/alessiam/dadawrap/datiseq_out1/intermediate/cutadapt/Lyb2_trimmed_R1.fq.gz, /media/shared1/alessiam/dadawrap/datiseq_out1/intermediate/cutadapt/Lyb2_trimmed_R2.fq.gz, /media/shared1/alessiam/dadawrap/datiseq_out1/intermediate/cutadapt/Lyb2_cutadapt.log
    wildcards: output_dir=/media/shared1/alessiam/dadawrap/datiseq_out1, sample=Lyb2
    resources: tmpdir=/tmp


[Fri Mar 21 13:03:46 2025]
rule input_symlink:
    input: /media/shared1/alessiam/dadawrap/datiseq/Lyb2_11_L001_R1_001.fastq.gz
    output: /media/shared1/alessiam/dadawrap/datiseq_out1/figaro_inp/Lyb1_R1.fastq.gz
    jobid: 1
    reason: Missing output files: /media/shared1/alessiam/dadawrap/datiseq_out1/figaro_inp/Lyb1_R1.fastq.gz
    wildcards: sample=Lyb1, index=1.fastq, extension=gz
    resources: tmpdir=/tmp

[Fri Mar 21 13:03:46 2025]
rule input_symlink:
    input: /media/shared1/alessiam/dadawrap/datiseq/Lyb2_11_L001_R1_001.fastq.gz
    output: /media/shared1/alessiam/dadawrap/datiseq_out1/figaro_inp/Lyb2_R1.fastq.gz
    jobid: 3
    reason: Missing output files: /media/shared1/alessiam/dadawrap/datiseq_out1/figaro_inp/Lyb2_R1.fastq.gz
    wildcards: sample=Lyb2, index=1.fastq, extension=gz
    resources: tmpdir=/tmp

[Fri Mar 21 13:03:46 2025]
rule input_symlink:
    input: /media/shared1/alessiam/dadawrap/datiseq/Lyb2_11_L001_R1_001.fastq.gz
    output: /media/shared1/alessiam/dadawrap/datiseq_out1/figaro_inp/Lyb2_R2.fastq.gz
    jobid: 4
    reason: Missing output files: /media/shared1/alessiam/dadawrap/datiseq_out1/figaro_inp/Lyb2_R2.fastq.gz
    wildcards: sample=Lyb2, index=2.fastq, extension=gz
    resources: tmpdir=/tmp

[Fri Mar 21 13:03:46 2025]
rule cutadapt:
    input: /media/shared1/alessiam/dadawrap/datiseq/Lyb1_11_L001_R1_001.fastq.gz, /media/shared1/alessiam/dadawrap/datiseq/Lyb1_11_L001_R2_001.fastq.gz
    output: /media/shared1/alessiam/dadawrap/datiseq_out1/intermediate/cutadapt/Lyb1_trimmed_R1.fq.gz, /media/shared1/alessiam/dadawrap/datiseq_out1/intermediate/cutadapt/Lyb1_trimmed_R2.fq.gz
    log: /media/shared1/alessiam/dadawrap/datiseq_out1/intermediate/cutadapt/Lyb1_cutadapt.log
    jobid: 10
    reason: Missing output files: /media/shared1/alessiam/dadawrap/datiseq_out1/intermediate/cutadapt/Lyb1_trimmed_R1.fq.gz, /media/shared1/alessiam/dadawrap/datiseq_out1/intermediate/cutadapt/Lyb1_trimmed_R2.fq.gz, /media/shared1/alessiam/dadawrap/datiseq_out1/intermediate/cutadapt/Lyb1_cutadapt.log
    wildcards: output_dir=/media/shared1/alessiam/dadawrap/datiseq_out1, sample=Lyb1
    resources: tmpdir=/tmp

[Fri Mar 21 13:03:46 2025]
Finished job 4.
1 of 27 steps (4%) done
[Fri Mar 21 13:03:46 2025]
Finished job 1.
2 of 27 steps (7%) done
Select jobs to execute...
Failed to solve scheduling problem with ILP solver. Falling back to greedy solver. Run Snakemake with --verbose to see the full solver output for debugging the problem.
[Fri Mar 21 13:03:47 2025]
Finished job 2.
3 of 27 steps (11%) done
[Fri Mar 21 13:03:47 2025]
Finished job 3.
4 of 27 steps (15%) done
Failed to solve scheduling problem with ILP solver. Falling back to greedy solver. Run Snakemake with --verbose to see the full solver output for debugging the problem.

[Fri Mar 21 13:03:48 2025]
rule figaro:
    input: /media/shared1/alessiam/dadawrap/datiseq_out1/figaro_inp/Lyb1_R1.fastq.gz, /media/shared1/alessiam/dadawrap/datiseq_out1/figaro_inp/Lyb1_R2.fastq.gz, /media/shared1/alessiam/dadawrap/datiseq_out1/figaro_inp/Lyb2_R1.fastq.gz, /media/shared1/alessiam/dadawrap/datiseq_out1/figaro_inp/Lyb2_R2.fastq.gz
    output: /media/shared1/alessiam/dadawrap/datiseq_out1/intermediate/figaro/trimParameters.json
    jobid: 17
    reason: Missing output files: /media/shared1/alessiam/dadawrap/datiseq_out1/intermediate/figaro/trimParameters.json; Input files updated by another job: /media/shared1/alessiam/dadawrap/datiseq_out1/figaro_inp/Lyb2_R1.fastq.gz, /media/shared1/alessiam/dadawrap/datiseq_out1/figaro_inp/Lyb2_R2.fastq.gz, /media/shared1/alessiam/dadawrap/datiseq_out1/figaro_inp/Lyb1_R1.fastq.gz, /media/shared1/alessiam/dadawrap/datiseq_out1/figaro_inp/Lyb1_R2.fastq.gz
    resources: tmpdir=/tmp

[Fri Mar 21 13:03:48 2025]
Finished job 11.
5 of 27 steps (19%) done
[Fri Mar 21 13:03:48 2025]
Finished job 10.
6 of 27 steps (22%) done
Select jobs to execute...
Failed to solve scheduling problem with ILP solver. Falling back to greedy solver. Run Snakemake with --verbose to see the full solver output for debugging the problem.

[Fri Mar 21 13:03:49 2025]
rule fastqc_post_cutadapt:
    input: /media/shared1/alessiam/dadawrap/datiseq_out1/intermediate/cutadapt/Lyb1_trimmed_R2.fq.gz
    output: /media/shared1/alessiam/dadawrap/datiseq_out1/QC/raw_qc_post_cutadapt/Lyb1_trimmed_R2_fastqc.html
    jobid: 13
    reason: Missing output files: /media/shared1/alessiam/dadawrap/datiseq_out1/QC/raw_qc_post_cutadapt/Lyb1_trimmed_R2_fastqc.html; Input files updated by another job: /media/shared1/alessiam/dadawrap/datiseq_out1/intermediate/cutadapt/Lyb1_trimmed_R2.fq.gz
    wildcards: output_dir=/media/shared1/alessiam/dadawrap/datiseq_out1, sample=Lyb1, index=2
    threads: 15
    resources: tmpdir=/tmp


[Fri Mar 21 13:03:49 2025]
rule fastqc_post_cutadapt:
    input: /media/shared1/alessiam/dadawrap/datiseq_out1/intermediate/cutadapt/Lyb2_trimmed_R2.fq.gz
    output: /media/shared1/alessiam/dadawrap/datiseq_out1/QC/raw_qc_post_cutadapt/Lyb2_trimmed_R2_fastqc.html
    jobid: 15
    reason: Missing output files: /media/shared1/alessiam/dadawrap/datiseq_out1/QC/raw_qc_post_cutadapt/Lyb2_trimmed_R2_fastqc.html; Input files updated by another job: /media/shared1/alessiam/dadawrap/datiseq_out1/intermediate/cutadapt/Lyb2_trimmed_R2.fq.gz
    wildcards: output_dir=/media/shared1/alessiam/dadawrap/datiseq_out1, sample=Lyb2, index=2
    threads: 15
    resources: tmpdir=/tmp

Select jobs to execute...
[Fri Mar 21 13:03:51 2025]
Finished job 15.
7 of 27 steps (26%) done
Failed to solve scheduling problem with ILP solver. Falling back to greedy solver. Run Snakemake with --verbose to see the full solver output for debugging the problem.

[Fri Mar 21 13:03:52 2025]
rule fastqc_post_cutadapt:
    input: /media/shared1/alessiam/dadawrap/datiseq_out1/intermediate/cutadapt/Lyb1_trimmed_R1.fq.gz
    output: /media/shared1/alessiam/dadawrap/datiseq_out1/QC/raw_qc_post_cutadapt/Lyb1_trimmed_R1_fastqc.html
    jobid: 12
    reason: Missing output files: /media/shared1/alessiam/dadawrap/datiseq_out1/QC/raw_qc_post_cutadapt/Lyb1_trimmed_R1_fastqc.html; Input files updated by another job: /media/shared1/alessiam/dadawrap/datiseq_out1/intermediate/cutadapt/Lyb1_trimmed_R1.fq.gz
    wildcards: output_dir=/media/shared1/alessiam/dadawrap/datiseq_out1, sample=Lyb1, index=1
    threads: 15
    resources: tmpdir=/tmp

[Fri Mar 21 13:03:52 2025]
Finished job 13.
8 of 27 steps (30%) done
Select jobs to execute...
Failed to solve scheduling problem with ILP solver. Falling back to greedy solver. Run Snakemake with --verbose to see the full solver output for debugging the problem.

[Fri Mar 21 13:03:54 2025]
rule fastqc_post_cutadapt:
    input: /media/shared1/alessiam/dadawrap/datiseq_out1/intermediate/cutadapt/Lyb2_trimmed_R1.fq.gz
    output: /media/shared1/alessiam/dadawrap/datiseq_out1/QC/raw_qc_post_cutadapt/Lyb2_trimmed_R1_fastqc.html
    jobid: 14
    reason: Missing output files: /media/shared1/alessiam/dadawrap/datiseq_out1/QC/raw_qc_post_cutadapt/Lyb2_trimmed_R1_fastqc.html; Input files updated by another job: /media/shared1/alessiam/dadawrap/datiseq_out1/intermediate/cutadapt/Lyb2_trimmed_R1.fq.gz
    wildcards: output_dir=/media/shared1/alessiam/dadawrap/datiseq_out1, sample=Lyb2, index=1
    threads: 15
    resources: tmpdir=/tmp

[Fri Mar 21 13:03:56 2025]
Finished job 12.
9 of 27 steps (33%) done
Select jobs to execute...
Failed to solve scheduling problem with ILP solver. Falling back to greedy solver. Run Snakemake with --verbose to see the full solver output for debugging the problem.

[Fri Mar 21 13:03:57 2025]
rule combine_cutadapt_logs:
    input: /media/shared1/alessiam/dadawrap/datiseq_out1/intermediate/cutadapt/Lyb1_cutadapt.log, /media/shared1/alessiam/dadawrap/datiseq_out1/intermediate/cutadapt/Lyb2_cutadapt.log
    output: /media/shared1/alessiam/dadawrap/datiseq_out1/intermediate/cutadapt/cutadapt_primer_trimming_stats.txt
    log: /media/shared1/alessiam/dadawrap/datiseq_out1/intermediate/cutadapt/combined_cutadapt.log
    jobid: 18
    reason: Missing output files: /media/shared1/alessiam/dadawrap/datiseq_out1/intermediate/cutadapt/combined_cutadapt.log, /media/shared1/alessiam/dadawrap/datiseq_out1/intermediate/cutadapt/cutadapt_primer_trimming_stats.txt; Input files updated by another job: /media/shared1/alessiam/dadawrap/datiseq_out1/intermediate/cutadapt/Lyb2_cutadapt.log, /media/shared1/alessiam/dadawrap/datiseq_out1/intermediate/cutadapt/Lyb1_cutadapt.log
    resources: tmpdir=/tmp

[Fri Mar 21 13:03:57 2025]
Finished job 14.
10 of 27 steps (37%) done
Select jobs to execute...
Failed to solve scheduling problem with ILP solver. Falling back to greedy solver. Run Snakemake with --verbose to see the full solver output for debugging the problem.
[Fri Mar 21 13:03:58 2025]
Finished job 18.
11 of 27 steps (41%) done
Failed to solve scheduling problem with ILP solver. Falling back to greedy solver. Run Snakemake with --verbose to see the full solver output for debugging the problem.
[Fri Mar 21 13:03:59 2025]
Finished job 23.
12 of 27 steps (44%) done
Failed to solve scheduling problem with ILP solver. Falling back to greedy solver. Run Snakemake with --verbose to see the full solver output for debugging the problem.
[Fri Mar 21 13:04:47 2025]
Finished job 17.
13 of 27 steps (48%) done
Failed to solve scheduling problem with ILP solver. Falling back to greedy solver. Run Snakemake with --verbose to see the full solver output for debugging the problem.

[Fri Mar 21 13:04:48 2025]
rule fastqc_initial:
    input: /media/shared1/alessiam/dadawrap/datiseq/Lyb1_11_L001_R2_001.fastq.gz
    output: /media/shared1/alessiam/dadawrap/datiseq_out1/QC/raw_qc_initial/Lyb1_11_L001_R2_001_fastqc.html
    jobid: 8
    reason: Missing output files: /media/shared1/alessiam/dadawrap/datiseq_out1/QC/raw_qc_initial/Lyb1_11_L001_R2_001_fastqc.html
    wildcards: output_dir=/media/shared1/alessiam/dadawrap/datiseq_out1, file=Lyb1_11_L001_R2_001
    threads: 32
    resources: tmpdir=/tmp

[Fri Mar 21 13:04:52 2025]
Finished job 8.
14 of 27 steps (52%) done
Select jobs to execute...
Failed to solve scheduling problem with ILP solver. Falling back to greedy solver. Run Snakemake with --verbose to see the full solver output for debugging the problem.

[Fri Mar 21 13:04:53 2025]
rule fastqc_initial:
    input: /media/shared1/alessiam/dadawrap/datiseq/Lyb2_11_L001_R2_001.fastq.gz
    output: /media/shared1/alessiam/dadawrap/datiseq_out1/QC/raw_qc_initial/Lyb2_11_L001_R2_001_fastqc.html
    jobid: 6
    reason: Missing output files: /media/shared1/alessiam/dadawrap/datiseq_out1/QC/raw_qc_initial/Lyb2_11_L001_R2_001_fastqc.html
    wildcards: output_dir=/media/shared1/alessiam/dadawrap/datiseq_out1, file=Lyb2_11_L001_R2_001
    threads: 32
    resources: tmpdir=/tmp

[Fri Mar 21 13:04:56 2025]
Finished job 6.
15 of 27 steps (56%) done
Select jobs to execute...
Failed to solve scheduling problem with ILP solver. Falling back to greedy solver. Run Snakemake with --verbose to see the full solver output for debugging the problem.

[Fri Mar 21 13:04:57 2025]
rule fastqc_initial:
    input: /media/shared1/alessiam/dadawrap/datiseq/Lyb1_11_L001_R1_001.fastq.gz
    output: /media/shared1/alessiam/dadawrap/datiseq_out1/QC/raw_qc_initial/Lyb1_11_L001_R1_001_fastqc.html
    jobid: 5
    reason: Missing output files: /media/shared1/alessiam/dadawrap/datiseq_out1/QC/raw_qc_initial/Lyb1_11_L001_R1_001_fastqc.html
    wildcards: output_dir=/media/shared1/alessiam/dadawrap/datiseq_out1, file=Lyb1_11_L001_R1_001
    threads: 32
    resources: tmpdir=/tmp

[Fri Mar 21 13:05:00 2025]
Finished job 5.
16 of 27 steps (59%) done
Select jobs to execute...
Failed to solve scheduling problem with ILP solver. Falling back to greedy solver. Run Snakemake with --verbose to see the full solver output for debugging the problem.

[Fri Mar 21 13:05:01 2025]
rule fastqc_initial:
    input: /media/shared1/alessiam/dadawrap/datiseq/Lyb2_11_L001_R1_001.fastq.gz
    output: /media/shared1/alessiam/dadawrap/datiseq_out1/QC/raw_qc_initial/Lyb2_11_L001_R1_001_fastqc.html
    jobid: 7
    reason: Missing output files: /media/shared1/alessiam/dadawrap/datiseq_out1/QC/raw_qc_initial/Lyb2_11_L001_R1_001_fastqc.html
    wildcards: output_dir=/media/shared1/alessiam/dadawrap/datiseq_out1, file=Lyb2_11_L001_R1_001
    threads: 32
    resources: tmpdir=/tmp

[Fri Mar 21 13:05:03 2025]
Finished job 7.
17 of 27 steps (63%) done
Select jobs to execute...
Failed to solve scheduling problem with ILP solver. Falling back to greedy solver. Run Snakemake with --verbose to see the full solver output for debugging the problem.

[Fri Mar 21 13:05:04 2025]
rule multiqc_initial:
    input: /media/shared1/alessiam/dadawrap/datiseq_out1/QC/raw_qc_initial/Lyb1_11_L001_R1_001_fastqc.html, /media/shared1/alessiam/dadawrap/datiseq_out1/QC/raw_qc_initial/Lyb2_11_L001_R2_001_fastqc.html, /media/shared1/alessiam/dadawrap/datiseq_out1/QC/raw_qc_initial/Lyb2_11_L001_R1_001_fastqc.html, /media/shared1/alessiam/dadawrap/datiseq_out1/QC/raw_qc_initial/Lyb1_11_L001_R2_001_fastqc.html
    output: /media/shared1/alessiam/dadawrap/datiseq_out1/QC/raw_qc_initial/multiqc_report.html
    jobid: 9
    reason: Missing output files: /media/shared1/alessiam/dadawrap/datiseq_out1/QC/raw_qc_initial/multiqc_report.html; Input files updated by another job: /media/shared1/alessiam/dadawrap/datiseq_out1/QC/raw_qc_initial/Lyb2_11_L001_R2_001_fastqc.html, /media/shared1/alessiam/dadawrap/datiseq_out1/QC/raw_qc_initial/Lyb1_11_L001_R2_001_fastqc.html, /media/shared1/alessiam/dadawrap/datiseq_out1/QC/raw_qc_initial/Lyb2_11_L001_R1_001_fastqc.html, /media/shared1/alessiam/dadawrap/datiseq_out1/QC/raw_qc_initial/Lyb1_11_L001_R1_001_fastqc.html
    threads: 32
    resources: tmpdir=/tmp

[Fri Mar 21 13:05:05 2025]
Finished job 9.
18 of 27 steps (67%) done
Select jobs to execute...
Failed to solve scheduling problem with ILP solver. Falling back to greedy solver. Run Snakemake with --verbose to see the full solver output for debugging the problem.

[Fri Mar 21 13:05:06 2025]
rule multiqc_final:
    input: /media/shared1/alessiam/dadawrap/datiseq_out1/QC/raw_qc_post_cutadapt/Lyb1_trimmed_R1_fastqc.html, /media/shared1/alessiam/dadawrap/datiseq_out1/QC/raw_qc_post_cutadapt/Lyb1_trimmed_R2_fastqc.html, /media/shared1/alessiam/dadawrap/datiseq_out1/QC/raw_qc_post_cutadapt/Lyb2_trimmed_R1_fastqc.html, /media/shared1/alessiam/dadawrap/datiseq_out1/QC/raw_qc_post_cutadapt/Lyb2_trimmed_R2_fastqc.html
    output: /media/shared1/alessiam/dadawrap/datiseq_out1/QC/raw_qc_post_cutadapt/multiqc_report.html
    jobid: 16
    reason: Missing output files: /media/shared1/alessiam/dadawrap/datiseq_out1/QC/raw_qc_post_cutadapt/multiqc_report.html; Input files updated by another job: /media/shared1/alessiam/dadawrap/datiseq_out1/QC/raw_qc_post_cutadapt/Lyb2_trimmed_R2_fastqc.html, /media/shared1/alessiam/dadawrap/datiseq_out1/QC/raw_qc_post_cutadapt/Lyb1_trimmed_R2_fastqc.html, /media/shared1/alessiam/dadawrap/datiseq_out1/QC/raw_qc_post_cutadapt/Lyb1_trimmed_R1_fastqc.html, /media/shared1/alessiam/dadawrap/datiseq_out1/QC/raw_qc_post_cutadapt/Lyb2_trimmed_R1_fastqc.html
    threads: 32
    resources: tmpdir=/tmp

[Fri Mar 21 13:05:07 2025]
Finished job 16.
19 of 27 steps (70%) done
Select jobs to execute...

[Fri Mar 21 13:05:07 2025]
rule dada2_filter:
    input: /media/shared1/alessiam/dadawrap/datiseq_out1/intermediate/figaro/trimParameters.json
    output: /media/shared1/alessiam/dadawrap/datiseq_out1/intermediate/dada2_filtered/Lyb1_R1_filtered.fq.gz, /media/shared1/alessiam/dadawrap/datiseq_out1/intermediate/dada2_filtered/Lyb1_R2_filtered.fq.gz, /media/shared1/alessiam/dadawrap/datiseq_out1/intermediate/dada2_filtered/Lyb2_R1_filtered.fq.gz, /media/shared1/alessiam/dadawrap/datiseq_out1/intermediate/dada2_filtered/Lyb2_R2_filtered.fq.gz, /media/shared1/alessiam/dadawrap/datiseq_out1/intermediate/dada2_filtered/checkout.filter
    jobid: 19
    reason: Missing output files: /media/shared1/alessiam/dadawrap/datiseq_out1/intermediate/dada2_filtered/Lyb1_R1_filtered.fq.gz, /media/shared1/alessiam/dadawrap/datiseq_out1/intermediate/dada2_filtered/Lyb2_R1_filtered.fq.gz, /media/shared1/alessiam/dadawrap/datiseq_out1/intermediate/dada2_filtered/Lyb1_R2_filtered.fq.gz, /media/shared1/alessiam/dadawrap/datiseq_out1/intermediate/dada2_filtered/checkout.filter, /media/shared1/alessiam/dadawrap/datiseq_out1/intermediate/dada2_filtered/Lyb2_R2_filtered.fq.gz; Input files updated by another job: /media/shared1/alessiam/dadawrap/datiseq_out1/intermediate/figaro/trimParameters.json
    resources: tmpdir=/tmp

[Fri Mar 21 13:05:23 2025]
Finished job 19.
20 of 27 steps (74%) done
Select jobs to execute...

[Fri Mar 21 13:05:23 2025]
rule dada2_error_learning:
    input: /media/shared1/alessiam/dadawrap/datiseq_out1/intermediate/dada2_filtered/checkout.filter
    output: /media/shared1/alessiam/dadawrap/datiseq_out1/intermediate/dada2_error_learning/err_forward_reads.rds, /media/shared1/alessiam/dadawrap/datiseq_out1/intermediate/dada2_error_learning/err_reverse_reads.rds
    jobid: 20
    reason: Missing output files: /media/shared1/alessiam/dadawrap/datiseq_out1/intermediate/dada2_error_learning/err_reverse_reads.rds, /media/shared1/alessiam/dadawrap/datiseq_out1/intermediate/dada2_error_learning/err_forward_reads.rds; Input files updated by another job: /media/shared1/alessiam/dadawrap/datiseq_out1/intermediate/dada2_filtered/checkout.filter
    resources: tmpdir=/tmp

[Fri Mar 21 13:06:48 2025]
Finished job 20.
21 of 27 steps (78%) done
Select jobs to execute...

[Fri Mar 21 13:06:48 2025]
rule dada2_infer_asvs:
    input: /media/shared1/alessiam/dadawrap/datiseq_out1/intermediate/dada2_error_learning/err_forward_reads.rds, /media/shared1/alessiam/dadawrap/datiseq_out1/intermediate/dada2_error_learning/err_reverse_reads.rds
    output: /media/shared1/alessiam/dadawrap/datiseq_out1/intermediate/merged_asvs.rds
    jobid: 21
    reason: Missing output files: /media/shared1/alessiam/dadawrap/datiseq_out1/intermediate/merged_asvs.rds; Input files updated by another job: /media/shared1/alessiam/dadawrap/datiseq_out1/intermediate/dada2_error_learning/err_reverse_reads.rds, /media/shared1/alessiam/dadawrap/datiseq_out1/intermediate/dada2_error_learning/err_forward_reads.rds
    wildcards: output_dir=/media/shared1/alessiam/dadawrap/datiseq_out1
    resources: tmpdir=/tmp

[Fri Mar 21 13:07:11 2025]
Finished job 21.
22 of 27 steps (81%) done
Select jobs to execute...

[Fri Mar 21 13:07:11 2025]
rule dada2_remove_chimeras:
    input: /media/shared1/alessiam/dadawrap/datiseq_out1/intermediate/merged_asvs.rds
    output: /media/shared1/alessiam/dadawrap/datiseq_out1/intermediate/no_chimera_asvs.rds
    jobid: 22
    reason: Missing output files: /media/shared1/alessiam/dadawrap/datiseq_out1/intermediate/no_chimera_asvs.rds; Input files updated by another job: /media/shared1/alessiam/dadawrap/datiseq_out1/intermediate/merged_asvs.rds
    resources: tmpdir=/tmp

[Fri Mar 21 13:07:18 2025]
Finished job 22.
23 of 27 steps (85%) done
Select jobs to execute...
Failed to solve scheduling problem with ILP solver. Falling back to greedy solver. Run Snakemake with --verbose to see the full solver output for debugging the problem.

[Fri Mar 21 13:07:19 2025]
rule dada2_assign_taxonomy:
    input: /media/shared1/alessiam/dadawrap/datiseq_out1/intermediate/no_chimera_asvs.rds, db_s/dada2/silva_nr99_v138_train_set.fa.gz
    output: /media/shared1/alessiam/dadawrap/datiseq_out1/results/ASVs.fa, /media/shared1/alessiam/dadawrap/datiseq_out1/results/ASVs_counts.tsv, /media/shared1/alessiam/dadawrap/datiseq_out1/results/ASVs_taxonomy.tsv
    jobid: 24
    reason: Missing output files: /media/shared1/alessiam/dadawrap/datiseq_out1/results/ASVs.fa, /media/shared1/alessiam/dadawrap/datiseq_out1/results/ASVs_counts.tsv, /media/shared1/alessiam/dadawrap/datiseq_out1/results/ASVs_taxonomy.tsv; Input files updated by another job: db_s/dada2/silva_nr99_v138_train_set.fa.gz, /media/shared1/alessiam/dadawrap/datiseq_out1/intermediate/no_chimera_asvs.rds
    wildcards: output_dir=/media/shared1/alessiam/dadawrap/datiseq_out1
    resources: tmpdir=/tmp


[Fri Mar 21 13:07:19 2025]
rule track_reads:
    input: /media/shared1/alessiam/dadawrap/datiseq_out1/intermediate/merged_asvs.rds, /media/shared1/alessiam/dadawrap/datiseq_out1/intermediate/no_chimera_asvs.rds
    output: /media/shared1/alessiam/dadawrap/datiseq_out1/results/read-count-tracking.tsv
    jobid: 25
    reason: Missing output files: /media/shared1/alessiam/dadawrap/datiseq_out1/results/read-count-tracking.tsv; Input files updated by another job: /media/shared1/alessiam/dadawrap/datiseq_out1/intermediate/merged_asvs.rds, /media/shared1/alessiam/dadawrap/datiseq_out1/intermediate/no_chimera_asvs.rds
    resources: tmpdir=/tmp

[Fri Mar 21 13:07:22 2025]
Finished job 25.
24 of 27 steps (89%) done
Select jobs to execute...

[Fri Mar 21 13:07:22 2025]
rule reporter:
    input: /media/shared1/alessiam/dadawrap/datiseq_out1/intermediate/cutadapt/combined_cutadapt.log, /media/shared1/alessiam/dadawrap/datiseq_out1/results/read-count-tracking.tsv, /media/shared1/alessiam/dadawrap/datiseq_out1/intermediate/figaro/trimParameters.json
    output: /media/shared1/alessiam/dadawrap/datiseq_out1/results/final_report.txt
    jobid: 26
    reason: Missing output files: /media/shared1/alessiam/dadawrap/datiseq_out1/results/final_report.txt; Input files updated by another job: /media/shared1/alessiam/dadawrap/datiseq_out1/intermediate/figaro/trimParameters.json, /media/shared1/alessiam/dadawrap/datiseq_out1/intermediate/cutadapt/combined_cutadapt.log, /media/shared1/alessiam/dadawrap/datiseq_out1/results/read-count-tracking.tsv
    resources: tmpdir=/tmp

[Fri Mar 21 13:07:22 2025]
Finished job 26.
25 of 27 steps (93%) done
[Fri Mar 21 13:08:39 2025]
Finished job 24.
26 of 27 steps (96%) done
Select jobs to execute...

[Fri Mar 21 13:08:39 2025]
localrule all:
    input: /media/shared1/alessiam/dadawrap/datiseq_out1/figaro_inp/Lyb1_R1.fastq.gz, /media/shared1/alessiam/dadawrap/datiseq_out1/figaro_inp/Lyb1_R2.fastq.gz, /media/shared1/alessiam/dadawrap/datiseq_out1/figaro_inp/Lyb2_R1.fastq.gz, /media/shared1/alessiam/dadawrap/datiseq_out1/figaro_inp/Lyb2_R2.fastq.gz, /media/shared1/alessiam/dadawrap/datiseq_out1/QC/raw_qc_initial/Lyb1_11_L001_R1_001_fastqc.html, /media/shared1/alessiam/dadawrap/datiseq_out1/QC/raw_qc_initial/Lyb2_11_L001_R2_001_fastqc.html, /media/shared1/alessiam/dadawrap/datiseq_out1/QC/raw_qc_initial/Lyb2_11_L001_R1_001_fastqc.html, /media/shared1/alessiam/dadawrap/datiseq_out1/QC/raw_qc_initial/Lyb1_11_L001_R2_001_fastqc.html, /media/shared1/alessiam/dadawrap/datiseq_out1/QC/raw_qc_initial/multiqc_report.html, /media/shared1/alessiam/dadawrap/datiseq_out1/intermediate/cutadapt/Lyb1_trimmed_R1.fq.gz, /media/shared1/alessiam/dadawrap/datiseq_out1/intermediate/cutadapt/Lyb1_trimmed_R2.fq.gz, /media/shared1/alessiam/dadawrap/datiseq_out1/intermediate/cutadapt/Lyb2_trimmed_R1.fq.gz, /media/shared1/alessiam/dadawrap/datiseq_out1/intermediate/cutadapt/Lyb2_trimmed_R2.fq.gz, /media/shared1/alessiam/dadawrap/datiseq_out1/QC/raw_qc_post_cutadapt/Lyb1_trimmed_R1_fastqc.html, /media/shared1/alessiam/dadawrap/datiseq_out1/QC/raw_qc_post_cutadapt/Lyb1_trimmed_R2_fastqc.html, /media/shared1/alessiam/dadawrap/datiseq_out1/QC/raw_qc_post_cutadapt/Lyb2_trimmed_R1_fastqc.html, /media/shared1/alessiam/dadawrap/datiseq_out1/QC/raw_qc_post_cutadapt/Lyb2_trimmed_R2_fastqc.html, /media/shared1/alessiam/dadawrap/datiseq_out1/QC/raw_qc_post_cutadapt/multiqc_report.html, /media/shared1/alessiam/dadawrap/datiseq_out1/intermediate/figaro/trimParameters.json, /media/shared1/alessiam/dadawrap/datiseq_out1/intermediate/cutadapt/cutadapt_primer_trimming_stats.txt, /media/shared1/alessiam/dadawrap/datiseq_out1/intermediate/dada2_filtered/Lyb1_R1_filtered.fq.gz, /media/shared1/alessiam/dadawrap/datiseq_out1/intermediate/dada2_filtered/Lyb1_R2_filtered.fq.gz, /media/shared1/alessiam/dadawrap/datiseq_out1/intermediate/dada2_filtered/Lyb2_R1_filtered.fq.gz, /media/shared1/alessiam/dadawrap/datiseq_out1/intermediate/dada2_filtered/Lyb2_R2_filtered.fq.gz, /media/shared1/alessiam/dadawrap/datiseq_out1/intermediate/dada2_error_learning/err_forward_reads.rds, /media/shared1/alessiam/dadawrap/datiseq_out1/intermediate/dada2_error_learning/err_reverse_reads.rds, /media/shared1/alessiam/dadawrap/datiseq_out1/intermediate/merged_asvs.rds, /media/shared1/alessiam/dadawrap/datiseq_out1/intermediate/no_chimera_asvs.rds, db_s/dada2/silva_nr99_v138_train_set.fa.gz, /media/shared1/alessiam/dadawrap/datiseq_out1/results/ASVs.fa, /media/shared1/alessiam/dadawrap/datiseq_out1/results/ASVs_counts.tsv, /media/shared1/alessiam/dadawrap/datiseq_out1/results/ASVs_taxonomy.tsv, /media/shared1/alessiam/dadawrap/datiseq_out1/results/read-count-tracking.tsv, /media/shared1/alessiam/dadawrap/datiseq_out1/results/final_report.txt
    jobid: 0
    reason: Input files updated by another job: /media/shared1/alessiam/dadawrap/datiseq_out1/QC/raw_qc_post_cutadapt/Lyb2_trimmed_R2_fastqc.html, /media/shared1/alessiam/dadawrap/datiseq_out1/results/ASVs.fa, /media/shared1/alessiam/dadawrap/datiseq_out1/intermediate/no_chimera_asvs.rds, /media/shared1/alessiam/dadawrap/datiseq_out1/QC/raw_qc_post_cutadapt/Lyb1_trimmed_R2_fastqc.html, /media/shared1/alessiam/dadawrap/datiseq_out1/QC/raw_qc_initial/Lyb1_11_L001_R2_001_fastqc.html, /media/shared1/alessiam/dadawrap/datiseq_out1/intermediate/dada2_error_learning/err_forward_reads.rds, /media/shared1/alessiam/dadawrap/datiseq_out1/intermediate/cutadapt/Lyb1_trimmed_R1.fq.gz, /media/shared1/alessiam/dadawrap/datiseq_out1/QC/raw_qc_initial/Lyb2_11_L001_R2_001_fastqc.html, db_s/dada2/silva_nr99_v138_train_set.fa.gz, /media/shared1/alessiam/dadawrap/datiseq_out1/intermediate/cutadapt/cutadapt_primer_trimming_stats.txt, /media/shared1/alessiam/dadawrap/datiseq_out1/intermediate/dada2_filtered/Lyb2_R2_filtered.fq.gz, /media/shared1/alessiam/dadawrap/datiseq_out1/intermediate/figaro/trimParameters.json, /media/shared1/alessiam/dadawrap/datiseq_out1/intermediate/dada2_filtered/Lyb1_R1_filtered.fq.gz, /media/shared1/alessiam/dadawrap/datiseq_out1/QC/raw_qc_post_cutadapt/Lyb1_trimmed_R1_fastqc.html, /media/shared1/alessiam/dadawrap/datiseq_out1/QC/raw_qc_initial/Lyb1_11_L001_R1_001_fastqc.html, /media/shared1/alessiam/dadawrap/datiseq_out1/QC/raw_qc_post_cutadapt/Lyb2_trimmed_R1_fastqc.html, /media/shared1/alessiam/dadawrap/datiseq_out1/QC/raw_qc_initial/Lyb2_11_L001_R1_001_fastqc.html, /media/shared1/alessiam/dadawrap/datiseq_out1/QC/raw_qc_initial/multiqc_report.html, /media/shared1/alessiam/dadawrap/datiseq_out1/intermediate/cutadapt/Lyb1_trimmed_R2.fq.gz, /media/shared1/alessiam/dadawrap/datiseq_out1/QC/raw_qc_post_cutadapt/multiqc_report.html, /media/shared1/alessiam/dadawrap/datiseq_out1/results/final_report.txt, /media/shared1/alessiam/dadawrap/datiseq_out1/figaro_inp/Lyb2_R2.fastq.gz, /media/shared1/alessiam/dadawrap/datiseq_out1/figaro_inp/Lyb2_R1.fastq.gz, /media/shared1/alessiam/dadawrap/datiseq_out1/intermediate/cutadapt/Lyb2_trimmed_R2.fq.gz, /media/shared1/alessiam/dadawrap/datiseq_out1/figaro_inp/Lyb1_R2.fastq.gz, /media/shared1/alessiam/dadawrap/datiseq_out1/results/read-count-tracking.tsv, /media/shared1/alessiam/dadawrap/datiseq_out1/intermediate/dada2_filtered/Lyb2_R1_filtered.fq.gz, /media/shared1/alessiam/dadawrap/datiseq_out1/intermediate/dada2_filtered/Lyb1_R2_filtered.fq.gz, /media/shared1/alessiam/dadawrap/datiseq_out1/results/ASVs_counts.tsv, /media/shared1/alessiam/dadawrap/datiseq_out1/intermediate/merged_asvs.rds, /media/shared1/alessiam/dadawrap/datiseq_out1/results/ASVs_taxonomy.tsv, /media/shared1/alessiam/dadawrap/datiseq_out1/intermediate/dada2_error_learning/err_reverse_reads.rds, /media/shared1/alessiam/dadawrap/datiseq_out1/intermediate/cutadapt/Lyb2_trimmed_R1.fq.gz, /media/shared1/alessiam/dadawrap/datiseq_out1/figaro_inp/Lyb1_R1.fastq.gz
    resources: tmpdir=/tmp

[Fri Mar 21 13:08:39 2025]
Finished job 0.
27 of 27 steps (100%) done
Complete log: .snakemake/log/2025-03-21T130344.785582.snakemake.log
