Building DAG of jobs...
Using shell: /usr/bin/bash
Provided cores: 32
Rules claiming more threads will be scaled down.
Job stats:
job                      count
---------------------  -------
all                          1
combine_cutadapt_logs        1
cutadapt_primers             2
emu_abundance                2
fastqc_initial               2
fastqc_post                  2
multiqc_initial              1
multiqc_post                 1
nanofilt                     2
reporter                     1
seqkit_stats_post_qc         1
seqkit_stats_pre_qc          1
total                       17

Select jobs to execute...

[Thu Apr 10 10:22:39 2025]
rule cutadapt_primers:
    input: /media/shared1/alessiam/dadawrap/subseq_nanopore/subsampled0.2_carajo.fastq
    output: /media/shared1/alessiam/dadawrap/subseq_nanopore_results_3/intermediate/cutadapt/subsampled0.2_carajo_cutadapt.fq.gz
    log: /media/shared1/alessiam/dadawrap/subseq_nanopore_results_3/intermediate/cutadapt/subsampled0.2_carajo_cutadapt.log
    jobid: 5
    reason: Missing output files: /media/shared1/alessiam/dadawrap/subseq_nanopore_results_3/intermediate/cutadapt/subsampled0.2_carajo_cutadapt.fq.gz, /media/shared1/alessiam/dadawrap/subseq_nanopore_results_3/intermediate/cutadapt/subsampled0.2_carajo_cutadapt.log
    wildcards: output_dir=/media/shared1/alessiam/dadawrap/subseq_nanopore_results_3, sample=subsampled0.2_carajo
    resources: tmpdir=/tmp


[Thu Apr 10 10:22:39 2025]
rule cutadapt_primers:
    input: /media/shared1/alessiam/dadawrap/subseq_nanopore/subsampled0.3_SRR20752542.fastq
    output: /media/shared1/alessiam/dadawrap/subseq_nanopore_results_3/intermediate/cutadapt/subsampled0.3_SRR20752542_cutadapt.fq.gz
    log: /media/shared1/alessiam/dadawrap/subseq_nanopore_results_3/intermediate/cutadapt/subsampled0.3_SRR20752542_cutadapt.log
    jobid: 6
    reason: Missing output files: /media/shared1/alessiam/dadawrap/subseq_nanopore_results_3/intermediate/cutadapt/subsampled0.3_SRR20752542_cutadapt.log, /media/shared1/alessiam/dadawrap/subseq_nanopore_results_3/intermediate/cutadapt/subsampled0.3_SRR20752542_cutadapt.fq.gz
    wildcards: output_dir=/media/shared1/alessiam/dadawrap/subseq_nanopore_results_3, sample=subsampled0.3_SRR20752542
    resources: tmpdir=/tmp


[Thu Apr 10 10:22:39 2025]
rule fastqc_initial:
    input: /media/shared1/alessiam/dadawrap/subseq_nanopore/subsampled0.2_carajo.fastq
    output: /media/shared1/alessiam/dadawrap/subseq_nanopore_results_3/QC/raw_qc_initial/subsampled0.2_carajo_fastqc.html
    jobid: 1
    reason: Missing output files: /media/shared1/alessiam/dadawrap/subseq_nanopore_results_3/QC/raw_qc_initial/subsampled0.2_carajo_fastqc.html
    wildcards: output_dir=/media/shared1/alessiam/dadawrap/subseq_nanopore_results_3, sample=subsampled0.2_carajo
    resources: tmpdir=/tmp


[Thu Apr 10 10:22:39 2025]
rule fastqc_initial:
    input: /media/shared1/alessiam/dadawrap/subseq_nanopore/subsampled0.3_SRR20752542.fastq
    output: /media/shared1/alessiam/dadawrap/subseq_nanopore_results_3/QC/raw_qc_initial/subsampled0.3_SRR20752542_fastqc.html
    jobid: 2
    reason: Missing output files: /media/shared1/alessiam/dadawrap/subseq_nanopore_results_3/QC/raw_qc_initial/subsampled0.3_SRR20752542_fastqc.html
    wildcards: output_dir=/media/shared1/alessiam/dadawrap/subseq_nanopore_results_3, sample=subsampled0.3_SRR20752542
    resources: tmpdir=/tmp


[Thu Apr 10 10:22:39 2025]
rule seqkit_stats_pre_qc:
    input: /media/shared1/alessiam/dadawrap/subseq_nanopore/subsampled0.2_carajo.fastq, /media/shared1/alessiam/dadawrap/subseq_nanopore/subsampled0.3_SRR20752542.fastq
    output: /media/shared1/alessiam/dadawrap/subseq_nanopore_results_3/QC/raw_qc_initial/readcount/raw_reads_counts.txt
    jobid: 3
    reason: Missing output files: /media/shared1/alessiam/dadawrap/subseq_nanopore_results_3/QC/raw_qc_initial/readcount/raw_reads_counts.txt
    wildcards: output_dir=/media/shared1/alessiam/dadawrap/subseq_nanopore_results_3
    resources: tmpdir=/tmp

[Thu Apr 10 10:22:39 2025]
Finished job 3.
1 of 17 steps (6%) done
[Thu Apr 10 10:22:41 2025]
Finished job 2.
2 of 17 steps (12%) done
[Thu Apr 10 10:22:41 2025]
Finished job 1.
3 of 17 steps (18%) done
Select jobs to execute...

[Thu Apr 10 10:22:41 2025]
rule multiqc_initial:
    input: /media/shared1/alessiam/dadawrap/subseq_nanopore_results_3/QC/raw_qc_initial/subsampled0.2_carajo_fastqc.html, /media/shared1/alessiam/dadawrap/subseq_nanopore_results_3/QC/raw_qc_initial/subsampled0.3_SRR20752542_fastqc.html
    output: /media/shared1/alessiam/dadawrap/subseq_nanopore_results_3/QC/raw_qc_initial/multiqc_report.html
    jobid: 4
    reason: Missing output files: /media/shared1/alessiam/dadawrap/subseq_nanopore_results_3/QC/raw_qc_initial/multiqc_report.html; Input files updated by another job: /media/shared1/alessiam/dadawrap/subseq_nanopore_results_3/QC/raw_qc_initial/subsampled0.2_carajo_fastqc.html, /media/shared1/alessiam/dadawrap/subseq_nanopore_results_3/QC/raw_qc_initial/subsampled0.3_SRR20752542_fastqc.html
    resources: tmpdir=/tmp

[Thu Apr 10 10:22:42 2025]
Finished job 5.
4 of 17 steps (24%) done
Select jobs to execute...

[Thu Apr 10 10:22:42 2025]
rule nanofilt:
    input: /media/shared1/alessiam/dadawrap/subseq_nanopore_results_3/intermediate/cutadapt/subsampled0.2_carajo_cutadapt.fq.gz
    output: /media/shared1/alessiam/dadawrap/subseq_nanopore_results_3/intermediate/nanofilt/subsampled0.2_carajo-nanofilt.fastq
    jobid: 9
    reason: Missing output files: /media/shared1/alessiam/dadawrap/subseq_nanopore_results_3/intermediate/nanofilt/subsampled0.2_carajo-nanofilt.fastq; Input files updated by another job: /media/shared1/alessiam/dadawrap/subseq_nanopore_results_3/intermediate/cutadapt/subsampled0.2_carajo_cutadapt.fq.gz
    wildcards: output_dir=/media/shared1/alessiam/dadawrap/subseq_nanopore_results_3, sample=subsampled0.2_carajo
    resources: tmpdir=/tmp

[Thu Apr 10 10:22:42 2025]
Finished job 4.
5 of 17 steps (29%) done
[Thu Apr 10 10:22:43 2025]
Finished job 6.
6 of 17 steps (35%) done
Select jobs to execute...

[Thu Apr 10 10:22:43 2025]
rule nanofilt:
    input: /media/shared1/alessiam/dadawrap/subseq_nanopore_results_3/intermediate/cutadapt/subsampled0.3_SRR20752542_cutadapt.fq.gz
    output: /media/shared1/alessiam/dadawrap/subseq_nanopore_results_3/intermediate/nanofilt/subsampled0.3_SRR20752542-nanofilt.fastq
    jobid: 11
    reason: Missing output files: /media/shared1/alessiam/dadawrap/subseq_nanopore_results_3/intermediate/nanofilt/subsampled0.3_SRR20752542-nanofilt.fastq; Input files updated by another job: /media/shared1/alessiam/dadawrap/subseq_nanopore_results_3/intermediate/cutadapt/subsampled0.3_SRR20752542_cutadapt.fq.gz
    wildcards: output_dir=/media/shared1/alessiam/dadawrap/subseq_nanopore_results_3, sample=subsampled0.3_SRR20752542
    resources: tmpdir=/tmp


[Thu Apr 10 10:22:43 2025]
rule combine_cutadapt_logs:
    input: /media/shared1/alessiam/dadawrap/subseq_nanopore_results_3/intermediate/cutadapt/subsampled0.2_carajo_cutadapt.log, /media/shared1/alessiam/dadawrap/subseq_nanopore_results_3/intermediate/cutadapt/subsampled0.3_SRR20752542_cutadapt.log
    output: /media/shared1/alessiam/dadawrap/subseq_nanopore_results_3/intermediate/cutadapt/cutadapt_primer_trimming_stats.txt
    log: /media/shared1/alessiam/dadawrap/subseq_nanopore_results_3/intermediate/cutadapt/combined_cutadapt.log
    jobid: 7
    reason: Missing output files: /media/shared1/alessiam/dadawrap/subseq_nanopore_results_3/intermediate/cutadapt/combined_cutadapt.log, /media/shared1/alessiam/dadawrap/subseq_nanopore_results_3/intermediate/cutadapt/cutadapt_primer_trimming_stats.txt; Input files updated by another job: /media/shared1/alessiam/dadawrap/subseq_nanopore_results_3/intermediate/cutadapt/subsampled0.3_SRR20752542_cutadapt.log, /media/shared1/alessiam/dadawrap/subseq_nanopore_results_3/intermediate/cutadapt/subsampled0.2_carajo_cutadapt.log
    resources: tmpdir=/tmp

[Thu Apr 10 10:22:43 2025]
Finished job 7.
7 of 17 steps (41%) done
[Thu Apr 10 10:22:44 2025]
Finished job 9.
8 of 17 steps (47%) done
Select jobs to execute...

[Thu Apr 10 10:22:44 2025]
rule fastqc_post:
    input: /media/shared1/alessiam/dadawrap/subseq_nanopore_results_3/intermediate/nanofilt/subsampled0.2_carajo-nanofilt.fastq
    output: /media/shared1/alessiam/dadawrap/subseq_nanopore_results_3/QC/raw_qc_post/subsampled0.2_carajo-nanofilt_fastqc.html
    jobid: 8
    reason: Missing output files: /media/shared1/alessiam/dadawrap/subseq_nanopore_results_3/QC/raw_qc_post/subsampled0.2_carajo-nanofilt_fastqc.html; Input files updated by another job: /media/shared1/alessiam/dadawrap/subseq_nanopore_results_3/intermediate/nanofilt/subsampled0.2_carajo-nanofilt.fastq
    wildcards: output_dir=/media/shared1/alessiam/dadawrap/subseq_nanopore_results_3, sample=subsampled0.2_carajo
    resources: tmpdir=/tmp

[Thu Apr 10 10:22:45 2025]
Finished job 11.
9 of 17 steps (53%) done
Select jobs to execute...

[Thu Apr 10 10:22:45 2025]
rule fastqc_post:
    input: /media/shared1/alessiam/dadawrap/subseq_nanopore_results_3/intermediate/nanofilt/subsampled0.3_SRR20752542-nanofilt.fastq
    output: /media/shared1/alessiam/dadawrap/subseq_nanopore_results_3/QC/raw_qc_post/subsampled0.3_SRR20752542-nanofilt_fastqc.html
    jobid: 10
    reason: Missing output files: /media/shared1/alessiam/dadawrap/subseq_nanopore_results_3/QC/raw_qc_post/subsampled0.3_SRR20752542-nanofilt_fastqc.html; Input files updated by another job: /media/shared1/alessiam/dadawrap/subseq_nanopore_results_3/intermediate/nanofilt/subsampled0.3_SRR20752542-nanofilt.fastq
    wildcards: output_dir=/media/shared1/alessiam/dadawrap/subseq_nanopore_results_3, sample=subsampled0.3_SRR20752542
    resources: tmpdir=/tmp


[Thu Apr 10 10:22:45 2025]
rule seqkit_stats_post_qc:
    input: /media/shared1/alessiam/dadawrap/subseq_nanopore_results_3/intermediate/nanofilt/subsampled0.2_carajo-nanofilt.fastq, /media/shared1/alessiam/dadawrap/subseq_nanopore_results_3/intermediate/nanofilt/subsampled0.3_SRR20752542-nanofilt.fastq
    output: /media/shared1/alessiam/dadawrap/subseq_nanopore_results_3/QC/raw_qc_post/readcount/filtered_reads_counts.txt
    jobid: 13
    reason: Missing output files: /media/shared1/alessiam/dadawrap/subseq_nanopore_results_3/QC/raw_qc_post/readcount/filtered_reads_counts.txt; Input files updated by another job: /media/shared1/alessiam/dadawrap/subseq_nanopore_results_3/intermediate/nanofilt/subsampled0.2_carajo-nanofilt.fastq, /media/shared1/alessiam/dadawrap/subseq_nanopore_results_3/intermediate/nanofilt/subsampled0.3_SRR20752542-nanofilt.fastq
    wildcards: output_dir=/media/shared1/alessiam/dadawrap/subseq_nanopore_results_3
    resources: tmpdir=/tmp

[Thu Apr 10 10:22:45 2025]
Finished job 13.
10 of 17 steps (59%) done
Select jobs to execute...

[Thu Apr 10 10:22:45 2025]
rule reporter:
    input: /media/shared1/alessiam/dadawrap/subseq_nanopore_results_3/QC/raw_qc_initial/readcount/raw_reads_counts.txt, /media/shared1/alessiam/dadawrap/subseq_nanopore_results_3/QC/raw_qc_post/readcount/filtered_reads_counts.txt, /media/shared1/alessiam/dadawrap/subseq_nanopore_results_3/intermediate/cutadapt/combined_cutadapt.log
    output: /media/shared1/alessiam/dadawrap/subseq_nanopore_results_3/results/final_report.txt
    jobid: 17
    reason: Missing output files: /media/shared1/alessiam/dadawrap/subseq_nanopore_results_3/results/final_report.txt; Input files updated by another job: /media/shared1/alessiam/dadawrap/subseq_nanopore_results_3/intermediate/cutadapt/combined_cutadapt.log, /media/shared1/alessiam/dadawrap/subseq_nanopore_results_3/QC/raw_qc_post/readcount/filtered_reads_counts.txt, /media/shared1/alessiam/dadawrap/subseq_nanopore_results_3/QC/raw_qc_initial/readcount/raw_reads_counts.txt
    resources: tmpdir=/tmp

[Thu Apr 10 10:22:45 2025]
Finished job 17.
11 of 17 steps (65%) done
Select jobs to execute...
[Thu Apr 10 10:22:46 2025]
Finished job 8.
12 of 17 steps (71%) done
[Thu Apr 10 10:22:47 2025]
Finished job 10.
13 of 17 steps (76%) done

[Thu Apr 10 10:22:47 2025]
rule emu_abundance:
    input: /media/shared1/alessiam/dadawrap/subseq_nanopore_results_3/intermediate/nanofilt/subsampled0.2_carajo-nanofilt.fastq, db_s/emu/emu
    output: /media/shared1/alessiam/dadawrap/subseq_nanopore_results_3/results/emu/subsampled0.2_carajo-nanofilt_rel-abundance.tsv
    jobid: 15
    reason: Missing output files: /media/shared1/alessiam/dadawrap/subseq_nanopore_results_3/results/emu/subsampled0.2_carajo-nanofilt_rel-abundance.tsv; Input files updated by another job: /media/shared1/alessiam/dadawrap/subseq_nanopore_results_3/intermediate/nanofilt/subsampled0.2_carajo-nanofilt.fastq
    wildcards: output_dir=/media/shared1/alessiam/dadawrap/subseq_nanopore_results_3, sample=subsampled0.2_carajo
    threads: 32
    resources: tmpdir=/tmp

[Thu Apr 10 10:25:46 2025]
Finished job 15.
14 of 17 steps (82%) done
Select jobs to execute...

[Thu Apr 10 10:25:46 2025]
rule emu_abundance:
    input: /media/shared1/alessiam/dadawrap/subseq_nanopore_results_3/intermediate/nanofilt/subsampled0.3_SRR20752542-nanofilt.fastq, db_s/emu/emu
    output: /media/shared1/alessiam/dadawrap/subseq_nanopore_results_3/results/emu/subsampled0.3_SRR20752542-nanofilt_rel-abundance.tsv
    jobid: 16
    reason: Missing output files: /media/shared1/alessiam/dadawrap/subseq_nanopore_results_3/results/emu/subsampled0.3_SRR20752542-nanofilt_rel-abundance.tsv; Input files updated by another job: /media/shared1/alessiam/dadawrap/subseq_nanopore_results_3/intermediate/nanofilt/subsampled0.3_SRR20752542-nanofilt.fastq
    wildcards: output_dir=/media/shared1/alessiam/dadawrap/subseq_nanopore_results_3, sample=subsampled0.3_SRR20752542
    threads: 32
    resources: tmpdir=/tmp

[Thu Apr 10 10:30:16 2025]
Finished job 16.
15 of 17 steps (88%) done
Select jobs to execute...

[Thu Apr 10 10:30:16 2025]
rule multiqc_post:
    input: /media/shared1/alessiam/dadawrap/subseq_nanopore_results_3/QC/raw_qc_post/subsampled0.2_carajo-nanofilt_fastqc.html, /media/shared1/alessiam/dadawrap/subseq_nanopore_results_3/QC/raw_qc_post/subsampled0.3_SRR20752542-nanofilt_fastqc.html
    output: /media/shared1/alessiam/dadawrap/subseq_nanopore_results_3/QC/raw_qc_post/multiqc_report.html
    jobid: 12
    reason: Missing output files: /media/shared1/alessiam/dadawrap/subseq_nanopore_results_3/QC/raw_qc_post/multiqc_report.html; Input files updated by another job: /media/shared1/alessiam/dadawrap/subseq_nanopore_results_3/QC/raw_qc_post/subsampled0.2_carajo-nanofilt_fastqc.html, /media/shared1/alessiam/dadawrap/subseq_nanopore_results_3/QC/raw_qc_post/subsampled0.3_SRR20752542-nanofilt_fastqc.html
    wildcards: output_dir=/media/shared1/alessiam/dadawrap/subseq_nanopore_results_3
    resources: tmpdir=/tmp

[Thu Apr 10 10:30:17 2025]
Finished job 12.
16 of 17 steps (94%) done
Select jobs to execute...

[Thu Apr 10 10:30:17 2025]
localrule all:
    input: /media/shared1/alessiam/dadawrap/subseq_nanopore_results_3/QC/raw_qc_initial/subsampled0.2_carajo_fastqc.html, /media/shared1/alessiam/dadawrap/subseq_nanopore_results_3/QC/raw_qc_initial/subsampled0.3_SRR20752542_fastqc.html, /media/shared1/alessiam/dadawrap/subseq_nanopore_results_3/QC/raw_qc_initial/readcount/raw_reads_counts.txt, /media/shared1/alessiam/dadawrap/subseq_nanopore_results_3/QC/raw_qc_initial/multiqc_report.html, /media/shared1/alessiam/dadawrap/subseq_nanopore_results_3/intermediate/cutadapt/subsampled0.2_carajo_cutadapt.fq.gz, /media/shared1/alessiam/dadawrap/subseq_nanopore_results_3/intermediate/cutadapt/subsampled0.3_SRR20752542_cutadapt.fq.gz, /media/shared1/alessiam/dadawrap/subseq_nanopore_results_3/intermediate/cutadapt/cutadapt_primer_trimming_stats.txt, /media/shared1/alessiam/dadawrap/subseq_nanopore_results_3/QC/raw_qc_post/subsampled0.2_carajo-nanofilt_fastqc.html, /media/shared1/alessiam/dadawrap/subseq_nanopore_results_3/QC/raw_qc_post/subsampled0.3_SRR20752542-nanofilt_fastqc.html, /media/shared1/alessiam/dadawrap/subseq_nanopore_results_3/QC/raw_qc_post/multiqc_report.html, /media/shared1/alessiam/dadawrap/subseq_nanopore_results_3/QC/raw_qc_post/readcount/filtered_reads_counts.txt, db_s/emu/emu, db_s/emu/emu/taxonomy.tsv, db_s/emu/emu/species_taxid.fasta, /media/shared1/alessiam/dadawrap/subseq_nanopore_results_3/results/emu/subsampled0.2_carajo-nanofilt_rel-abundance.tsv, /media/shared1/alessiam/dadawrap/subseq_nanopore_results_3/results/emu/subsampled0.3_SRR20752542-nanofilt_rel-abundance.tsv, /media/shared1/alessiam/dadawrap/subseq_nanopore_results_3/results/final_report.txt
    jobid: 0
    reason: Input files updated by another job: /media/shared1/alessiam/dadawrap/subseq_nanopore_results_3/results/emu/subsampled0.3_SRR20752542-nanofilt_rel-abundance.tsv, /media/shared1/alessiam/dadawrap/subseq_nanopore_results_3/QC/raw_qc_post/readcount/filtered_reads_counts.txt, /media/shared1/alessiam/dadawrap/subseq_nanopore_results_3/QC/raw_qc_initial/multiqc_report.html, /media/shared1/alessiam/dadawrap/subseq_nanopore_results_3/QC/raw_qc_initial/subsampled0.2_carajo_fastqc.html, /media/shared1/alessiam/dadawrap/subseq_nanopore_results_3/QC/raw_qc_initial/subsampled0.3_SRR20752542_fastqc.html, /media/shared1/alessiam/dadawrap/subseq_nanopore_results_3/QC/raw_qc_post/subsampled0.3_SRR20752542-nanofilt_fastqc.html, /media/shared1/alessiam/dadawrap/subseq_nanopore_results_3/results/final_report.txt, /media/shared1/alessiam/dadawrap/subseq_nanopore_results_3/intermediate/cutadapt/cutadapt_primer_trimming_stats.txt, /media/shared1/alessiam/dadawrap/subseq_nanopore_results_3/intermediate/cutadapt/subsampled0.3_SRR20752542_cutadapt.fq.gz, /media/shared1/alessiam/dadawrap/subseq_nanopore_results_3/QC/raw_qc_post/subsampled0.2_carajo-nanofilt_fastqc.html, /media/shared1/alessiam/dadawrap/subseq_nanopore_results_3/intermediate/cutadapt/subsampled0.2_carajo_cutadapt.fq.gz, /media/shared1/alessiam/dadawrap/subseq_nanopore_results_3/results/emu/subsampled0.2_carajo-nanofilt_rel-abundance.tsv, /media/shared1/alessiam/dadawrap/subseq_nanopore_results_3/QC/raw_qc_initial/readcount/raw_reads_counts.txt, /media/shared1/alessiam/dadawrap/subseq_nanopore_results_3/QC/raw_qc_post/multiqc_report.html
    resources: tmpdir=/tmp

[Thu Apr 10 10:30:17 2025]
Finished job 0.
17 of 17 steps (100%) done
Complete log: .snakemake/log/2025-04-10T102239.333691.snakemake.log
