Building DAG of jobs...
Using shell: /usr/bin/bash
Provided cores: 32
Rules claiming more threads will be scaled down.
Job stats:
job                      count
---------------------  -------
all                          1
combine_cutadapt_logs        1
cutadapt_primers             1
emu_abundance                1
emu_compile                  1
fastqc_initial               1
fastqc_post                  1
multiqc_final                1
multiqc_initial              1
nanofilt                     1
total                       10

Select jobs to execute...

[Tue Apr  8 14:20:50 2025]
rule fastqc_initial:
    input: /media/shared1/alessiam/dadawrap/subseq_nanopore/subsampled0.3_SRR20752542.fastq
    output: /media/shared1/alessiam/dadawrap/subseq_nanopore_results/QC/raw_qc_initial/subsampled0.3_SRR20752542_fastqc.html
    jobid: 1
    reason: Missing output files: /media/shared1/alessiam/dadawrap/subseq_nanopore_results/QC/raw_qc_initial/subsampled0.3_SRR20752542_fastqc.html
    wildcards: output_dir=/media/shared1/alessiam/dadawrap/subseq_nanopore_results, sample=subsampled0.3_SRR20752542
    resources: tmpdir=/tmp


[Tue Apr  8 14:20:50 2025]
rule cutadapt_primers:
    input: /media/shared1/alessiam/dadawrap/subseq_nanopore/subsampled0.3_SRR20752542.fastq
    output: /media/shared1/alessiam/dadawrap/subseq_nanopore_results/intermediate/cutadapt/subsampled0.3_SRR20752542_cutadapt.fq.gz
    log: /media/shared1/alessiam/dadawrap/subseq_nanopore_results/intermediate/cutadapt/subsampled0.3_SRR20752542_cutadapt.log
    jobid: 3
    reason: Missing output files: /media/shared1/alessiam/dadawrap/subseq_nanopore_results/intermediate/cutadapt/subsampled0.3_SRR20752542_cutadapt.fq.gz, /media/shared1/alessiam/dadawrap/subseq_nanopore_results/intermediate/cutadapt/subsampled0.3_SRR20752542_cutadapt.log
    wildcards: output_dir=/media/shared1/alessiam/dadawrap/subseq_nanopore_results, sample=subsampled0.3_SRR20752542
    resources: tmpdir=/tmp

[Tue Apr  8 14:20:54 2025]
Finished job 1.
1 of 10 steps (10%) done
Select jobs to execute...

[Tue Apr  8 14:20:54 2025]
rule multiqc_initial:
    input: /media/shared1/alessiam/dadawrap/subseq_nanopore_results/QC/raw_qc_initial/subsampled0.3_SRR20752542_fastqc.html
    output: /media/shared1/alessiam/dadawrap/subseq_nanopore_results/QC/raw_qc_initial/multiqc_report.html
    jobid: 2
    reason: Missing output files: /media/shared1/alessiam/dadawrap/subseq_nanopore_results/QC/raw_qc_initial/multiqc_report.html; Input files updated by another job: /media/shared1/alessiam/dadawrap/subseq_nanopore_results/QC/raw_qc_initial/subsampled0.3_SRR20752542_fastqc.html
    resources: tmpdir=/tmp

[Tue Apr  8 14:20:57 2025]
Finished job 2.
2 of 10 steps (20%) done
[Tue Apr  8 14:20:58 2025]
Finished job 3.
3 of 10 steps (30%) done
Select jobs to execute...

[Tue Apr  8 14:20:58 2025]
rule combine_cutadapt_logs:
    input: /media/shared1/alessiam/dadawrap/subseq_nanopore_results/intermediate/cutadapt/subsampled0.3_SRR20752542_cutadapt.log
    output: /media/shared1/alessiam/dadawrap/subseq_nanopore_results/intermediate/cutadapt/cutadapt_primer_trimming_stats.txt
    log: /media/shared1/alessiam/dadawrap/subseq_nanopore_results/intermediate/cutadapt/combined_cutadapt.log
    jobid: 4
    reason: Missing output files: /media/shared1/alessiam/dadawrap/subseq_nanopore_results/intermediate/cutadapt/cutadapt_primer_trimming_stats.txt; Input files updated by another job: /media/shared1/alessiam/dadawrap/subseq_nanopore_results/intermediate/cutadapt/subsampled0.3_SRR20752542_cutadapt.log
    resources: tmpdir=/tmp


[Tue Apr  8 14:20:58 2025]
rule nanofilt:
    input: /media/shared1/alessiam/dadawrap/subseq_nanopore_results/intermediate/cutadapt/subsampled0.3_SRR20752542_cutadapt.fq.gz
    output: /media/shared1/alessiam/dadawrap/subseq_nanopore_results/intermediate/nanofilt/subsampled0.3_SRR20752542-nanofilt.fastq
    jobid: 6
    reason: Missing output files: /media/shared1/alessiam/dadawrap/subseq_nanopore_results/intermediate/nanofilt/subsampled0.3_SRR20752542-nanofilt.fastq; Input files updated by another job: /media/shared1/alessiam/dadawrap/subseq_nanopore_results/intermediate/cutadapt/subsampled0.3_SRR20752542_cutadapt.fq.gz
    wildcards: output_dir=/media/shared1/alessiam/dadawrap/subseq_nanopore_results, sample=subsampled0.3_SRR20752542
    resources: tmpdir=/tmp

[Tue Apr  8 14:20:58 2025]
Finished job 4.
4 of 10 steps (40%) done
[Tue Apr  8 14:21:03 2025]
Finished job 6.
5 of 10 steps (50%) done
Select jobs to execute...

[Tue Apr  8 14:21:03 2025]
rule emu_abundance:
    input: /media/shared1/alessiam/dadawrap/subseq_nanopore_results/intermediate/nanofilt/subsampled0.3_SRR20752542-nanofilt.fastq
    output: /media/shared1/alessiam/dadawrap/subseq_nanopore_results/results/emu/subsampled0.3_SRR20752542-nanofilt_rel-abundance.tsv
    jobid: 10
    reason: Missing output files: /media/shared1/alessiam/dadawrap/subseq_nanopore_results/results/emu/subsampled0.3_SRR20752542-nanofilt_rel-abundance.tsv; Input files updated by another job: /media/shared1/alessiam/dadawrap/subseq_nanopore_results/intermediate/nanofilt/subsampled0.3_SRR20752542-nanofilt.fastq
    wildcards: output_dir=/media/shared1/alessiam/dadawrap/subseq_nanopore_results, sample=subsampled0.3_SRR20752542
    threads: 32
    resources: tmpdir=/tmp

[Tue Apr  8 14:21:04 2025]
Error in rule emu_abundance:
    jobid: 10
    input: /media/shared1/alessiam/dadawrap/subseq_nanopore_results/intermediate/nanofilt/subsampled0.3_SRR20752542-nanofilt.fastq
    output: /media/shared1/alessiam/dadawrap/subseq_nanopore_results/results/emu/subsampled0.3_SRR20752542-nanofilt_rel-abundance.tsv
    shell:
        
        mkdir -p /media/shared1/alessiam/dadawrap/subseq_nanopore_results/results/emu
        emu abundance /media/shared1/alessiam/dadawrap/subseq_nanopore_results/intermediate/nanofilt/subsampled0.3_SRR20752542-nanofilt.fastq --output-dir /media/shared1/alessiam/dadawrap/subseq_nanopore_results/results/emu --db rdp --threads 32 --min-abundance 0.0001 # > /dev/null 2>&1
        
        (one of the commands exited with non-zero exit code; note that snakemake uses bash strict mode!)

Shutting down, this might take some time.
Exiting because a job execution failed. Look above for error message
Complete log: .snakemake/log/2025-04-08T142049.852977.snakemake.log
