Building DAG of jobs...
Using shell: /usr/bin/bash
Provided cores: 32
Rules claiming more threads will be scaled down.
Job stats:
job                      count
---------------------  -------
all                          1
combine_cutadapt_logs        1
dada2_assign_taxonomy        1
dada2_error_learning         1
dada2_filter                 1
dada2_infer_asvs             1
dada2_remove_chimeras        1
fastqc_initial               4
fastqc_post_cutadapt         4
figaro                       1
input_symlink                4
multiqc_final                1
multiqc_initial              1
reporter                     1
track_reads                  1
total                       24

Select jobs to execute...
Failed to solve scheduling problem with ILP solver. Falling back to greedy solver. Run Snakemake with --verbose to see the full solver output for debugging the problem.

[Fri Mar 21 10:35:25 2025]
rule fastqc_initial:
    input: /media/shared1/alessiam/dadawrap/datiseq/Lyb1_11_L001_R2_001.fastq.gz
    output: /media/shared1/alessiam/dadawrap/datiseq_out/QC/raw_qc_initial/Lyb1_11_L001_R2_001_fastqc.html
    jobid: 8
    reason: Missing output files: /media/shared1/alessiam/dadawrap/datiseq_out/QC/raw_qc_initial/Lyb1_11_L001_R2_001_fastqc.html
    wildcards: output_dir=/media/shared1/alessiam/dadawrap/datiseq_out, file=Lyb1_11_L001_R2_001
    threads: 32
    resources: tmpdir=/tmp

[Fri Mar 21 10:35:30 2025]
Finished job 8.
1 of 24 steps (4%) done
Select jobs to execute...
Failed to solve scheduling problem with ILP solver. Falling back to greedy solver. Run Snakemake with --verbose to see the full solver output for debugging the problem.

[Fri Mar 21 10:35:31 2025]
rule input_symlink:
    input: /media/shared1/alessiam/dadawrap/datiseq/Lyb2_11_L001_R1_001.fastq.gz
    output: /media/shared1/alessiam/dadawrap/datiseq_out/figaro_inp/Lyb1_R1.fastq.gz
    jobid: 1
    reason: Missing output files: /media/shared1/alessiam/dadawrap/datiseq_out/figaro_inp/Lyb1_R1.fastq.gz
    wildcards: sample=Lyb1, index=1.fastq, extension=gz
    resources: tmpdir=/tmp

[Fri Mar 21 10:35:31 2025]
rule fastqc_post_cutadapt:
    input: /media/shared1/alessiam/dadawrap/datiseq_out/intermediate/cutadapt/Lyb2_trimmed_R2.fq.gz
    output: /media/shared1/alessiam/dadawrap/datiseq_out/QC/raw_qc_post_cutadapt/Lyb2_trimmed_R2_fastqc.html
    jobid: 15
    reason: Missing output files: /media/shared1/alessiam/dadawrap/datiseq_out/QC/raw_qc_post_cutadapt/Lyb2_trimmed_R2_fastqc.html
    wildcards: output_dir=/media/shared1/alessiam/dadawrap/datiseq_out, sample=Lyb2, index=2
    threads: 15
    resources: tmpdir=/tmp


[Fri Mar 21 10:35:31 2025]
rule input_symlink:
    input: /media/shared1/alessiam/dadawrap/datiseq/Lyb2_11_L001_R1_001.fastq.gz
    output: /media/shared1/alessiam/dadawrap/datiseq_out/figaro_inp/Lyb1_R2.fastq.gz
    jobid: 2
    reason: Missing output files: /media/shared1/alessiam/dadawrap/datiseq_out/figaro_inp/Lyb1_R2.fastq.gz
    wildcards: sample=Lyb1, index=2.fastq, extension=gz
    resources: tmpdir=/tmp

[Fri Mar 21 10:35:31 2025]
rule fastqc_post_cutadapt:
    input: /media/shared1/alessiam/dadawrap/datiseq_out/intermediate/cutadapt/Lyb1_trimmed_R2.fq.gz
    output: /media/shared1/alessiam/dadawrap/datiseq_out/QC/raw_qc_post_cutadapt/Lyb1_trimmed_R2_fastqc.html
    jobid: 13
    reason: Missing output files: /media/shared1/alessiam/dadawrap/datiseq_out/QC/raw_qc_post_cutadapt/Lyb1_trimmed_R2_fastqc.html
    wildcards: output_dir=/media/shared1/alessiam/dadawrap/datiseq_out, sample=Lyb1, index=2
    threads: 15
    resources: tmpdir=/tmp

[Fri Mar 21 10:35:34 2025]
Finished job 15.
2 of 24 steps (8%) done
[Fri Mar 21 10:35:34 2025]
Finished job 13.
3 of 24 steps (12%) done
Shutting down, this might take some time.
Exiting because a job execution failed. Look above for error message
Complete log: .snakemake/log/2025-03-21T103523.868642.snakemake.log
