Building DAG of jobs...
Using shell: /usr/bin/bash
Provided cores: 32
Rules claiming more threads will be scaled down.
Job stats:
job                      count
---------------------  -------
all                          1
combine_cutadapt_logs        1
cutadapt_primers             1
emu_abundance                1
fastqc_initial               1
fastqc_post                  1
multiqc_final                1
multiqc_initial              1
nanofilt                     1
total                        9

Select jobs to execute...

[Tue Apr  8 14:50:42 2025]
rule fastqc_initial:
    input: /media/shared1/alessiam/dadawrap/subseq_nanopore/subsampled0.3_SRR20752542.fastq
    output: /media/shared1/alessiam/dadawrap/subseq_nanopore_results/QC/raw_qc_initial/subsampled0.3_SRR20752542_fastqc.html
    jobid: 1
    reason: Missing output files: /media/shared1/alessiam/dadawrap/subseq_nanopore_results/QC/raw_qc_initial/subsampled0.3_SRR20752542_fastqc.html
    wildcards: output_dir=/media/shared1/alessiam/dadawrap/subseq_nanopore_results, sample=subsampled0.3_SRR20752542
    resources: tmpdir=/tmp


[Tue Apr  8 14:50:42 2025]
rule cutadapt_primers:
    input: /media/shared1/alessiam/dadawrap/subseq_nanopore/subsampled0.3_SRR20752542.fastq
    output: /media/shared1/alessiam/dadawrap/subseq_nanopore_results/intermediate/cutadapt/subsampled0.3_SRR20752542_cutadapt.fq.gz
    log: /media/shared1/alessiam/dadawrap/subseq_nanopore_results/intermediate/cutadapt/subsampled0.3_SRR20752542_cutadapt.log
    jobid: 3
    reason: Missing output files: /media/shared1/alessiam/dadawrap/subseq_nanopore_results/intermediate/cutadapt/subsampled0.3_SRR20752542_cutadapt.log, /media/shared1/alessiam/dadawrap/subseq_nanopore_results/intermediate/cutadapt/subsampled0.3_SRR20752542_cutadapt.fq.gz
    wildcards: output_dir=/media/shared1/alessiam/dadawrap/subseq_nanopore_results, sample=subsampled0.3_SRR20752542
    resources: tmpdir=/tmp

[Tue Apr  8 14:50:46 2025]
Finished job 1.
1 of 9 steps (11%) done
Select jobs to execute...

[Tue Apr  8 14:50:46 2025]
rule multiqc_initial:
    input: /media/shared1/alessiam/dadawrap/subseq_nanopore_results/QC/raw_qc_initial/subsampled0.3_SRR20752542_fastqc.html
    output: /media/shared1/alessiam/dadawrap/subseq_nanopore_results/QC/raw_qc_initial/multiqc_report.html
    jobid: 2
    reason: Missing output files: /media/shared1/alessiam/dadawrap/subseq_nanopore_results/QC/raw_qc_initial/multiqc_report.html; Input files updated by another job: /media/shared1/alessiam/dadawrap/subseq_nanopore_results/QC/raw_qc_initial/subsampled0.3_SRR20752542_fastqc.html
    resources: tmpdir=/tmp

[Tue Apr  8 14:50:49 2025]
Finished job 2.
2 of 9 steps (22%) done
[Tue Apr  8 14:50:50 2025]
Finished job 3.
3 of 9 steps (33%) done
Select jobs to execute...

[Tue Apr  8 14:50:50 2025]
rule combine_cutadapt_logs:
    input: /media/shared1/alessiam/dadawrap/subseq_nanopore_results/intermediate/cutadapt/subsampled0.3_SRR20752542_cutadapt.log
    output: /media/shared1/alessiam/dadawrap/subseq_nanopore_results/intermediate/cutadapt/cutadapt_primer_trimming_stats.txt
    log: /media/shared1/alessiam/dadawrap/subseq_nanopore_results/intermediate/cutadapt/combined_cutadapt.log
    jobid: 4
    reason: Missing output files: /media/shared1/alessiam/dadawrap/subseq_nanopore_results/intermediate/cutadapt/cutadapt_primer_trimming_stats.txt; Input files updated by another job: /media/shared1/alessiam/dadawrap/subseq_nanopore_results/intermediate/cutadapt/subsampled0.3_SRR20752542_cutadapt.log
    resources: tmpdir=/tmp


[Tue Apr  8 14:50:50 2025]
rule nanofilt:
    input: /media/shared1/alessiam/dadawrap/subseq_nanopore_results/intermediate/cutadapt/subsampled0.3_SRR20752542_cutadapt.fq.gz
    output: /media/shared1/alessiam/dadawrap/subseq_nanopore_results/intermediate/nanofilt/subsampled0.3_SRR20752542-nanofilt.fastq
    jobid: 6
    reason: Missing output files: /media/shared1/alessiam/dadawrap/subseq_nanopore_results/intermediate/nanofilt/subsampled0.3_SRR20752542-nanofilt.fastq; Input files updated by another job: /media/shared1/alessiam/dadawrap/subseq_nanopore_results/intermediate/cutadapt/subsampled0.3_SRR20752542_cutadapt.fq.gz
    wildcards: output_dir=/media/shared1/alessiam/dadawrap/subseq_nanopore_results, sample=subsampled0.3_SRR20752542
    resources: tmpdir=/tmp

[Tue Apr  8 14:50:50 2025]
Finished job 4.
4 of 9 steps (44%) done
[Tue Apr  8 14:50:55 2025]
Finished job 6.
5 of 9 steps (56%) done
Select jobs to execute...

[Tue Apr  8 14:50:55 2025]
rule emu_abundance:
    input: /media/shared1/alessiam/dadawrap/subseq_nanopore_results/intermediate/nanofilt/subsampled0.3_SRR20752542-nanofilt.fastq, db_s/emu/emu
    output: /media/shared1/alessiam/dadawrap/subseq_nanopore_results/results/emu/subsampled0.3_SRR20752542-nanofilt_rel-abundance.tsv
    jobid: 9
    reason: Missing output files: /media/shared1/alessiam/dadawrap/subseq_nanopore_results/results/emu/subsampled0.3_SRR20752542-nanofilt_rel-abundance.tsv; Input files updated by another job: /media/shared1/alessiam/dadawrap/subseq_nanopore_results/intermediate/nanofilt/subsampled0.3_SRR20752542-nanofilt.fastq
    wildcards: output_dir=/media/shared1/alessiam/dadawrap/subseq_nanopore_results, sample=subsampled0.3_SRR20752542
    threads: 32
    resources: tmpdir=/tmp

[Tue Apr  8 15:01:18 2025]
Finished job 9.
6 of 9 steps (67%) done
Select jobs to execute...

[Tue Apr  8 15:01:18 2025]
rule fastqc_post:
    input: /media/shared1/alessiam/dadawrap/subseq_nanopore_results/intermediate/nanofilt/subsampled0.3_SRR20752542-nanofilt.fastq
    output: /media/shared1/alessiam/dadawrap/subseq_nanopore_results/QC/raw_qc_post/subsampled0.3_SRR20752542-nanofilt_fastqc.html
    jobid: 5
    reason: Missing output files: /media/shared1/alessiam/dadawrap/subseq_nanopore_results/QC/raw_qc_post/subsampled0.3_SRR20752542-nanofilt_fastqc.html; Input files updated by another job: /media/shared1/alessiam/dadawrap/subseq_nanopore_results/intermediate/nanofilt/subsampled0.3_SRR20752542-nanofilt.fastq
    wildcards: output_dir=/media/shared1/alessiam/dadawrap/subseq_nanopore_results, sample=subsampled0.3_SRR20752542
    resources: tmpdir=/tmp

[Tue Apr  8 15:01:21 2025]
Finished job 5.
7 of 9 steps (78%) done
Select jobs to execute...

[Tue Apr  8 15:01:21 2025]
rule multiqc_final:
    input: /media/shared1/alessiam/dadawrap/subseq_nanopore_results/QC/raw_qc_post/subsampled0.3_SRR20752542-nanofilt_fastqc.html
    output: /media/shared1/alessiam/dadawrap/subseq_nanopore_results/QC/raw_qc_post/multiqc_report.html
    jobid: 7
    reason: Missing output files: /media/shared1/alessiam/dadawrap/subseq_nanopore_results/QC/raw_qc_post/multiqc_report.html; Input files updated by another job: /media/shared1/alessiam/dadawrap/subseq_nanopore_results/QC/raw_qc_post/subsampled0.3_SRR20752542-nanofilt_fastqc.html
    wildcards: output_dir=/media/shared1/alessiam/dadawrap/subseq_nanopore_results
    resources: tmpdir=/tmp

[Tue Apr  8 15:01:23 2025]
Finished job 7.
8 of 9 steps (89%) done
Select jobs to execute...

[Tue Apr  8 15:01:23 2025]
localrule all:
    input: /media/shared1/alessiam/dadawrap/subseq_nanopore_results/QC/raw_qc_initial/subsampled0.3_SRR20752542_fastqc.html, /media/shared1/alessiam/dadawrap/subseq_nanopore_results/QC/raw_qc_initial/multiqc_report.html, /media/shared1/alessiam/dadawrap/subseq_nanopore_results/intermediate/cutadapt/subsampled0.3_SRR20752542_cutadapt.fq.gz, /media/shared1/alessiam/dadawrap/subseq_nanopore_results/intermediate/cutadapt/cutadapt_primer_trimming_stats.txt, /media/shared1/alessiam/dadawrap/subseq_nanopore_results/QC/raw_qc_post/subsampled0.3_SRR20752542-nanofilt_fastqc.html, /media/shared1/alessiam/dadawrap/subseq_nanopore_results/QC/raw_qc_post/multiqc_report.html, db_s/emu/emu, db_s/emu/emu/taxonomy.tsv, db_s/emu/emu/species_taxid.fasta, /media/shared1/alessiam/dadawrap/subseq_nanopore_results/results/emu/subsampled0.3_SRR20752542-nanofilt_rel-abundance.tsv
    jobid: 0
    reason: Input files updated by another job: /media/shared1/alessiam/dadawrap/subseq_nanopore_results/results/emu/subsampled0.3_SRR20752542-nanofilt_rel-abundance.tsv, /media/shared1/alessiam/dadawrap/subseq_nanopore_results/intermediate/cutadapt/cutadapt_primer_trimming_stats.txt, /media/shared1/alessiam/dadawrap/subseq_nanopore_results/QC/raw_qc_initial/multiqc_report.html, /media/shared1/alessiam/dadawrap/subseq_nanopore_results/QC/raw_qc_post/multiqc_report.html, /media/shared1/alessiam/dadawrap/subseq_nanopore_results/QC/raw_qc_initial/subsampled0.3_SRR20752542_fastqc.html, /media/shared1/alessiam/dadawrap/subseq_nanopore_results/intermediate/cutadapt/subsampled0.3_SRR20752542_cutadapt.fq.gz, /media/shared1/alessiam/dadawrap/subseq_nanopore_results/QC/raw_qc_post/subsampled0.3_SRR20752542-nanofilt_fastqc.html
    resources: tmpdir=/tmp

[Tue Apr  8 15:01:23 2025]
Finished job 0.
9 of 9 steps (100%) done
Complete log: .snakemake/log/2025-04-08T145041.587166.snakemake.log
