Building DAG of jobs...
Using shell: /usr/bin/bash
Provided cores: 32
Rules claiming more threads will be scaled down.
Job stats:
job                      count
---------------------  -------
all                          1
combine_cutadapt_logs        1
cutadapt                     2
dada2_assign_taxonomy        1
dada2_error_learning         1
dada2_filter                 1
dada2_infer_asvs             1
dada2_remove_chimeras        1
download_dada2_db            1
fastqc_initial               4
fastqc_post_cutadapt         4
figaro                       1
input_symlink                4
multiqc_final                1
multiqc_initial              1
reporter                     1
track_reads                  1
total                       27

Select jobs to execute...
Failed to solve scheduling problem with ILP solver. Falling back to greedy solver. Run Snakemake with --verbose to see the full solver output for debugging the problem.

[Fri Mar 21 10:33:30 2025]
rule input_symlink:
    input: /media/shared1/alessiam/dadawrap/datiseq/Lyb2_11_L001_R1_001.fastq.gz
    output: /media/shared1/alessiam/dadawrap/datiseq_out/figaro_inp/Lyb1_R2.fastq.gz
    jobid: 2
    reason: Missing output files: /media/shared1/alessiam/dadawrap/datiseq_out/figaro_inp/Lyb1_R2.fastq.gz
    wildcards: sample=Lyb1, index=2.fastq, extension=gz
    resources: tmpdir=/tmp

[Fri Mar 21 10:33:30 2025]
rule download_dada2_db:
    output: db_s/dada2/SILVA_SSU_r138_2019.RData
    jobid: 23
    reason: Missing output files: db_s/dada2/SILVA_SSU_r138_2019.RData
    resources: tmpdir=/tmp


[Fri Mar 21 10:33:30 2025]
rule cutadapt:
    input: /media/shared1/alessiam/dadawrap/datiseq/Lyb2_11_L001_R2_001.fastq.gz, /media/shared1/alessiam/dadawrap/datiseq/Lyb2_11_L001_R1_001.fastq.gz
    output: /media/shared1/alessiam/dadawrap/datiseq_out/intermediate/cutadapt/Lyb2_trimmed_R1.fq.gz, /media/shared1/alessiam/dadawrap/datiseq_out/intermediate/cutadapt/Lyb2_trimmed_R2.fq.gz
    log: /media/shared1/alessiam/dadawrap/datiseq_out/intermediate/cutadapt/Lyb2_cutadapt.log
    jobid: 11
    reason: Missing output files: /media/shared1/alessiam/dadawrap/datiseq_out/intermediate/cutadapt/Lyb2_cutadapt.log, /media/shared1/alessiam/dadawrap/datiseq_out/intermediate/cutadapt/Lyb2_trimmed_R1.fq.gz, /media/shared1/alessiam/dadawrap/datiseq_out/intermediate/cutadapt/Lyb2_trimmed_R2.fq.gz
    wildcards: output_dir=/media/shared1/alessiam/dadawrap/datiseq_out, sample=Lyb2
    resources: tmpdir=/tmp


[Fri Mar 21 10:33:30 2025]
rule input_symlink:
    input: /media/shared1/alessiam/dadawrap/datiseq/Lyb2_11_L001_R1_001.fastq.gz
    output: /media/shared1/alessiam/dadawrap/datiseq_out/figaro_inp/Lyb1_R1.fastq.gz
    jobid: 1
    reason: Missing output files: /media/shared1/alessiam/dadawrap/datiseq_out/figaro_inp/Lyb1_R1.fastq.gz
    wildcards: sample=Lyb1, index=1.fastq, extension=gz
    resources: tmpdir=/tmp

[Fri Mar 21 10:33:30 2025]
rule input_symlink:
    input: /media/shared1/alessiam/dadawrap/datiseq/Lyb2_11_L001_R1_001.fastq.gz
    output: /media/shared1/alessiam/dadawrap/datiseq_out/figaro_inp/Lyb2_R1.fastq.gz
    jobid: 3
    reason: Missing output files: /media/shared1/alessiam/dadawrap/datiseq_out/figaro_inp/Lyb2_R1.fastq.gz
    wildcards: sample=Lyb2, index=1.fastq, extension=gz
    resources: tmpdir=/tmp

[Fri Mar 21 10:33:30 2025]
rule input_symlink:
    input: /media/shared1/alessiam/dadawrap/datiseq/Lyb2_11_L001_R1_001.fastq.gz
    output: /media/shared1/alessiam/dadawrap/datiseq_out/figaro_inp/Lyb2_R2.fastq.gz
    jobid: 4
    reason: Missing output files: /media/shared1/alessiam/dadawrap/datiseq_out/figaro_inp/Lyb2_R2.fastq.gz
    wildcards: sample=Lyb2, index=2.fastq, extension=gz
    resources: tmpdir=/tmp

[Fri Mar 21 10:33:30 2025]
rule cutadapt:
    input: /media/shared1/alessiam/dadawrap/datiseq/Lyb1_11_L001_R1_001.fastq.gz, /media/shared1/alessiam/dadawrap/datiseq/Lyb1_11_L001_R2_001.fastq.gz
    output: /media/shared1/alessiam/dadawrap/datiseq_out/intermediate/cutadapt/Lyb1_trimmed_R1.fq.gz, /media/shared1/alessiam/dadawrap/datiseq_out/intermediate/cutadapt/Lyb1_trimmed_R2.fq.gz
    log: /media/shared1/alessiam/dadawrap/datiseq_out/intermediate/cutadapt/Lyb1_cutadapt.log
    jobid: 10
    reason: Missing output files: /media/shared1/alessiam/dadawrap/datiseq_out/intermediate/cutadapt/Lyb1_trimmed_R1.fq.gz, /media/shared1/alessiam/dadawrap/datiseq_out/intermediate/cutadapt/Lyb1_trimmed_R2.fq.gz, /media/shared1/alessiam/dadawrap/datiseq_out/intermediate/cutadapt/Lyb1_cutadapt.log
    wildcards: output_dir=/media/shared1/alessiam/dadawrap/datiseq_out, sample=Lyb1
    resources: tmpdir=/tmp

[Fri Mar 21 10:33:34 2025]
Finished job 11.
1 of 27 steps (4%) done
[Fri Mar 21 10:33:34 2025]
Finished job 10.
2 of 27 steps (7%) done
[Fri Mar 21 10:33:46 2025]
Finished job 23.
3 of 27 steps (11%) done
Shutting down, this might take some time.
Exiting because a job execution failed. Look above for error message
Complete log: .snakemake/log/2025-03-21T103327.834800.snakemake.log
