Building DAG of jobs...
Using shell: /usr/bin/bash
Provided cores: 32
Rules claiming more threads will be scaled down.
Job stats:
job                      count
---------------------  -------
all                          1
combine_cutadapt_logs        1
dada2_assign_taxonomy        1
dada2_error_learning         1
dada2_filter                 1
dada2_infer_asvs             1
dada2_remove_chimeras        1
fastqc_initial               4
multiqc_final                1
multiqc_initial              1
reporter                     1
track_reads                  1
total                       15

Select jobs to execute...
Failed to solve scheduling problem with ILP solver. Falling back to greedy solver. Run Snakemake with --verbose to see the full solver output for debugging the problem.

[Fri Mar 21 11:17:25 2025]
rule fastqc_initial:
    input: /media/shared1/alessiam/dadawrap/datiseq/Lyb1_11_L001_R2_001.fastq.gz
    output: /media/shared1/alessiam/dadawrap/datiseq_out/QC/raw_qc_initial/Lyb1_11_L001_R2_001_fastqc.html
    jobid: 8
    reason: Missing output files: /media/shared1/alessiam/dadawrap/datiseq_out/QC/raw_qc_initial/Lyb1_11_L001_R2_001_fastqc.html
    wildcards: output_dir=/media/shared1/alessiam/dadawrap/datiseq_out, file=Lyb1_11_L001_R2_001
    threads: 32
    resources: tmpdir=/tmp

[Fri Mar 21 11:17:31 2025]
Finished job 8.
1 of 15 steps (7%) done
Select jobs to execute...
Failed to solve scheduling problem with ILP solver. Falling back to greedy solver. Run Snakemake with --verbose to see the full solver output for debugging the problem.

[Fri Mar 21 11:17:32 2025]
rule fastqc_initial:
    input: /media/shared1/alessiam/dadawrap/datiseq/Lyb2_11_L001_R2_001.fastq.gz
    output: /media/shared1/alessiam/dadawrap/datiseq_out/QC/raw_qc_initial/Lyb2_11_L001_R2_001_fastqc.html
    jobid: 6
    reason: Missing output files: /media/shared1/alessiam/dadawrap/datiseq_out/QC/raw_qc_initial/Lyb2_11_L001_R2_001_fastqc.html
    wildcards: output_dir=/media/shared1/alessiam/dadawrap/datiseq_out, file=Lyb2_11_L001_R2_001
    threads: 32
    resources: tmpdir=/tmp

[Fri Mar 21 11:17:35 2025]
Finished job 6.
2 of 15 steps (13%) done
Select jobs to execute...
Failed to solve scheduling problem with ILP solver. Falling back to greedy solver. Run Snakemake with --verbose to see the full solver output for debugging the problem.

[Fri Mar 21 11:17:36 2025]
rule fastqc_initial:
    input: /media/shared1/alessiam/dadawrap/datiseq/Lyb1_11_L001_R1_001.fastq.gz
    output: /media/shared1/alessiam/dadawrap/datiseq_out/QC/raw_qc_initial/Lyb1_11_L001_R1_001_fastqc.html
    jobid: 5
    reason: Missing output files: /media/shared1/alessiam/dadawrap/datiseq_out/QC/raw_qc_initial/Lyb1_11_L001_R1_001_fastqc.html
    wildcards: output_dir=/media/shared1/alessiam/dadawrap/datiseq_out, file=Lyb1_11_L001_R1_001
    threads: 32
    resources: tmpdir=/tmp

[Fri Mar 21 11:17:40 2025]
Finished job 5.
3 of 15 steps (20%) done
Select jobs to execute...
Failed to solve scheduling problem with ILP solver. Falling back to greedy solver. Run Snakemake with --verbose to see the full solver output for debugging the problem.

[Fri Mar 21 11:17:41 2025]
rule fastqc_initial:
    input: /media/shared1/alessiam/dadawrap/datiseq/Lyb2_11_L001_R1_001.fastq.gz
    output: /media/shared1/alessiam/dadawrap/datiseq_out/QC/raw_qc_initial/Lyb2_11_L001_R1_001_fastqc.html
    jobid: 7
    reason: Missing output files: /media/shared1/alessiam/dadawrap/datiseq_out/QC/raw_qc_initial/Lyb2_11_L001_R1_001_fastqc.html
    wildcards: output_dir=/media/shared1/alessiam/dadawrap/datiseq_out, file=Lyb2_11_L001_R1_001
    threads: 32
    resources: tmpdir=/tmp

[Fri Mar 21 11:17:43 2025]
Finished job 7.
4 of 15 steps (27%) done
Select jobs to execute...
Failed to solve scheduling problem with ILP solver. Falling back to greedy solver. Run Snakemake with --verbose to see the full solver output for debugging the problem.

[Fri Mar 21 11:17:44 2025]
rule multiqc_initial:
    input: /media/shared1/alessiam/dadawrap/datiseq_out/QC/raw_qc_initial/Lyb1_11_L001_R1_001_fastqc.html, /media/shared1/alessiam/dadawrap/datiseq_out/QC/raw_qc_initial/Lyb2_11_L001_R2_001_fastqc.html, /media/shared1/alessiam/dadawrap/datiseq_out/QC/raw_qc_initial/Lyb2_11_L001_R1_001_fastqc.html, /media/shared1/alessiam/dadawrap/datiseq_out/QC/raw_qc_initial/Lyb1_11_L001_R2_001_fastqc.html
    output: /media/shared1/alessiam/dadawrap/datiseq_out/QC/raw_qc_initial/multiqc_report.html
    jobid: 9
    reason: Missing output files: /media/shared1/alessiam/dadawrap/datiseq_out/QC/raw_qc_initial/multiqc_report.html; Input files updated by another job: /media/shared1/alessiam/dadawrap/datiseq_out/QC/raw_qc_initial/Lyb2_11_L001_R2_001_fastqc.html, /media/shared1/alessiam/dadawrap/datiseq_out/QC/raw_qc_initial/Lyb1_11_L001_R1_001_fastqc.html, /media/shared1/alessiam/dadawrap/datiseq_out/QC/raw_qc_initial/Lyb2_11_L001_R1_001_fastqc.html, /media/shared1/alessiam/dadawrap/datiseq_out/QC/raw_qc_initial/Lyb1_11_L001_R2_001_fastqc.html
    threads: 32
    resources: tmpdir=/tmp

[Fri Mar 21 11:17:48 2025]
Finished job 9.
5 of 15 steps (33%) done
Select jobs to execute...
Failed to solve scheduling problem with ILP solver. Falling back to greedy solver. Run Snakemake with --verbose to see the full solver output for debugging the problem.

[Fri Mar 21 11:17:49 2025]
rule multiqc_final:
    input: /media/shared1/alessiam/dadawrap/datiseq_out/QC/raw_qc_post_cutadapt/Lyb1_trimmed_R1_fastqc.html, /media/shared1/alessiam/dadawrap/datiseq_out/QC/raw_qc_post_cutadapt/Lyb1_trimmed_R2_fastqc.html, /media/shared1/alessiam/dadawrap/datiseq_out/QC/raw_qc_post_cutadapt/Lyb2_trimmed_R1_fastqc.html, /media/shared1/alessiam/dadawrap/datiseq_out/QC/raw_qc_post_cutadapt/Lyb2_trimmed_R2_fastqc.html
    output: /media/shared1/alessiam/dadawrap/datiseq_out/QC/raw_qc_post_cutadapt/multiqc_report.html
    jobid: 16
    reason: Missing output files: /media/shared1/alessiam/dadawrap/datiseq_out/QC/raw_qc_post_cutadapt/multiqc_report.html
    threads: 32
    resources: tmpdir=/tmp

[Fri Mar 21 11:17:50 2025]
Finished job 16.
6 of 15 steps (40%) done
Select jobs to execute...
Failed to solve scheduling problem with ILP solver. Falling back to greedy solver. Run Snakemake with --verbose to see the full solver output for debugging the problem.

[Fri Mar 21 11:17:51 2025]
rule dada2_filter:
    input: /media/shared1/alessiam/dadawrap/datiseq_out/intermediate/figaro/trimParameters.json
    output: /media/shared1/alessiam/dadawrap/datiseq_out/intermediate/dada2_filtered/Lyb1_R1_filtered.fq.gz, /media/shared1/alessiam/dadawrap/datiseq_out/intermediate/dada2_filtered/Lyb1_R2_filtered.fq.gz, /media/shared1/alessiam/dadawrap/datiseq_out/intermediate/dada2_filtered/Lyb2_R1_filtered.fq.gz, /media/shared1/alessiam/dadawrap/datiseq_out/intermediate/dada2_filtered/Lyb2_R2_filtered.fq.gz, /media/shared1/alessiam/dadawrap/datiseq_out/intermediate/dada2_filtered/checkout.filter
    jobid: 19
    reason: Missing output files: /media/shared1/alessiam/dadawrap/datiseq_out/intermediate/dada2_filtered/Lyb2_R1_filtered.fq.gz, /media/shared1/alessiam/dadawrap/datiseq_out/intermediate/dada2_filtered/Lyb2_R2_filtered.fq.gz, /media/shared1/alessiam/dadawrap/datiseq_out/intermediate/dada2_filtered/checkout.filter, /media/shared1/alessiam/dadawrap/datiseq_out/intermediate/dada2_filtered/Lyb1_R2_filtered.fq.gz, /media/shared1/alessiam/dadawrap/datiseq_out/intermediate/dada2_filtered/Lyb1_R1_filtered.fq.gz
    resources: tmpdir=/tmp


[Fri Mar 21 11:17:51 2025]
rule combine_cutadapt_logs:
    input: /media/shared1/alessiam/dadawrap/datiseq_out/intermediate/cutadapt/Lyb1_cutadapt.log, /media/shared1/alessiam/dadawrap/datiseq_out/intermediate/cutadapt/Lyb2_cutadapt.log
    output: /media/shared1/alessiam/dadawrap/datiseq_out/intermediate/cutadapt/cutadapt_primer_trimming_stats.txt
    log: /media/shared1/alessiam/dadawrap/datiseq_out/intermediate/cutadapt/combined_cutadapt.log
    jobid: 18
    reason: Missing output files: /media/shared1/alessiam/dadawrap/datiseq_out/intermediate/cutadapt/cutadapt_primer_trimming_stats.txt
    resources: tmpdir=/tmp

[Fri Mar 21 11:17:52 2025]
Error in rule combine_cutadapt_logs:
    jobid: 18
    input: /media/shared1/alessiam/dadawrap/datiseq_out/intermediate/cutadapt/Lyb1_cutadapt.log, /media/shared1/alessiam/dadawrap/datiseq_out/intermediate/cutadapt/Lyb2_cutadapt.log
    output: /media/shared1/alessiam/dadawrap/datiseq_out/intermediate/cutadapt/cutadapt_primer_trimming_stats.txt
    log: /media/shared1/alessiam/dadawrap/datiseq_out/intermediate/cutadapt/combined_cutadapt.log (check log file(s) for error details)
    shell:
        
        cat /media/shared1/alessiam/dadawrap/datiseq_out/intermediate/cutadapt/Lyb1_cutadapt.log /media/shared1/alessiam/dadawrap/datiseq_out/intermediate/cutadapt/Lyb2_cutadapt.log > /media/shared1/alessiam/dadawrap/datiseq_out/intermediate/cutadapt/cutadapt_primer_trimming_stats.txt
        echo -e "sample	reads retained	bps retained" > /media/shared1/alessiam/dadawrap/datiseq_out/intermediate/cutadapt/combined_cutadapt.log
        paste <(echo ['Lyb1', 'Lyb2'] | tr " " "
") <(grep "passing" cutadapt_primer_trimming_stats.txt | cut -f3 -d "(" | tr -d ")") <(grep "filtered" cutadapt_primer_trimming_stats.txt | cut -f3 -d "(" | tr -d ")") >> /media/shared1/alessiam/dadawrap/datiseq_out/intermediate/cutadapt/combined_cutadapt.log
        cat /media/shared1/alessiam/dadawrap/datiseq_out/intermediate/cutadapt/combined_cutadapt.log
        mv /media/shared1/alessiam/dadawrap/datiseq_out/intermediate/cutadapt/Lyb1_cutadapt.log /media/shared1/alessiam/dadawrap/datiseq_out/intermediate/cutadapt/Lyb2_cutadapt.log f"/media/shared1/alessiam/dadawrap/datiseq_out/QC/raw_qc_post_cutadapt/"
         
        (one of the commands exited with non-zero exit code; note that snakemake uses bash strict mode!)

Removing output files of failed job combine_cutadapt_logs since they might be corrupted:
/media/shared1/alessiam/dadawrap/datiseq_out/intermediate/cutadapt/cutadapt_primer_trimming_stats.txt
Terminating processes on user request, this might take some time.
[Fri Mar 21 11:17:57 2025]
Error in rule dada2_filter:
    jobid: 19
    input: /media/shared1/alessiam/dadawrap/datiseq_out/intermediate/figaro/trimParameters.json
    output: /media/shared1/alessiam/dadawrap/datiseq_out/intermediate/dada2_filtered/Lyb1_R1_filtered.fq.gz, /media/shared1/alessiam/dadawrap/datiseq_out/intermediate/dada2_filtered/Lyb1_R2_filtered.fq.gz, /media/shared1/alessiam/dadawrap/datiseq_out/intermediate/dada2_filtered/Lyb2_R1_filtered.fq.gz, /media/shared1/alessiam/dadawrap/datiseq_out/intermediate/dada2_filtered/Lyb2_R2_filtered.fq.gz, /media/shared1/alessiam/dadawrap/datiseq_out/intermediate/dada2_filtered/checkout.filter
    shell:
        
        mkdir -p /media/shared1/alessiam/dadawrap/datiseq_out/intermediate/dada2_filtered
        Rscript scripts/dada2_filter.R         /media/shared1/alessiam/dadawrap/datiseq_out/intermediate/cutadapt /media/shared1/alessiam/dadawrap/datiseq_out/intermediate/dada2_filtered /media/shared1/alessiam/dadawrap/datiseq_out/intermediate/figaro/trimParameters.json

    touch /media/shared1/alessiam/dadawrap/datiseq_out/intermediate/dada2_filtered/checkout.filter
        
        (one of the commands exited with non-zero exit code; note that snakemake uses bash strict mode!)

Complete log: .snakemake/log/2025-03-21T111717.953908.snakemake.log
