Building DAG of jobs...
Using shell: /usr/bin/bash
Provided cores: 32
Rules claiming more threads will be scaled down.
Job stats:
job                      count
---------------------  -------
all                          1
combine_cutadapt_logs        1
dada2_assign_taxonomy        1
dada2_error_learning         1
dada2_filter                 1
dada2_infer_asvs             1
dada2_remove_chimeras        1
figaro                       1
input_symlink                3
multiqc_final                1
multiqc_initial              1
reporter                     1
track_reads                  1
total                       15

Select jobs to execute...
Failed to solve scheduling problem with ILP solver. Falling back to greedy solver. Run Snakemake with --verbose to see the full solver output for debugging the problem.

[Fri Mar 21 10:46:48 2025]
rule combine_cutadapt_logs:
    input: /media/shared1/alessiam/dadawrap/datiseq_out/intermediate/cutadapt/Lyb1_cutadapt.log, /media/shared1/alessiam/dadawrap/datiseq_out/intermediate/cutadapt/Lyb2_cutadapt.log
    output: /media/shared1/alessiam/dadawrap/datiseq_out/intermediate/cutadapt/cutadapt_primer_trimming_stats.txt
    log: /media/shared1/alessiam/dadawrap/datiseq_out/intermediate/cutadapt/combined_cutadapt.log
    jobid: 18
    reason: Missing output files: /media/shared1/alessiam/dadawrap/datiseq_out/intermediate/cutadapt/cutadapt_primer_trimming_stats.txt
    resources: tmpdir=/tmp


[Fri Mar 21 10:46:48 2025]
rule input_symlink:
    input: /media/shared1/alessiam/dadawrap/datiseq/Lyb2_11_L001_R1_001.fastq.gz
    output: /media/shared1/alessiam/dadawrap/datiseq_out/figaro_inp/Lyb2_R1.fastq.gz
    jobid: 3
    reason: Missing output files: /media/shared1/alessiam/dadawrap/datiseq_out/figaro_inp/Lyb2_R1.fastq.gz
    wildcards: sample=Lyb2, index=1.fastq, extension=gz
    resources: tmpdir=/tmp

[Fri Mar 21 10:46:48 2025]
rule input_symlink:
    input: /media/shared1/alessiam/dadawrap/datiseq/Lyb2_11_L001_R1_001.fastq.gz
    output: /media/shared1/alessiam/dadawrap/datiseq_out/figaro_inp/Lyb2_R2.fastq.gz
    jobid: 4
    reason: Missing output files: /media/shared1/alessiam/dadawrap/datiseq_out/figaro_inp/Lyb2_R2.fastq.gz
    wildcards: sample=Lyb2, index=2.fastq, extension=gz
    resources: tmpdir=/tmp

[Fri Mar 21 10:46:48 2025]
rule input_symlink:
    input: /media/shared1/alessiam/dadawrap/datiseq/Lyb2_11_L001_R1_001.fastq.gz
    output: /media/shared1/alessiam/dadawrap/datiseq_out/figaro_inp/Lyb1_R1.fastq.gz
    jobid: 1
    reason: Missing output files: /media/shared1/alessiam/dadawrap/datiseq_out/figaro_inp/Lyb1_R1.fastq.gz
    wildcards: sample=Lyb1, index=1.fastq, extension=gz
    resources: tmpdir=/tmp

[Fri Mar 21 10:46:48 2025]
Error in rule combine_cutadapt_logs:
    jobid: 18
    input: /media/shared1/alessiam/dadawrap/datiseq_out/intermediate/cutadapt/Lyb1_cutadapt.log, /media/shared1/alessiam/dadawrap/datiseq_out/intermediate/cutadapt/Lyb2_cutadapt.log
    output: /media/shared1/alessiam/dadawrap/datiseq_out/intermediate/cutadapt/cutadapt_primer_trimming_stats.txt
    log: /media/shared1/alessiam/dadawrap/datiseq_out/intermediate/cutadapt/combined_cutadapt.log (check log file(s) for error details)
    shell:
        
        cat /media/shared1/alessiam/dadawrap/datiseq_out/intermediate/cutadapt/Lyb1_cutadapt.log /media/shared1/alessiam/dadawrap/datiseq_out/intermediate/cutadapt/Lyb2_cutadapt.log > /media/shared1/alessiam/dadawrap/datiseq_out/intermediate/cutadapt/cutadapt_primer_trimming_stats.txt
        echo -e "sample	reads retained	bps retained" > /media/shared1/alessiam/dadawrap/datiseq_out/intermediate/cutadapt/combined_cutadapt.log
        paste <(echo dict_keys(['Lyb1', 'Lyb2']) | tr " " "
") <(grep "passing" cutadapt_primer_trimming_stats.txt | cut -f3 -d "(" | tr -d ")") <(grep "filtered" cutadapt_primer_trimming_stats.txt | cut -f3 -d "(" | tr -d ")") >> /media/shared1/alessiam/dadawrap/datiseq_out/intermediate/cutadapt/combined_cutadapt.log
        cat /media/shared1/alessiam/dadawrap/datiseq_out/intermediate/cutadapt/combined_cutadapt.log
        mv /media/shared1/alessiam/dadawrap/datiseq_out/intermediate/cutadapt/Lyb1_cutadapt.log /media/shared1/alessiam/dadawrap/datiseq_out/intermediate/cutadapt/Lyb2_cutadapt.log f"/media/shared1/alessiam/dadawrap/datiseq_out/QC/raw_qc_post_cutadapt/"
         
        (one of the commands exited with non-zero exit code; note that snakemake uses bash strict mode!)

Removing output files of failed job combine_cutadapt_logs since they might be corrupted:
/media/shared1/alessiam/dadawrap/datiseq_out/intermediate/cutadapt/cutadapt_primer_trimming_stats.txt
Shutting down, this might take some time.
Exiting because a job execution failed. Look above for error message
Complete log: .snakemake/log/2025-03-21T104646.630935.snakemake.log
