Building DAG of jobs...
Using shell: /usr/bin/bash
Provided cores: 32
Rules claiming more threads will be scaled down.
Job stats:
job                      count
---------------------  -------
all                          1
combine_cutadapt_logs        1
cutadapt_primers             2
emu_abundance                2
fastqc_initial               2
fastqc_post                  2
multiqc_initial              1
multiqc_post                 1
nanofilt                     2
porechop                     2
reporter                     1
seqkit_stats_post_qc         1
seqkit_stats_pre_qc          1
total                       19

Select jobs to execute...

[Thu Apr 10 10:15:36 2025]
rule porechop:
    input: /media/shared1/alessiam/dadawrap/subseq_nanopore/subsampled0.2_carajo.fastq
    output: /media/shared1/alessiam/dadawrap/subseq_nanopore_results_3/intermediate/porechop/subsampled0.2_carajo-porechop.fastq.gz
    jobid: 5
    reason: Missing output files: /media/shared1/alessiam/dadawrap/subseq_nanopore_results_3/intermediate/porechop/subsampled0.2_carajo-porechop.fastq.gz
    wildcards: output_dir=/media/shared1/alessiam/dadawrap/subseq_nanopore_results_3, sample=subsampled0.2_carajo
    resources: tmpdir=/tmp

[Thu Apr 10 10:15:36 2025]
rule porechop:
    input: /media/shared1/alessiam/dadawrap/subseq_nanopore/subsampled0.3_SRR20752542.fastq
    output: /media/shared1/alessiam/dadawrap/subseq_nanopore_results_3/intermediate/porechop/subsampled0.3_SRR20752542-porechop.fastq.gz
    jobid: 6
    reason: Missing output files: /media/shared1/alessiam/dadawrap/subseq_nanopore_results_3/intermediate/porechop/subsampled0.3_SRR20752542-porechop.fastq.gz
    wildcards: output_dir=/media/shared1/alessiam/dadawrap/subseq_nanopore_results_3, sample=subsampled0.3_SRR20752542
    resources: tmpdir=/tmp

[Thu Apr 10 10:15:36 2025]
rule fastqc_initial:
    input: /media/shared1/alessiam/dadawrap/subseq_nanopore/subsampled0.2_carajo.fastq
    output: /media/shared1/alessiam/dadawrap/subseq_nanopore_results_3/QC/raw_qc_initial/subsampled0.2_carajo_fastqc.html
    jobid: 1
    reason: Missing output files: /media/shared1/alessiam/dadawrap/subseq_nanopore_results_3/QC/raw_qc_initial/subsampled0.2_carajo_fastqc.html
    wildcards: output_dir=/media/shared1/alessiam/dadawrap/subseq_nanopore_results_3, sample=subsampled0.2_carajo
    resources: tmpdir=/tmp


[Thu Apr 10 10:15:36 2025]
rule fastqc_initial:
    input: /media/shared1/alessiam/dadawrap/subseq_nanopore/subsampled0.3_SRR20752542.fastq
    output: /media/shared1/alessiam/dadawrap/subseq_nanopore_results_3/QC/raw_qc_initial/subsampled0.3_SRR20752542_fastqc.html
    jobid: 2
    reason: Missing output files: /media/shared1/alessiam/dadawrap/subseq_nanopore_results_3/QC/raw_qc_initial/subsampled0.3_SRR20752542_fastqc.html
    wildcards: output_dir=/media/shared1/alessiam/dadawrap/subseq_nanopore_results_3, sample=subsampled0.3_SRR20752542
    resources: tmpdir=/tmp


[Thu Apr 10 10:15:36 2025]
rule seqkit_stats_pre_qc:
    input: /media/shared1/alessiam/dadawrap/subseq_nanopore/subsampled0.2_carajo.fastq, /media/shared1/alessiam/dadawrap/subseq_nanopore/subsampled0.3_SRR20752542.fastq
    output: /media/shared1/alessiam/dadawrap/subseq_nanopore_results_3/QC/raw_qc_initial/readcount/raw_reads_counts.txt
    jobid: 3
    reason: Missing output files: /media/shared1/alessiam/dadawrap/subseq_nanopore_results_3/QC/raw_qc_initial/readcount/raw_reads_counts.txt
    wildcards: output_dir=/media/shared1/alessiam/dadawrap/subseq_nanopore_results_3
    resources: tmpdir=/tmp

[Thu Apr 10 10:15:37 2025]
Finished job 3.
1 of 19 steps (5%) done
[Thu Apr 10 10:15:41 2025]
Finished job 1.
2 of 19 steps (11%) done
[Thu Apr 10 10:15:41 2025]
Finished job 2.
3 of 19 steps (16%) done
Select jobs to execute...

[Thu Apr 10 10:15:41 2025]
rule multiqc_initial:
    input: /media/shared1/alessiam/dadawrap/subseq_nanopore_results_3/QC/raw_qc_initial/subsampled0.2_carajo_fastqc.html, /media/shared1/alessiam/dadawrap/subseq_nanopore_results_3/QC/raw_qc_initial/subsampled0.3_SRR20752542_fastqc.html
    output: /media/shared1/alessiam/dadawrap/subseq_nanopore_results_3/QC/raw_qc_initial/multiqc_report.html
    jobid: 4
    reason: Missing output files: /media/shared1/alessiam/dadawrap/subseq_nanopore_results_3/QC/raw_qc_initial/multiqc_report.html; Input files updated by another job: /media/shared1/alessiam/dadawrap/subseq_nanopore_results_3/QC/raw_qc_initial/subsampled0.2_carajo_fastqc.html, /media/shared1/alessiam/dadawrap/subseq_nanopore_results_3/QC/raw_qc_initial/subsampled0.3_SRR20752542_fastqc.html
    resources: tmpdir=/tmp

[Thu Apr 10 10:15:45 2025]
Finished job 4.
4 of 19 steps (21%) done
Terminating processes on user request, this might take some time.
Complete log: .snakemake/log/2025-04-10T101536.487998.snakemake.log
