Building DAG of jobs...
Using shell: /usr/bin/bash
Provided cores: 32
Rules claiming more threads will be scaled down.
Job stats:
job                      count
---------------------  -------
all                          1
combine_cutadapt_logs        1
cutadapt_primers             1
emu_abundance                1
fastqc_initial               1
fastqc_post                  1
multiqc_initial              1
multiqc_post                 1
nanofilt                     1
porechop                     1
seqkit_stats_pre_qc          1
total                       11

Select jobs to execute...

[Tue Apr  8 16:12:07 2025]
rule porechop:
    input: /media/shared1/alessiam/dadawrap/subseq_nanopore/subsampled0.3_SRR20752542.fastq
    output: /media/shared1/alessiam/dadawrap/subseq_nanopore_results/intermediate/porechop/subsampled0.3_SRR20752542-porechop.fastq.gz
    jobid: 4
    reason: Missing output files: /media/shared1/alessiam/dadawrap/subseq_nanopore_results/intermediate/porechop/subsampled0.3_SRR20752542-porechop.fastq.gz
    wildcards: output_dir=/media/shared1/alessiam/dadawrap/subseq_nanopore_results, sample=subsampled0.3_SRR20752542
    resources: tmpdir=/tmp


[Tue Apr  8 16:12:07 2025]
rule seqkit_stats_pre_qc:
    input: /media/shared1/alessiam/dadawrap/subseq_nanopore/subsampled0.3_SRR20752542.fastq
    output: /media/shared1/alessiam/dadawrap/subseq_nanopore_results/QC/raw_qc_initial/readcount/raw_reads_counts.txt
    jobid: 2
    reason: Missing output files: /media/shared1/alessiam/dadawrap/subseq_nanopore_results/QC/raw_qc_initial/readcount/raw_reads_counts.txt
    wildcards: output_dir=/media/shared1/alessiam/dadawrap/subseq_nanopore_results
    resources: tmpdir=/tmp


[Tue Apr  8 16:12:07 2025]
rule fastqc_initial:
    input: /media/shared1/alessiam/dadawrap/subseq_nanopore/subsampled0.3_SRR20752542.fastq
    output: /media/shared1/alessiam/dadawrap/subseq_nanopore_results/QC/raw_qc_initial/subsampled0.3_SRR20752542_fastqc.html
    jobid: 1
    reason: Missing output files: /media/shared1/alessiam/dadawrap/subseq_nanopore_results/QC/raw_qc_initial/subsampled0.3_SRR20752542_fastqc.html
    wildcards: output_dir=/media/shared1/alessiam/dadawrap/subseq_nanopore_results, sample=subsampled0.3_SRR20752542
    resources: tmpdir=/tmp

[Tue Apr  8 16:12:07 2025]
Finished job 2.
1 of 11 steps (9%) done
[Tue Apr  8 16:12:12 2025]
Finished job 1.
2 of 11 steps (18%) done
Select jobs to execute...

[Tue Apr  8 16:12:12 2025]
rule multiqc_initial:
    input: /media/shared1/alessiam/dadawrap/subseq_nanopore_results/QC/raw_qc_initial/subsampled0.3_SRR20752542_fastqc.html
    output: /media/shared1/alessiam/dadawrap/subseq_nanopore_results/QC/raw_qc_initial/multiqc_report.html
    jobid: 3
    reason: Missing output files: /media/shared1/alessiam/dadawrap/subseq_nanopore_results/QC/raw_qc_initial/multiqc_report.html; Input files updated by another job: /media/shared1/alessiam/dadawrap/subseq_nanopore_results/QC/raw_qc_initial/subsampled0.3_SRR20752542_fastqc.html; Code has changed since last execution
    resources: tmpdir=/tmp

[Tue Apr  8 16:12:15 2025]
Finished job 3.
3 of 11 steps (27%) done
[Tue Apr  8 16:13:50 2025]
Finished job 4.
4 of 11 steps (36%) done
Select jobs to execute...

[Tue Apr  8 16:13:50 2025]
rule cutadapt_primers:
    input: /media/shared1/alessiam/dadawrap/subseq_nanopore_results/intermediate/porechop/subsampled0.3_SRR20752542-porechop.fastq.gz
    output: /media/shared1/alessiam/dadawrap/subseq_nanopore_results/intermediate/cutadapt/subsampled0.3_SRR20752542_cutadapt.fq.gz
    log: /media/shared1/alessiam/dadawrap/subseq_nanopore_results/intermediate/cutadapt/subsampled0.3_SRR20752542_cutadapt.log
    jobid: 5
    reason: Missing output files: /media/shared1/alessiam/dadawrap/subseq_nanopore_results/intermediate/cutadapt/subsampled0.3_SRR20752542_cutadapt.log, /media/shared1/alessiam/dadawrap/subseq_nanopore_results/intermediate/cutadapt/subsampled0.3_SRR20752542_cutadapt.fq.gz; Input files updated by another job: /media/shared1/alessiam/dadawrap/subseq_nanopore_results/intermediate/porechop/subsampled0.3_SRR20752542-porechop.fastq.gz
    wildcards: output_dir=/media/shared1/alessiam/dadawrap/subseq_nanopore_results, sample=subsampled0.3_SRR20752542
    resources: tmpdir=/tmp

[Tue Apr  8 16:13:57 2025]
Finished job 5.
5 of 11 steps (45%) done
Select jobs to execute...

[Tue Apr  8 16:13:57 2025]
rule combine_cutadapt_logs:
    input: /media/shared1/alessiam/dadawrap/subseq_nanopore_results/intermediate/cutadapt/subsampled0.3_SRR20752542_cutadapt.log
    output: /media/shared1/alessiam/dadawrap/subseq_nanopore_results/intermediate/cutadapt/cutadapt_primer_trimming_stats.txt
    log: /media/shared1/alessiam/dadawrap/subseq_nanopore_results/intermediate/cutadapt/combined_cutadapt.log
    jobid: 6
    reason: Missing output files: /media/shared1/alessiam/dadawrap/subseq_nanopore_results/intermediate/cutadapt/cutadapt_primer_trimming_stats.txt; Input files updated by another job: /media/shared1/alessiam/dadawrap/subseq_nanopore_results/intermediate/cutadapt/subsampled0.3_SRR20752542_cutadapt.log
    resources: tmpdir=/tmp


[Tue Apr  8 16:13:57 2025]
rule nanofilt:
    input: /media/shared1/alessiam/dadawrap/subseq_nanopore_results/intermediate/cutadapt/subsampled0.3_SRR20752542_cutadapt.fq.gz
    output: /media/shared1/alessiam/dadawrap/subseq_nanopore_results/intermediate/nanofilt/subsampled0.3_SRR20752542-nanofilt.fastq
    jobid: 8
    reason: Missing output files: /media/shared1/alessiam/dadawrap/subseq_nanopore_results/intermediate/nanofilt/subsampled0.3_SRR20752542-nanofilt.fastq; Input files updated by another job: /media/shared1/alessiam/dadawrap/subseq_nanopore_results/intermediate/cutadapt/subsampled0.3_SRR20752542_cutadapt.fq.gz
    wildcards: output_dir=/media/shared1/alessiam/dadawrap/subseq_nanopore_results, sample=subsampled0.3_SRR20752542
    resources: tmpdir=/tmp

[Tue Apr  8 16:13:58 2025]
Finished job 6.
6 of 11 steps (55%) done
[Tue Apr  8 16:14:01 2025]
Finished job 8.
7 of 11 steps (64%) done
Select jobs to execute...

[Tue Apr  8 16:14:01 2025]
rule emu_abundance:
    input: /media/shared1/alessiam/dadawrap/subseq_nanopore_results/intermediate/nanofilt/subsampled0.3_SRR20752542-nanofilt.fastq, db_s/emu/emu
    output: /media/shared1/alessiam/dadawrap/subseq_nanopore_results/results/emu/subsampled0.3_SRR20752542-nanofilt_rel-abundance.tsv
    jobid: 11
    reason: Missing output files: /media/shared1/alessiam/dadawrap/subseq_nanopore_results/results/emu/subsampled0.3_SRR20752542-nanofilt_rel-abundance.tsv; Input files updated by another job: /media/shared1/alessiam/dadawrap/subseq_nanopore_results/intermediate/nanofilt/subsampled0.3_SRR20752542-nanofilt.fastq
    wildcards: output_dir=/media/shared1/alessiam/dadawrap/subseq_nanopore_results, sample=subsampled0.3_SRR20752542
    threads: 32
    resources: tmpdir=/tmp

[Tue Apr  8 16:24:32 2025]
Finished job 11.
8 of 11 steps (73%) done
Select jobs to execute...

[Tue Apr  8 16:24:32 2025]
rule fastqc_post:
    input: /media/shared1/alessiam/dadawrap/subseq_nanopore_results/intermediate/nanofilt/subsampled0.3_SRR20752542-nanofilt.fastq
    output: /media/shared1/alessiam/dadawrap/subseq_nanopore_results/QC/raw_qc_post/subsampled0.3_SRR20752542-nanofilt_fastqc.html
    jobid: 7
    reason: Missing output files: /media/shared1/alessiam/dadawrap/subseq_nanopore_results/QC/raw_qc_post/subsampled0.3_SRR20752542-nanofilt_fastqc.html; Input files updated by another job: /media/shared1/alessiam/dadawrap/subseq_nanopore_results/intermediate/nanofilt/subsampled0.3_SRR20752542-nanofilt.fastq
    wildcards: output_dir=/media/shared1/alessiam/dadawrap/subseq_nanopore_results, sample=subsampled0.3_SRR20752542
    resources: tmpdir=/tmp

[Tue Apr  8 16:24:35 2025]
Finished job 7.
9 of 11 steps (82%) done
Select jobs to execute...

[Tue Apr  8 16:24:35 2025]
rule multiqc_post:
    input: /media/shared1/alessiam/dadawrap/subseq_nanopore_results/QC/raw_qc_post/subsampled0.3_SRR20752542-nanofilt_fastqc.html
    output: /media/shared1/alessiam/dadawrap/subseq_nanopore_results/QC/raw_qc_post/multiqc_report.html
    jobid: 9
    reason: Missing output files: /media/shared1/alessiam/dadawrap/subseq_nanopore_results/QC/raw_qc_post/multiqc_report.html; Input files updated by another job: /media/shared1/alessiam/dadawrap/subseq_nanopore_results/QC/raw_qc_post/subsampled0.3_SRR20752542-nanofilt_fastqc.html; Code has changed since last execution
    wildcards: output_dir=/media/shared1/alessiam/dadawrap/subseq_nanopore_results
    resources: tmpdir=/tmp

[Tue Apr  8 16:24:37 2025]
Finished job 9.
10 of 11 steps (91%) done
Select jobs to execute...

[Tue Apr  8 16:24:37 2025]
localrule all:
    input: /media/shared1/alessiam/dadawrap/subseq_nanopore_results/QC/raw_qc_initial/subsampled0.3_SRR20752542_fastqc.html, /media/shared1/alessiam/dadawrap/subseq_nanopore_results/QC/raw_qc_initial/readcount/raw_reads_counts.txt, /media/shared1/alessiam/dadawrap/subseq_nanopore_results/QC/raw_qc_initial/multiqc_report.html, /media/shared1/alessiam/dadawrap/subseq_nanopore_results/intermediate/porechop/subsampled0.3_SRR20752542-porechop.fastq.gz, /media/shared1/alessiam/dadawrap/subseq_nanopore_results/intermediate/cutadapt/subsampled0.3_SRR20752542_cutadapt.fq.gz, /media/shared1/alessiam/dadawrap/subseq_nanopore_results/intermediate/cutadapt/cutadapt_primer_trimming_stats.txt, /media/shared1/alessiam/dadawrap/subseq_nanopore_results/QC/raw_qc_post/subsampled0.3_SRR20752542-nanofilt_fastqc.html, /media/shared1/alessiam/dadawrap/subseq_nanopore_results/QC/raw_qc_post/multiqc_report.html, db_s/emu/emu, db_s/emu/emu/taxonomy.tsv, db_s/emu/emu/species_taxid.fasta, /media/shared1/alessiam/dadawrap/subseq_nanopore_results/results/emu/subsampled0.3_SRR20752542-nanofilt_rel-abundance.tsv
    jobid: 0
    reason: Input files updated by another job: /media/shared1/alessiam/dadawrap/subseq_nanopore_results/intermediate/porechop/subsampled0.3_SRR20752542-porechop.fastq.gz, /media/shared1/alessiam/dadawrap/subseq_nanopore_results/QC/raw_qc_initial/readcount/raw_reads_counts.txt, /media/shared1/alessiam/dadawrap/subseq_nanopore_results/results/emu/subsampled0.3_SRR20752542-nanofilt_rel-abundance.tsv, /media/shared1/alessiam/dadawrap/subseq_nanopore_results/QC/raw_qc_post/multiqc_report.html, /media/shared1/alessiam/dadawrap/subseq_nanopore_results/QC/raw_qc_initial/multiqc_report.html, /media/shared1/alessiam/dadawrap/subseq_nanopore_results/QC/raw_qc_post/subsampled0.3_SRR20752542-nanofilt_fastqc.html, /media/shared1/alessiam/dadawrap/subseq_nanopore_results/QC/raw_qc_initial/subsampled0.3_SRR20752542_fastqc.html, /media/shared1/alessiam/dadawrap/subseq_nanopore_results/intermediate/cutadapt/cutadapt_primer_trimming_stats.txt, /media/shared1/alessiam/dadawrap/subseq_nanopore_results/intermediate/cutadapt/subsampled0.3_SRR20752542_cutadapt.fq.gz
    resources: tmpdir=/tmp

[Tue Apr  8 16:24:37 2025]
Finished job 0.
11 of 11 steps (100%) done
Complete log: .snakemake/log/2025-04-08T161206.789543.snakemake.log
