Building DAG of jobs...
Using shell: /usr/bin/bash
Provided cores: 32
Rules claiming more threads will be scaled down.
Job stats:
job                      count
---------------------  -------
all                          1
dada2_assign_taxonomy        1
reporter                     1
total                        3

Select jobs to execute...
Failed to solve scheduling problem with ILP solver. Falling back to greedy solver. Run Snakemake with --verbose to see the full solver output for debugging the problem.

[Fri Mar 21 11:45:32 2025]
rule dada2_assign_taxonomy:
    input: /media/shared1/alessiam/dadawrap/datiseq_out/intermediate/no_chimera_asvs.rds, db_s/dada2/SILVA_SSU_r138_2019.RData
    output: /media/shared1/alessiam/dadawrap/datiseq_out/results/ASVs.fa, /media/shared1/alessiam/dadawrap/datiseq_out/results/ASVs_counts.tsv, /media/shared1/alessiam/dadawrap/datiseq_out/results/ASVs_taxonomy.tsv
    jobid: 24
    reason: Missing output files: /media/shared1/alessiam/dadawrap/datiseq_out/results/ASVs_taxonomy.tsv, /media/shared1/alessiam/dadawrap/datiseq_out/results/ASVs.fa, /media/shared1/alessiam/dadawrap/datiseq_out/results/ASVs_counts.tsv
    wildcards: output_dir=/media/shared1/alessiam/dadawrap/datiseq_out
    resources: tmpdir=/tmp


[Fri Mar 21 11:45:32 2025]
rule reporter:
    input: /media/shared1/alessiam/dadawrap/datiseq_out/intermediate/cutadapt/combined_cutadapt.log, /media/shared1/alessiam/dadawrap/datiseq_out/results/read-count-tracking.tsv, /media/shared1/alessiam/dadawrap/datiseq_out/intermediate/figaro/trimParameters.json
    output: /media/shared1/alessiam/dadawrap/datiseq_out/results/final_report.txt
    jobid: 26
    reason: Missing output files: /media/shared1/alessiam/dadawrap/datiseq_out/results/final_report.txt
    resources: tmpdir=/tmp

[Fri Mar 21 11:45:32 2025]
Error in rule reporter:
    jobid: 26
    input: /media/shared1/alessiam/dadawrap/datiseq_out/intermediate/cutadapt/combined_cutadapt.log, /media/shared1/alessiam/dadawrap/datiseq_out/results/read-count-tracking.tsv, /media/shared1/alessiam/dadawrap/datiseq_out/intermediate/figaro/trimParameters.json
    output: /media/shared1/alessiam/dadawrap/datiseq_out/results/final_report.txt

RuleException:
CalledProcessError in file /media/shared1/alessiam/dadawrap/ampwrap/ampwrap/snakefile.short, line 371:
Command 'set -euo pipefail;  /home/ebosi/miniforge3/envs/AmpWraP-short/bin/python3.9 /media/shared1/alessiam/dadawrap/ampwrap/ampwrap/.snakemake/scripts/tmpzxomqre7.reporter_short.py' returned non-zero exit status 1.
  File "/media/shared1/alessiam/dadawrap/ampwrap/ampwrap/snakefile.short", line 371, in __rule_reporter
  File "/home/ebosi/miniforge3/envs/AmpWraP-short/lib/python3.9/concurrent/futures/thread.py", line 58, in run
Terminating processes on user request, this might take some time.
[Fri Mar 21 11:45:37 2025]
Error in rule dada2_assign_taxonomy:
    jobid: 24
    input: /media/shared1/alessiam/dadawrap/datiseq_out/intermediate/no_chimera_asvs.rds, db_s/dada2/SILVA_SSU_r138_2019.RData
    output: /media/shared1/alessiam/dadawrap/datiseq_out/results/ASVs.fa, /media/shared1/alessiam/dadawrap/datiseq_out/results/ASVs_counts.tsv, /media/shared1/alessiam/dadawrap/datiseq_out/results/ASVs_taxonomy.tsv
    shell:
        
       if [[ decipher_silva138 == "decipher_silva138" ]]; then
           Rscript scripts/dada2_assign_taxonomy2.R /media/shared1/alessiam/dadawrap/datiseq_out/intermediate/no_chimera_asvs.rds db_s/dada2/SILVA_SSU_r138_2019.RData /media/shared1/alessiam/dadawrap/datiseq_out/results
       elif [[ decipher_silva138 == "dada2_silva_genus138" || decipher_silva138 == "dada2_RDP_genus19" || decipher_silva138 == "dada2_GG2_genus09" ]]; then
           Rscript scripts/dada2_assign_taxonomy.R /media/shared1/alessiam/dadawrap/datiseq_out/intermediate/no_chimera_asvs.rds db_s/dada2/SILVA_SSU_r138_2019.RData /media/shared1/alessiam/dadawrap/datiseq_out/results
       else
           echo "Error: method not valid. Choose among 'decipher_silva138', 'dada2_silva_genus138', 'dada2_RDP_genus19', or 'dada2_GG2_genus09'."
           exit 1
       fi
       
        (one of the commands exited with non-zero exit code; note that snakemake uses bash strict mode!)

Complete log: .snakemake/log/2025-03-21T114530.797481.snakemake.log
