Building DAG of jobs...
Using shell: /usr/bin/bash
Provided cores: 32
Rules claiming more threads will be scaled down.
Job stats:
job                      count
---------------------  -------
all                          1
combine_cutadapt_logs        1
cutadapt_primers             1
emu_abundance                1
emu_compile                  1
emu_database                 1
fastqc_initial               1
fastqc_post                  1
multiqc_final                1
multiqc_initial              1
nanofilt                     1
total                       11

Select jobs to execute...

[Tue Apr  8 14:38:43 2025]
rule fastqc_initial:
    input: /media/shared1/alessiam/dadawrap/subseq_nanopore/subsampled0.3_SRR20752542.fastq
    output: /media/shared1/alessiam/dadawrap/subseq_nanopore_results/QC/raw_qc_initial/subsampled0.3_SRR20752542_fastqc.html
    jobid: 1
    reason: Missing output files: /media/shared1/alessiam/dadawrap/subseq_nanopore_results/QC/raw_qc_initial/subsampled0.3_SRR20752542_fastqc.html
    wildcards: output_dir=/media/shared1/alessiam/dadawrap/subseq_nanopore_results, sample=subsampled0.3_SRR20752542
    resources: tmpdir=/tmp


[Tue Apr  8 14:38:44 2025]
rule emu_database:
    output: db_s/emu/emu, db_s/emu/emu/taxonomy.tsv, db_s/emu/emu/species_taxid.fasta
    jobid: 8
    reason: Missing output files: db_s/emu/emu/taxonomy.tsv, db_s/emu/emu, db_s/emu/emu/species_taxid.fasta
    resources: tmpdir=/tmp


[Tue Apr  8 14:38:44 2025]
rule cutadapt_primers:
    input: /media/shared1/alessiam/dadawrap/subseq_nanopore/subsampled0.3_SRR20752542.fastq
    output: /media/shared1/alessiam/dadawrap/subseq_nanopore_results/intermediate/cutadapt/subsampled0.3_SRR20752542_cutadapt.fq.gz
    log: /media/shared1/alessiam/dadawrap/subseq_nanopore_results/intermediate/cutadapt/subsampled0.3_SRR20752542_cutadapt.log
    jobid: 3
    reason: Missing output files: /media/shared1/alessiam/dadawrap/subseq_nanopore_results/intermediate/cutadapt/subsampled0.3_SRR20752542_cutadapt.fq.gz, /media/shared1/alessiam/dadawrap/subseq_nanopore_results/intermediate/cutadapt/subsampled0.3_SRR20752542_cutadapt.log
    wildcards: output_dir=/media/shared1/alessiam/dadawrap/subseq_nanopore_results, sample=subsampled0.3_SRR20752542
    resources: tmpdir=/tmp

[Tue Apr  8 14:38:48 2025]
Finished job 1.
1 of 11 steps (9%) done
Select jobs to execute...

[Tue Apr  8 14:38:48 2025]
rule multiqc_initial:
    input: /media/shared1/alessiam/dadawrap/subseq_nanopore_results/QC/raw_qc_initial/subsampled0.3_SRR20752542_fastqc.html
    output: /media/shared1/alessiam/dadawrap/subseq_nanopore_results/QC/raw_qc_initial/multiqc_report.html
    jobid: 2
    reason: Missing output files: /media/shared1/alessiam/dadawrap/subseq_nanopore_results/QC/raw_qc_initial/multiqc_report.html; Input files updated by another job: /media/shared1/alessiam/dadawrap/subseq_nanopore_results/QC/raw_qc_initial/subsampled0.3_SRR20752542_fastqc.html
    resources: tmpdir=/tmp

[Tue Apr  8 14:38:50 2025]
Finished job 2.
2 of 11 steps (18%) done
[Tue Apr  8 14:38:52 2025]
Finished job 3.
3 of 11 steps (27%) done
Select jobs to execute...

[Tue Apr  8 14:38:52 2025]
rule combine_cutadapt_logs:
    input: /media/shared1/alessiam/dadawrap/subseq_nanopore_results/intermediate/cutadapt/subsampled0.3_SRR20752542_cutadapt.log
    output: /media/shared1/alessiam/dadawrap/subseq_nanopore_results/intermediate/cutadapt/cutadapt_primer_trimming_stats.txt
    log: /media/shared1/alessiam/dadawrap/subseq_nanopore_results/intermediate/cutadapt/combined_cutadapt.log
    jobid: 4
    reason: Missing output files: /media/shared1/alessiam/dadawrap/subseq_nanopore_results/intermediate/cutadapt/cutadapt_primer_trimming_stats.txt; Input files updated by another job: /media/shared1/alessiam/dadawrap/subseq_nanopore_results/intermediate/cutadapt/subsampled0.3_SRR20752542_cutadapt.log
    resources: tmpdir=/tmp


[Tue Apr  8 14:38:52 2025]
rule nanofilt:
    input: /media/shared1/alessiam/dadawrap/subseq_nanopore_results/intermediate/cutadapt/subsampled0.3_SRR20752542_cutadapt.fq.gz
    output: /media/shared1/alessiam/dadawrap/subseq_nanopore_results/intermediate/nanofilt/subsampled0.3_SRR20752542-nanofilt.fastq
    jobid: 6
    reason: Missing output files: /media/shared1/alessiam/dadawrap/subseq_nanopore_results/intermediate/nanofilt/subsampled0.3_SRR20752542-nanofilt.fastq; Input files updated by another job: /media/shared1/alessiam/dadawrap/subseq_nanopore_results/intermediate/cutadapt/subsampled0.3_SRR20752542_cutadapt.fq.gz
    wildcards: output_dir=/media/shared1/alessiam/dadawrap/subseq_nanopore_results, sample=subsampled0.3_SRR20752542
    resources: tmpdir=/tmp

[Tue Apr  8 14:38:52 2025]
Finished job 4.
4 of 11 steps (36%) done
[Tue Apr  8 14:38:58 2025]
Finished job 6.
5 of 11 steps (45%) done
Select jobs to execute...

[Tue Apr  8 14:38:58 2025]
rule fastqc_post:
    input: /media/shared1/alessiam/dadawrap/subseq_nanopore_results/intermediate/nanofilt/subsampled0.3_SRR20752542-nanofilt.fastq
    output: /media/shared1/alessiam/dadawrap/subseq_nanopore_results/QC/raw_qc_post/subsampled0.3_SRR20752542-nanofilt_fastqc.html
    jobid: 5
    reason: Missing output files: /media/shared1/alessiam/dadawrap/subseq_nanopore_results/QC/raw_qc_post/subsampled0.3_SRR20752542-nanofilt_fastqc.html; Input files updated by another job: /media/shared1/alessiam/dadawrap/subseq_nanopore_results/intermediate/nanofilt/subsampled0.3_SRR20752542-nanofilt.fastq
    wildcards: output_dir=/media/shared1/alessiam/dadawrap/subseq_nanopore_results, sample=subsampled0.3_SRR20752542
    resources: tmpdir=/tmp

[Tue Apr  8 14:39:02 2025]
Finished job 5.
6 of 11 steps (55%) done
Select jobs to execute...

[Tue Apr  8 14:39:02 2025]
rule multiqc_final:
    input: /media/shared1/alessiam/dadawrap/subseq_nanopore_results/QC/raw_qc_post/subsampled0.3_SRR20752542-nanofilt_fastqc.html
    output: /media/shared1/alessiam/dadawrap/subseq_nanopore_results/QC/raw_qc_post/multiqc_report.html
    jobid: 7
    reason: Missing output files: /media/shared1/alessiam/dadawrap/subseq_nanopore_results/QC/raw_qc_post/multiqc_report.html; Input files updated by another job: /media/shared1/alessiam/dadawrap/subseq_nanopore_results/QC/raw_qc_post/subsampled0.3_SRR20752542-nanofilt_fastqc.html
    wildcards: output_dir=/media/shared1/alessiam/dadawrap/subseq_nanopore_results
    resources: tmpdir=/tmp

[Tue Apr  8 14:39:04 2025]
Finished job 7.
7 of 11 steps (64%) done
[Tue Apr  8 14:39:05 2025]
Finished job 8.
8 of 11 steps (73%) done
Select jobs to execute...

[Tue Apr  8 14:39:05 2025]
rule emu_abundance:
    input: /media/shared1/alessiam/dadawrap/subseq_nanopore_results/intermediate/nanofilt/subsampled0.3_SRR20752542-nanofilt.fastq, db_s/emu/emu
    output: /media/shared1/alessiam/dadawrap/subseq_nanopore_results/results/emu/subsampled0.3_SRR20752542-nanofilt_rel-abundance.tsv
    jobid: 10
    reason: Missing output files: /media/shared1/alessiam/dadawrap/subseq_nanopore_results/results/emu/subsampled0.3_SRR20752542-nanofilt_rel-abundance.tsv; Input files updated by another job: /media/shared1/alessiam/dadawrap/subseq_nanopore_results/intermediate/nanofilt/subsampled0.3_SRR20752542-nanofilt.fastq, db_s/emu/emu
    wildcards: output_dir=/media/shared1/alessiam/dadawrap/subseq_nanopore_results, sample=subsampled0.3_SRR20752542
    threads: 32
    resources: tmpdir=/tmp

[Tue Apr  8 14:46:21 2025]
Finished job 10.
9 of 11 steps (82%) done
Select jobs to execute...

[Tue Apr  8 14:46:21 2025]
rule emu_compile:
    input: /media/shared1/alessiam/dadawrap/subseq_nanopore_results/results/emu/subsampled0.3_SRR20752542-nanofilt_rel-abundance.tsv
    output: /media/shared1/alessiam/dadawrap/subseq_nanopore_results/results/emu-combined-species.tsv
    jobid: 9
    reason: Missing output files: /media/shared1/alessiam/dadawrap/subseq_nanopore_results/results/emu-combined-species.tsv; Input files updated by another job: /media/shared1/alessiam/dadawrap/subseq_nanopore_results/results/emu/subsampled0.3_SRR20752542-nanofilt_rel-abundance.tsv
    wildcards: output_dir=/media/shared1/alessiam/dadawrap/subseq_nanopore_results, rank=species
    resources: tmpdir=/tmp

Waiting at most 5 seconds for missing files.
MissingOutputException in rule emu_compile in file /media/shared1/alessiam/dadawrap/ampwrap/ampwrap/snakefile.long, line 227:
Job 9  completed successfully, but some output files are missing. Missing files after 5 seconds. This might be due to filesystem latency. If that is the case, consider to increase the wait time with --latency-wait:
/media/shared1/alessiam/dadawrap/subseq_nanopore_results/results/emu-combined-species.tsv
Shutting down, this might take some time.
Exiting because a job execution failed. Look above for error message
Complete log: .snakemake/log/2025-04-08T143843.351497.snakemake.log
