Building DAG of jobs...
Using shell: /usr/bin/bash
Provided cores: 32
Rules claiming more threads will be scaled down.
Job stats:
job                      count
---------------------  -------
all                          1
dada2_assign_taxonomy        1
total                        2

Select jobs to execute...

[Fri Mar 21 12:11:23 2025]
rule dada2_assign_taxonomy:
    input: /media/shared1/alessiam/dadawrap/datiseq_out/intermediate/no_chimera_asvs.rds, db_s/dada2/SILVA_SSU_r138_2019.RData
    output: /media/shared1/alessiam/dadawrap/datiseq_out/results/ASVs.fa, /media/shared1/alessiam/dadawrap/datiseq_out/results/ASVs_counts.tsv, /media/shared1/alessiam/dadawrap/datiseq_out/results/ASVs_taxonomy.tsv
    jobid: 24
    reason: Missing output files: /media/shared1/alessiam/dadawrap/datiseq_out/results/ASVs_counts.tsv, /media/shared1/alessiam/dadawrap/datiseq_out/results/ASVs.fa, /media/shared1/alessiam/dadawrap/datiseq_out/results/ASVs_taxonomy.tsv
    wildcards: output_dir=/media/shared1/alessiam/dadawrap/datiseq_out
    resources: tmpdir=/tmp

[Fri Mar 21 12:17:02 2025]
Error in rule dada2_assign_taxonomy:
    jobid: 24
    input: /media/shared1/alessiam/dadawrap/datiseq_out/intermediate/no_chimera_asvs.rds, db_s/dada2/SILVA_SSU_r138_2019.RData
    output: /media/shared1/alessiam/dadawrap/datiseq_out/results/ASVs.fa, /media/shared1/alessiam/dadawrap/datiseq_out/results/ASVs_counts.tsv, /media/shared1/alessiam/dadawrap/datiseq_out/results/ASVs_taxonomy.tsv
    shell:
        
       if [[ decipher_silva138 == "decipher_silva138" ]]; then
           Rscript scripts/dada2_assign_taxonomy2.R /media/shared1/alessiam/dadawrap/datiseq_out/intermediate/no_chimera_asvs.rds db_s/dada2/SILVA_SSU_r138_2019.RData /media/shared1/alessiam/dadawrap/datiseq_out/results
       elif [[ decipher_silva138 == "dada2_silva_genus138" || decipher_silva138 == "dada2_RDP_genus19" || decipher_silva138 == "dada2_GG2_genus09" ]]; then
           Rscript scripts/dada2_assign_taxonomy.R /media/shared1/alessiam/dadawrap/datiseq_out/intermediate/no_chimera_asvs.rds db_s/dada2/SILVA_SSU_r138_2019.RData /media/shared1/alessiam/dadawrap/datiseq_out/results
       else
           echo "Error: method not valid. Choose among 'decipher_silva138', 'dada2_silva_genus138', 'dada2_RDP_genus19', or 'dada2_GG2_genus09'."
           exit 1
       fi
       
        (one of the commands exited with non-zero exit code; note that snakemake uses bash strict mode!)

Removing output files of failed job dada2_assign_taxonomy since they might be corrupted:
/media/shared1/alessiam/dadawrap/datiseq_out/results/ASVs.fa, /media/shared1/alessiam/dadawrap/datiseq_out/results/ASVs_counts.tsv
Shutting down, this might take some time.
Exiting because a job execution failed. Look above for error message
Complete log: .snakemake/log/2025-03-21T121123.619637.snakemake.log
