Building DAG of jobs...
Using shell: /usr/bin/bash
Provided cores: 32
Rules claiming more threads will be scaled down.
Job stats:
job                     count
--------------------  -------
all                         1
emu_abundance               2
fastqc_initial              2
fastqc_post                 2
multiqc_initial             1
multiqc_post                1
nanofilt                    2
reporter                    1
seqkit_stats_post_qc        1
seqkit_stats_pre_qc         1
total                      14

Select jobs to execute...

[Thu Apr 10 11:20:34 2025]
rule fastqc_initial:
    input: /media/shared1/alessiam/dadawrap/subseq_nanopore/subsampled0.2_carajo.fastq
    output: /media/shared1/alessiam/dadawrap/subseq_nanopore_results_5/QC/raw_qc_initial/subsampled0.2_carajo_fastqc.html
    jobid: 1
    reason: Missing output files: /media/shared1/alessiam/dadawrap/subseq_nanopore_results_5/QC/raw_qc_initial/subsampled0.2_carajo_fastqc.html
    wildcards: output_dir=/media/shared1/alessiam/dadawrap/subseq_nanopore_results_5, sample=subsampled0.2_carajo
    resources: tmpdir=/tmp


[Thu Apr 10 11:20:34 2025]
rule fastqc_initial:
    input: /media/shared1/alessiam/dadawrap/subseq_nanopore/subsampled0.3_SRR20752542.fastq
    output: /media/shared1/alessiam/dadawrap/subseq_nanopore_results_5/QC/raw_qc_initial/subsampled0.3_SRR20752542_fastqc.html
    jobid: 2
    reason: Missing output files: /media/shared1/alessiam/dadawrap/subseq_nanopore_results_5/QC/raw_qc_initial/subsampled0.3_SRR20752542_fastqc.html
    wildcards: output_dir=/media/shared1/alessiam/dadawrap/subseq_nanopore_results_5, sample=subsampled0.3_SRR20752542
    resources: tmpdir=/tmp


[Thu Apr 10 11:20:34 2025]
rule seqkit_stats_pre_qc:
    input: /media/shared1/alessiam/dadawrap/subseq_nanopore/subsampled0.2_carajo.fastq, /media/shared1/alessiam/dadawrap/subseq_nanopore/subsampled0.3_SRR20752542.fastq
    output: /media/shared1/alessiam/dadawrap/subseq_nanopore_results_5/QC/raw_qc_initial/readcount/raw_reads_counts.txt
    jobid: 3
    reason: Missing output files: /media/shared1/alessiam/dadawrap/subseq_nanopore_results_5/QC/raw_qc_initial/readcount/raw_reads_counts.txt
    wildcards: output_dir=/media/shared1/alessiam/dadawrap/subseq_nanopore_results_5
    resources: tmpdir=/tmp


[Thu Apr 10 11:20:34 2025]
rule nanofilt:
    input: /media/shared1/alessiam/dadawrap/subseq_nanopore/subsampled0.2_carajo.fastq
    output: /media/shared1/alessiam/dadawrap/subseq_nanopore_results_5/intermediate/nanofilt/subsampled0.2_carajo-nanofilt.fastq
    jobid: 6
    reason: Missing output files: /media/shared1/alessiam/dadawrap/subseq_nanopore_results_5/intermediate/nanofilt/subsampled0.2_carajo-nanofilt.fastq
    wildcards: output_dir=/media/shared1/alessiam/dadawrap/subseq_nanopore_results_5, sample=subsampled0.2_carajo
    resources: tmpdir=/tmp


[Thu Apr 10 11:20:34 2025]
rule nanofilt:
    input: /media/shared1/alessiam/dadawrap/subseq_nanopore/subsampled0.3_SRR20752542.fastq
    output: /media/shared1/alessiam/dadawrap/subseq_nanopore_results_5/intermediate/nanofilt/subsampled0.3_SRR20752542-nanofilt.fastq
    jobid: 8
    reason: Missing output files: /media/shared1/alessiam/dadawrap/subseq_nanopore_results_5/intermediate/nanofilt/subsampled0.3_SRR20752542-nanofilt.fastq
    wildcards: output_dir=/media/shared1/alessiam/dadawrap/subseq_nanopore_results_5, sample=subsampled0.3_SRR20752542
    resources: tmpdir=/tmp

[Thu Apr 10 11:20:35 2025]
Finished job 3.
1 of 14 steps (7%) done
[Thu Apr 10 11:20:44 2025]
Finished job 1.
2 of 14 steps (14%) done
[Thu Apr 10 11:20:44 2025]
Finished job 2.
3 of 14 steps (21%) done
Select jobs to execute...

[Thu Apr 10 11:20:44 2025]
rule multiqc_initial:
    input: /media/shared1/alessiam/dadawrap/subseq_nanopore_results_5/QC/raw_qc_initial/subsampled0.2_carajo_fastqc.html, /media/shared1/alessiam/dadawrap/subseq_nanopore_results_5/QC/raw_qc_initial/subsampled0.3_SRR20752542_fastqc.html
    output: /media/shared1/alessiam/dadawrap/subseq_nanopore_results_5/QC/raw_qc_initial/multiqc_report.html
    jobid: 4
    reason: Missing output files: /media/shared1/alessiam/dadawrap/subseq_nanopore_results_5/QC/raw_qc_initial/multiqc_report.html; Input files updated by another job: /media/shared1/alessiam/dadawrap/subseq_nanopore_results_5/QC/raw_qc_initial/subsampled0.2_carajo_fastqc.html, /media/shared1/alessiam/dadawrap/subseq_nanopore_results_5/QC/raw_qc_initial/subsampled0.3_SRR20752542_fastqc.html
    resources: tmpdir=/tmp

[Thu Apr 10 11:20:44 2025]
Finished job 6.
4 of 14 steps (29%) done
Select jobs to execute...

[Thu Apr 10 11:20:44 2025]
rule fastqc_post:
    input: /media/shared1/alessiam/dadawrap/subseq_nanopore_results_5/intermediate/nanofilt/subsampled0.2_carajo-nanofilt.fastq
    output: /media/shared1/alessiam/dadawrap/subseq_nanopore_results_5/QC/raw_qc_post/subsampled0.2_carajo-nanofilt_fastqc.html
    jobid: 5
    reason: Missing output files: /media/shared1/alessiam/dadawrap/subseq_nanopore_results_5/QC/raw_qc_post/subsampled0.2_carajo-nanofilt_fastqc.html; Input files updated by another job: /media/shared1/alessiam/dadawrap/subseq_nanopore_results_5/intermediate/nanofilt/subsampled0.2_carajo-nanofilt.fastq
    wildcards: output_dir=/media/shared1/alessiam/dadawrap/subseq_nanopore_results_5, sample=subsampled0.2_carajo
    resources: tmpdir=/tmp

[Thu Apr 10 11:20:46 2025]
Finished job 8.
5 of 14 steps (36%) done
Select jobs to execute...

[Thu Apr 10 11:20:46 2025]
rule fastqc_post:
    input: /media/shared1/alessiam/dadawrap/subseq_nanopore_results_5/intermediate/nanofilt/subsampled0.3_SRR20752542-nanofilt.fastq
    output: /media/shared1/alessiam/dadawrap/subseq_nanopore_results_5/QC/raw_qc_post/subsampled0.3_SRR20752542-nanofilt_fastqc.html
    jobid: 7
    reason: Missing output files: /media/shared1/alessiam/dadawrap/subseq_nanopore_results_5/QC/raw_qc_post/subsampled0.3_SRR20752542-nanofilt_fastqc.html; Input files updated by another job: /media/shared1/alessiam/dadawrap/subseq_nanopore_results_5/intermediate/nanofilt/subsampled0.3_SRR20752542-nanofilt.fastq
    wildcards: output_dir=/media/shared1/alessiam/dadawrap/subseq_nanopore_results_5, sample=subsampled0.3_SRR20752542
    resources: tmpdir=/tmp


[Thu Apr 10 11:20:46 2025]
rule seqkit_stats_post_qc:
    input: /media/shared1/alessiam/dadawrap/subseq_nanopore_results_5/intermediate/nanofilt/subsampled0.2_carajo-nanofilt.fastq, /media/shared1/alessiam/dadawrap/subseq_nanopore_results_5/intermediate/nanofilt/subsampled0.3_SRR20752542-nanofilt.fastq
    output: /media/shared1/alessiam/dadawrap/subseq_nanopore_results_5/QC/raw_qc_post/readcount/filtered_reads_counts.txt
    jobid: 10
    reason: Missing output files: /media/shared1/alessiam/dadawrap/subseq_nanopore_results_5/QC/raw_qc_post/readcount/filtered_reads_counts.txt; Input files updated by another job: /media/shared1/alessiam/dadawrap/subseq_nanopore_results_5/intermediate/nanofilt/subsampled0.2_carajo-nanofilt.fastq, /media/shared1/alessiam/dadawrap/subseq_nanopore_results_5/intermediate/nanofilt/subsampled0.3_SRR20752542-nanofilt.fastq
    wildcards: output_dir=/media/shared1/alessiam/dadawrap/subseq_nanopore_results_5
    resources: tmpdir=/tmp

[Thu Apr 10 11:20:46 2025]
Finished job 10.
6 of 14 steps (43%) done
Select jobs to execute...

[Thu Apr 10 11:20:46 2025]
rule reporter:
    input: /media/shared1/alessiam/dadawrap/subseq_nanopore_results_5/QC/raw_qc_initial/readcount/raw_reads_counts.txt, /media/shared1/alessiam/dadawrap/subseq_nanopore_results_5/QC/raw_qc_post/readcount/filtered_reads_counts.txt
    output: /media/shared1/alessiam/dadawrap/subseq_nanopore_results_5/results/final_report.txt
    jobid: 14
    reason: Missing output files: /media/shared1/alessiam/dadawrap/subseq_nanopore_results_5/results/final_report.txt; Input files updated by another job: /media/shared1/alessiam/dadawrap/subseq_nanopore_results_5/QC/raw_qc_post/readcount/filtered_reads_counts.txt, /media/shared1/alessiam/dadawrap/subseq_nanopore_results_5/QC/raw_qc_initial/readcount/raw_reads_counts.txt
    resources: tmpdir=/tmp

[Thu Apr 10 11:20:48 2025]
Finished job 5.
7 of 14 steps (50%) done
Select jobs to execute...
[Thu Apr 10 11:20:51 2025]
Finished job 14.
8 of 14 steps (57%) done
[Thu Apr 10 11:20:52 2025]
Finished job 7.
9 of 14 steps (64%) done

[Thu Apr 10 11:20:52 2025]
rule multiqc_post:
    input: /media/shared1/alessiam/dadawrap/subseq_nanopore_results_5/QC/raw_qc_post/subsampled0.2_carajo-nanofilt_fastqc.html, /media/shared1/alessiam/dadawrap/subseq_nanopore_results_5/QC/raw_qc_post/subsampled0.3_SRR20752542-nanofilt_fastqc.html
    output: /media/shared1/alessiam/dadawrap/subseq_nanopore_results_5/QC/raw_qc_post/multiqc_report.html
    jobid: 9
    reason: Missing output files: /media/shared1/alessiam/dadawrap/subseq_nanopore_results_5/QC/raw_qc_post/multiqc_report.html; Input files updated by another job: /media/shared1/alessiam/dadawrap/subseq_nanopore_results_5/QC/raw_qc_post/subsampled0.2_carajo-nanofilt_fastqc.html, /media/shared1/alessiam/dadawrap/subseq_nanopore_results_5/QC/raw_qc_post/subsampled0.3_SRR20752542-nanofilt_fastqc.html
    wildcards: output_dir=/media/shared1/alessiam/dadawrap/subseq_nanopore_results_5
    resources: tmpdir=/tmp

[Thu Apr 10 11:20:56 2025]
Finished job 4.
10 of 14 steps (71%) done
Select jobs to execute...
[Thu Apr 10 11:20:56 2025]
Finished job 9.
11 of 14 steps (79%) done

[Thu Apr 10 11:20:56 2025]
rule emu_abundance:
    input: /media/shared1/alessiam/dadawrap/subseq_nanopore_results_5/intermediate/nanofilt/subsampled0.2_carajo-nanofilt.fastq, db_s/emu/emu
    output: /media/shared1/alessiam/dadawrap/subseq_nanopore_results_5/results/emu/subsampled0.2_carajo-nanofilt_rel-abundance.tsv
    jobid: 12
    reason: Missing output files: /media/shared1/alessiam/dadawrap/subseq_nanopore_results_5/results/emu/subsampled0.2_carajo-nanofilt_rel-abundance.tsv; Input files updated by another job: /media/shared1/alessiam/dadawrap/subseq_nanopore_results_5/intermediate/nanofilt/subsampled0.2_carajo-nanofilt.fastq
    wildcards: output_dir=/media/shared1/alessiam/dadawrap/subseq_nanopore_results_5, sample=subsampled0.2_carajo
    threads: 32
    resources: tmpdir=/tmp

[Thu Apr 10 11:27:01 2025]
Finished job 12.
12 of 14 steps (86%) done
Select jobs to execute...

[Thu Apr 10 11:27:01 2025]
rule emu_abundance:
    input: /media/shared1/alessiam/dadawrap/subseq_nanopore_results_5/intermediate/nanofilt/subsampled0.3_SRR20752542-nanofilt.fastq, db_s/emu/emu
    output: /media/shared1/alessiam/dadawrap/subseq_nanopore_results_5/results/emu/subsampled0.3_SRR20752542-nanofilt_rel-abundance.tsv
    jobid: 13
    reason: Missing output files: /media/shared1/alessiam/dadawrap/subseq_nanopore_results_5/results/emu/subsampled0.3_SRR20752542-nanofilt_rel-abundance.tsv; Input files updated by another job: /media/shared1/alessiam/dadawrap/subseq_nanopore_results_5/intermediate/nanofilt/subsampled0.3_SRR20752542-nanofilt.fastq
    wildcards: output_dir=/media/shared1/alessiam/dadawrap/subseq_nanopore_results_5, sample=subsampled0.3_SRR20752542
    threads: 32
    resources: tmpdir=/tmp

[Thu Apr 10 11:36:07 2025]
Finished job 13.
13 of 14 steps (93%) done
Select jobs to execute...

[Thu Apr 10 11:36:07 2025]
localrule all:
    input: /media/shared1/alessiam/dadawrap/subseq_nanopore_results_5/QC/raw_qc_initial/subsampled0.2_carajo_fastqc.html, /media/shared1/alessiam/dadawrap/subseq_nanopore_results_5/QC/raw_qc_initial/subsampled0.3_SRR20752542_fastqc.html, /media/shared1/alessiam/dadawrap/subseq_nanopore_results_5/QC/raw_qc_initial/readcount/raw_reads_counts.txt, /media/shared1/alessiam/dadawrap/subseq_nanopore_results_5/QC/raw_qc_initial/multiqc_report.html, /media/shared1/alessiam/dadawrap/subseq_nanopore_results_5/QC/raw_qc_post/subsampled0.2_carajo-nanofilt_fastqc.html, /media/shared1/alessiam/dadawrap/subseq_nanopore_results_5/QC/raw_qc_post/subsampled0.3_SRR20752542-nanofilt_fastqc.html, /media/shared1/alessiam/dadawrap/subseq_nanopore_results_5/QC/raw_qc_post/multiqc_report.html, /media/shared1/alessiam/dadawrap/subseq_nanopore_results_5/QC/raw_qc_post/readcount/filtered_reads_counts.txt, db_s/emu/emu, db_s/emu/emu/taxonomy.tsv, db_s/emu/emu/species_taxid.fasta, /media/shared1/alessiam/dadawrap/subseq_nanopore_results_5/results/emu/subsampled0.2_carajo-nanofilt_rel-abundance.tsv, /media/shared1/alessiam/dadawrap/subseq_nanopore_results_5/results/emu/subsampled0.3_SRR20752542-nanofilt_rel-abundance.tsv, /media/shared1/alessiam/dadawrap/subseq_nanopore_results_5/results/final_report.txt
    jobid: 0
    reason: Input files updated by another job: /media/shared1/alessiam/dadawrap/subseq_nanopore_results_5/QC/raw_qc_post/subsampled0.3_SRR20752542-nanofilt_fastqc.html, /media/shared1/alessiam/dadawrap/subseq_nanopore_results_5/QC/raw_qc_post/readcount/filtered_reads_counts.txt, /media/shared1/alessiam/dadawrap/subseq_nanopore_results_5/QC/raw_qc_initial/multiqc_report.html, /media/shared1/alessiam/dadawrap/subseq_nanopore_results_5/QC/raw_qc_post/multiqc_report.html, /media/shared1/alessiam/dadawrap/subseq_nanopore_results_5/QC/raw_qc_initial/readcount/raw_reads_counts.txt, /media/shared1/alessiam/dadawrap/subseq_nanopore_results_5/results/final_report.txt, /media/shared1/alessiam/dadawrap/subseq_nanopore_results_5/QC/raw_qc_post/subsampled0.2_carajo-nanofilt_fastqc.html, /media/shared1/alessiam/dadawrap/subseq_nanopore_results_5/results/emu/subsampled0.2_carajo-nanofilt_rel-abundance.tsv, /media/shared1/alessiam/dadawrap/subseq_nanopore_results_5/results/emu/subsampled0.3_SRR20752542-nanofilt_rel-abundance.tsv, /media/shared1/alessiam/dadawrap/subseq_nanopore_results_5/QC/raw_qc_initial/subsampled0.2_carajo_fastqc.html, /media/shared1/alessiam/dadawrap/subseq_nanopore_results_5/QC/raw_qc_initial/subsampled0.3_SRR20752542_fastqc.html
    resources: tmpdir=/tmp

[Thu Apr 10 11:36:07 2025]
Finished job 0.
14 of 14 steps (100%) done
Complete log: .snakemake/log/2025-04-10T112031.603810.snakemake.log
