Building DAG of jobs...
Using shell: /usr/bin/bash
Provided cores: 32
Rules claiming more threads will be scaled down.
Job stats:
job                      count
---------------------  -------
all                          1
combine_cutadapt_logs        1
cutadapt_primers             1
emu_abundance                1
emu_compile                  1
emu_database                 1
fastqc_initial               1
fastqc_post                  1
multiqc_final                1
multiqc_initial              1
nanofilt                     1
total                       11

Select jobs to execute...

[Tue Apr  8 10:26:58 2025]
rule fastqc_initial:
    input: /media/shared1/alessiam/dadawrap/bench_nano/SRR20752542.fastq
    output: /media/shared1/alessiam/dadawrap/bench_nano_999/QC/raw_qc_initial/SRR20752542_fastqc.html
    jobid: 1
    reason: Missing output files: /media/shared1/alessiam/dadawrap/bench_nano_999/QC/raw_qc_initial/SRR20752542_fastqc.html
    wildcards: output_dir=/media/shared1/alessiam/dadawrap/bench_nano_999, sample=SRR20752542
    resources: tmpdir=/tmp


[Tue Apr  8 10:26:58 2025]
rule cutadapt_primers:
    input: /media/shared1/alessiam/dadawrap/bench_nano/SRR20752542.fastq
    output: /media/shared1/alessiam/dadawrap/bench_nano_999/intermediate/cutadapt/SRR20752542_cutadapt.fq.gz
    log: /media/shared1/alessiam/dadawrap/bench_nano_999/intermediate/cutadapt/SRR20752542_cutadapt.log
    jobid: 3
    reason: Missing output files: /media/shared1/alessiam/dadawrap/bench_nano_999/intermediate/cutadapt/SRR20752542_cutadapt.log, /media/shared1/alessiam/dadawrap/bench_nano_999/intermediate/cutadapt/SRR20752542_cutadapt.fq.gz
    wildcards: output_dir=/media/shared1/alessiam/dadawrap/bench_nano_999, sample=SRR20752542
    resources: tmpdir=/tmp


[Tue Apr  8 10:26:58 2025]
rule emu_database:
    output: db_s/emu/rdp, db_s/emu/rdp/taxonomy.tsv, db_s/emu/rdp/species_taxid.fasta
    jobid: 8
    reason: Missing output files: db_s/emu/rdp, db_s/emu/rdp/taxonomy.tsv, db_s/emu/rdp/species_taxid.fasta
    resources: tmpdir=/tmp

[Tue Apr  8 10:26:58 2025]
Error in rule emu_database:
    jobid: 8
    output: db_s/emu/rdp, db_s/emu/rdp/taxonomy.tsv, db_s/emu/rdp/species_taxid.fasta
    shell:
        
        mkdir -p db_s/emu/rdp  # Crea la cartella target
        osf -p 56uf7 fetch osfstorage/emu-prebuilt/rdp.tar db_s/emu/rdp/rdp.tar  # Scarica il file tar
        tar -xvf db_s/emu/rdp/rdp.tar -C db_s/emu/rdp > /dev/null 2>&1  # Estrai nella cartella specificata
        
        (one of the commands exited with non-zero exit code; note that snakemake uses bash strict mode!)

Removing output files of failed job emu_database since they might be corrupted:
db_s/emu/rdp
[Tue Apr  8 10:26:59 2025]
Error in rule cutadapt_primers:
    jobid: 3
    input: /media/shared1/alessiam/dadawrap/bench_nano/SRR20752542.fastq
    output: /media/shared1/alessiam/dadawrap/bench_nano_999/intermediate/cutadapt/SRR20752542_cutadapt.fq.gz
    log: /media/shared1/alessiam/dadawrap/bench_nano_999/intermediate/cutadapt/SRR20752542_cutadapt.log (check log file(s) for error details)
    shell:
        
      mkdir -p /media/shared1/alessiam/dadawrap/bench_nano_999/intermediate/cutadapt
      cutadapt -e 0.2 -O 15 --revcomp -o /media/shared1/alessiam/dadawrap/bench_nano_999/intermediate/cutadapt/SRR20752542_cutadapt.fq.gz -a None...None /media/shared1/alessiam/dadawrap/bench_nano/SRR20752542.fastq > /media/shared1/alessiam/dadawrap/bench_nano_999/intermediate/cutadapt/SRR20752542_cutadapt.log 
      
        (one of the commands exited with non-zero exit code; note that snakemake uses bash strict mode!)

[Tue Apr  8 10:27:07 2025]
Finished job 1.
1 of 11 steps (9%) done
Shutting down, this might take some time.
Exiting because a job execution failed. Look above for error message
Complete log: .snakemake/log/2025-04-08T102657.500045.snakemake.log
