Building DAG of jobs...
Using shell: /usr/bin/bash
Provided cores: 32
Rules claiming more threads will be scaled down.
Job stats:
job                      count
---------------------  -------
all                          1
dada2_assign_taxonomy        1
total                        2

Select jobs to execute...

[Fri Mar 21 12:45:30 2025]
rule dada2_assign_taxonomy:
    input: /media/shared1/alessiam/dadawrap/datiseq_out/intermediate/no_chimera_asvs.rds, db_s/dada2/SILVA_SSU_r138_2019.RData
    output: /media/shared1/alessiam/dadawrap/datiseq_out/results/ASVs.fa, /media/shared1/alessiam/dadawrap/datiseq_out/results/ASVs_counts.tsv, /media/shared1/alessiam/dadawrap/datiseq_out/results/ASVs_taxonomy.tsv
    jobid: 24
    reason: Missing output files: /media/shared1/alessiam/dadawrap/datiseq_out/results/ASVs_counts.tsv, /media/shared1/alessiam/dadawrap/datiseq_out/results/ASVs_taxonomy.tsv, /media/shared1/alessiam/dadawrap/datiseq_out/results/ASVs.fa
    wildcards: output_dir=/media/shared1/alessiam/dadawrap/datiseq_out
    resources: tmpdir=/tmp

[Fri Mar 21 12:51:12 2025]
Finished job 24.
1 of 2 steps (50%) done
Select jobs to execute...

[Fri Mar 21 12:51:12 2025]
localrule all:
    input: /media/shared1/alessiam/dadawrap/datiseq_out/figaro_inp/Lyb1_R1.fastq.gz, /media/shared1/alessiam/dadawrap/datiseq_out/figaro_inp/Lyb1_R2.fastq.gz, /media/shared1/alessiam/dadawrap/datiseq_out/figaro_inp/Lyb2_R1.fastq.gz, /media/shared1/alessiam/dadawrap/datiseq_out/figaro_inp/Lyb2_R2.fastq.gz, /media/shared1/alessiam/dadawrap/datiseq_out/QC/raw_qc_initial/Lyb1_11_L001_R1_001_fastqc.html, /media/shared1/alessiam/dadawrap/datiseq_out/QC/raw_qc_initial/Lyb2_11_L001_R2_001_fastqc.html, /media/shared1/alessiam/dadawrap/datiseq_out/QC/raw_qc_initial/Lyb2_11_L001_R1_001_fastqc.html, /media/shared1/alessiam/dadawrap/datiseq_out/QC/raw_qc_initial/Lyb1_11_L001_R2_001_fastqc.html, /media/shared1/alessiam/dadawrap/datiseq_out/QC/raw_qc_initial/multiqc_report.html, /media/shared1/alessiam/dadawrap/datiseq_out/intermediate/cutadapt/Lyb1_trimmed_R1.fq.gz, /media/shared1/alessiam/dadawrap/datiseq_out/intermediate/cutadapt/Lyb1_trimmed_R2.fq.gz, /media/shared1/alessiam/dadawrap/datiseq_out/intermediate/cutadapt/Lyb2_trimmed_R1.fq.gz, /media/shared1/alessiam/dadawrap/datiseq_out/intermediate/cutadapt/Lyb2_trimmed_R2.fq.gz, /media/shared1/alessiam/dadawrap/datiseq_out/QC/raw_qc_post_cutadapt/Lyb1_trimmed_R1_fastqc.html, /media/shared1/alessiam/dadawrap/datiseq_out/QC/raw_qc_post_cutadapt/Lyb1_trimmed_R2_fastqc.html, /media/shared1/alessiam/dadawrap/datiseq_out/QC/raw_qc_post_cutadapt/Lyb2_trimmed_R1_fastqc.html, /media/shared1/alessiam/dadawrap/datiseq_out/QC/raw_qc_post_cutadapt/Lyb2_trimmed_R2_fastqc.html, /media/shared1/alessiam/dadawrap/datiseq_out/QC/raw_qc_post_cutadapt/multiqc_report.html, /media/shared1/alessiam/dadawrap/datiseq_out/intermediate/figaro/trimParameters.json, /media/shared1/alessiam/dadawrap/datiseq_out/intermediate/cutadapt/cutadapt_primer_trimming_stats.txt, /media/shared1/alessiam/dadawrap/datiseq_out/intermediate/dada2_filtered/Lyb1_R1_filtered.fq.gz, /media/shared1/alessiam/dadawrap/datiseq_out/intermediate/dada2_filtered/Lyb1_R2_filtered.fq.gz, /media/shared1/alessiam/dadawrap/datiseq_out/intermediate/dada2_filtered/Lyb2_R1_filtered.fq.gz, /media/shared1/alessiam/dadawrap/datiseq_out/intermediate/dada2_filtered/Lyb2_R2_filtered.fq.gz, /media/shared1/alessiam/dadawrap/datiseq_out/intermediate/dada2_error_learning/err_forward_reads.rds, /media/shared1/alessiam/dadawrap/datiseq_out/intermediate/dada2_error_learning/err_reverse_reads.rds, /media/shared1/alessiam/dadawrap/datiseq_out/intermediate/merged_asvs.rds, /media/shared1/alessiam/dadawrap/datiseq_out/intermediate/no_chimera_asvs.rds, db_s/dada2/SILVA_SSU_r138_2019.RData, /media/shared1/alessiam/dadawrap/datiseq_out/results/ASVs.fa, /media/shared1/alessiam/dadawrap/datiseq_out/results/ASVs_counts.tsv, /media/shared1/alessiam/dadawrap/datiseq_out/results/ASVs_taxonomy.tsv, /media/shared1/alessiam/dadawrap/datiseq_out/results/read-count-tracking.tsv, /media/shared1/alessiam/dadawrap/datiseq_out/results/final_report.txt
    jobid: 0
    reason: Input files updated by another job: /media/shared1/alessiam/dadawrap/datiseq_out/results/ASVs_counts.tsv, /media/shared1/alessiam/dadawrap/datiseq_out/results/ASVs_taxonomy.tsv, /media/shared1/alessiam/dadawrap/datiseq_out/results/ASVs.fa
    resources: tmpdir=/tmp

[Fri Mar 21 12:51:12 2025]
Finished job 0.
2 of 2 steps (100%) done
Complete log: .snakemake/log/2025-03-21T124530.676996.snakemake.log
