Building DAG of jobs...
Using shell: /usr/bin/bash
Provided cores: 32
Rules claiming more threads will be scaled down.
Job stats:
job                      count
---------------------  -------
all                          1
combine_cutadapt_logs        1
cutadapt_primers             1
emu_abundance                1
fastqc_post                  1
multiqc_post                 1
nanofilt                     1
porechop                     1
seqkit_stats_post_qc         1
total                        9

Select jobs to execute...

[Tue Apr  8 16:38:11 2025]
rule porechop:
    input: /media/shared1/alessiam/dadawrap/subseq_nanopore/subsampled0.3_SRR20752542.fastq
    output: /media/shared1/alessiam/dadawrap/subseq_nanopore_results/intermediate/porechop/subsampled0.3_SRR20752542-porechop.fastq.gz
    jobid: 4
    reason: Missing output files: /media/shared1/alessiam/dadawrap/subseq_nanopore_results/intermediate/porechop/subsampled0.3_SRR20752542-porechop.fastq.gz; Code has changed since last execution
    wildcards: output_dir=/media/shared1/alessiam/dadawrap/subseq_nanopore_results, sample=subsampled0.3_SRR20752542
    resources: tmpdir=/tmp

[Tue Apr  8 16:38:11 2025]
Error in rule porechop:
    jobid: 4
    input: /media/shared1/alessiam/dadawrap/subseq_nanopore/subsampled0.3_SRR20752542.fastq
    output: /media/shared1/alessiam/dadawrap/subseq_nanopore_results/intermediate/porechop/subsampled0.3_SRR20752542-porechop.fastq.gz
    shell:
        
                 echo " ######################  $porechop_abi ############################"
                 mkdir -p /media/shared1/alessiam/dadawrap/subseq_nanopore_results/intermediate/porechop
                 porechop_abi -i /media/shared1/alessiam/dadawrap/subseq_nanopore/subsampled0.3_SRR20752542.fastq -o /media/shared1/alessiam/dadawrap/subseq_nanopore_results/intermediate/porechop/subsampled0.3_SRR20752542-porechop.fastq.gz
        
        (one of the commands exited with non-zero exit code; note that snakemake uses bash strict mode!)

Shutting down, this might take some time.
Exiting because a job execution failed. Look above for error message
Complete log: .snakemake/log/2025-04-08T163810.619193.snakemake.log
