Building DAG of jobs...
Using shell: /usr/bin/bash
Provided cores: 32
Rules claiming more threads will be scaled down.
Job stats:
job                      count
---------------------  -------
all                          1
dada2_assign_taxonomy        1
track_reads                  1
total                        3

Select jobs to execute...
Failed to solve scheduling problem with ILP solver. Falling back to greedy solver. Run Snakemake with --verbose to see the full solver output for debugging the problem.

[Thu Feb 20 10:06:23 2025]
rule track_reads:
    input: /media/shared1/alessiam/dadawrap/benchmark_illu_species/intermediate/merged_asvs.rds, /media/shared1/alessiam/dadawrap/benchmark_illu_species/intermediate/no_chimera_asvs.rds
    output: /media/shared1/alessiam/dadawrap/benchmark_illu_species/results/read-count-tracking.tsv
    jobid: 20
    reason: Missing output files: /media/shared1/alessiam/dadawrap/benchmark_illu_species/results/read-count-tracking.tsv
    resources: tmpdir=/tmp


[Thu Feb 20 10:06:23 2025]
rule dada2_assign_taxonomy:
    input: /media/shared1/alessiam/dadawrap/benchmark_illu_species/intermediate/no_chimera_asvs.rds, db_s/dada2/silva_nr99_v138_train_set.fa.gz
    output: /media/shared1/alessiam/dadawrap/benchmark_illu_species/results/ASVs.fa, /media/shared1/alessiam/dadawrap/benchmark_illu_species/results/ASVs_counts.tsv, /media/shared1/alessiam/dadawrap/benchmark_illu_species/results/ASVs_taxonomy.tsv
    jobid: 19
    reason: Missing output files: /media/shared1/alessiam/dadawrap/benchmark_illu_species/results/ASVs_counts.tsv, /media/shared1/alessiam/dadawrap/benchmark_illu_species/results/ASVs_taxonomy.tsv, /media/shared1/alessiam/dadawrap/benchmark_illu_species/results/ASVs.fa
    wildcards: output_dir=/media/shared1/alessiam/dadawrap/benchmark_illu_species
    resources: tmpdir=/tmp

[Thu Feb 20 10:06:26 2025]
Finished job 20.
1 of 3 steps (33%) done
[Thu Feb 20 10:07:19 2025]
Error in rule dada2_assign_taxonomy:
    jobid: 19
    input: /media/shared1/alessiam/dadawrap/benchmark_illu_species/intermediate/no_chimera_asvs.rds, db_s/dada2/silva_nr99_v138_train_set.fa.gz
    output: /media/shared1/alessiam/dadawrap/benchmark_illu_species/results/ASVs.fa, /media/shared1/alessiam/dadawrap/benchmark_illu_species/results/ASVs_counts.tsv, /media/shared1/alessiam/dadawrap/benchmark_illu_species/results/ASVs_taxonomy.tsv
    shell:
        
       if [[ dada2_silva_genus138 == "decipher_silva138" ]]; then
           Rscript scripts/dada2_assign_taxonomy2.R /media/shared1/alessiam/dadawrap/benchmark_illu_species/intermediate/no_chimera_asvs.rds db_s/dada2/silva_nr99_v138_train_set.fa.gz /media/shared1/alessiam/dadawrap/benchmark_illu_species/results
       elif [[ dada2_silva_genus138 == "dada2_silva_species138" ]]; then
           Rscript scripts/dada2_assign_taxonomy3.R /media/shared1/alessiam/dadawrap/benchmark_illu_species/intermediate/no_chimera_asvs.rds db_s/dada2/silva_nr99_v138_train_set.fa.gz /media/shared1/alessiam/dadawrap/benchmark_illu_species/results
       elif [[ dada2_silva_genus138 == "dada2_silva_genus138" || dada2_silva_genus138 == "dada2_RDP_genus19" || dada2_silva_genus138 == "dada2_GG2_genus09" ]]; then
           Rscript scripts/dada2_assign_taxonomy.R /media/shared1/alessiam/dadawrap/benchmark_illu_species/intermediate/no_chimera_asvs.rds db_s/dada2/silva_nr99_v138_train_set.fa.gz /media/shared1/alessiam/dadawrap/benchmark_illu_species/results
       else
           echo "Error: method not valid. Choose among 'decipher_silva138', 'dada2_silva_genus138', 'dada2_silva_species138', 'dada2_RDP_genus19', or 'dada2_GG2_genus09'."
           exit 1
       fi
       
        (one of the commands exited with non-zero exit code; note that snakemake uses bash strict mode!)

Shutting down, this might take some time.
Exiting because a job execution failed. Look above for error message
Complete log: .snakemake/log/2025-02-20T100621.871117.snakemake.log
