Building DAG of jobs...
Using shell: /usr/bin/bash
Provided cores: 32
Rules claiming more threads will be scaled down.
Job stats:
job                      count
---------------------  -------
all                          1
cutadapt                     5
dada2_assign_taxonomy        1
dada2_error_learning         1
dada2_filter                 1
dada2_infer_asvs             1
dada2_remove_chimeras        1
fastqc_initial              10
fastqc_post_cutadapt        10
figaro                       1
multiqc_final                1
multiqc_initial              1
track_reads                  1
total                       35

Select jobs to execute...
Failed to solve scheduling problem with ILP solver. Falling back to greedy solver. Run Snakemake with --verbose to see the full solver output for debugging the problem.

[Fri Feb 21 11:03:21 2025]
rule cutadapt:
    input: /media/shared1/alessiam/dadawrap/cavi_sottomarini/ASED2_R1.fastq.gz, /media/shared1/alessiam/dadawrap/cavi_sottomarini/ASED2_R2.fastq.gz
    output: /media/shared1/alessiam/dadawrap/cavi_sottomarini/result/intermediate/cutadapt/ASED2_trimmed_R1.fq.gz, /media/shared1/alessiam/dadawrap/cavi_sottomarini/result/intermediate/cutadapt/ASED2_trimmed_R2.fq.gz
    log: /media/shared1/alessiam/dadawrap/cavi_sottomarini/result/intermediate/cutadapt/ASED2_cutadapt.log
    jobid: 15
    reason: Missing output files: /media/shared1/alessiam/dadawrap/cavi_sottomarini/result/intermediate/cutadapt/ASED2_trimmed_R2.fq.gz, /media/shared1/alessiam/dadawrap/cavi_sottomarini/result/intermediate/cutadapt/ASED2_trimmed_R1.fq.gz
    wildcards: output_dir=/media/shared1/alessiam/dadawrap/cavi_sottomarini/result, sample=ASED2
    resources: tmpdir=/tmp


[Fri Feb 21 11:03:21 2025]
rule cutadapt:
    input: /media/shared1/alessiam/dadawrap/cavi_sottomarini/AH20M_R2.fastq.gz, /media/shared1/alessiam/dadawrap/cavi_sottomarini/AH20M_R1.fastq.gz
    output: /media/shared1/alessiam/dadawrap/cavi_sottomarini/result/intermediate/cutadapt/AH20M_trimmed_R1.fq.gz, /media/shared1/alessiam/dadawrap/cavi_sottomarini/result/intermediate/cutadapt/AH20M_trimmed_R2.fq.gz
    log: /media/shared1/alessiam/dadawrap/cavi_sottomarini/result/intermediate/cutadapt/AH20M_cutadapt.log
    jobid: 16
    reason: Missing output files: /media/shared1/alessiam/dadawrap/cavi_sottomarini/result/intermediate/cutadapt/AH20M_trimmed_R2.fq.gz, /media/shared1/alessiam/dadawrap/cavi_sottomarini/result/intermediate/cutadapt/AH20M_trimmed_R1.fq.gz
    wildcards: output_dir=/media/shared1/alessiam/dadawrap/cavi_sottomarini/result, sample=AH20M
    resources: tmpdir=/tmp


[Fri Feb 21 11:03:21 2025]
rule cutadapt:
    input: /media/shared1/alessiam/dadawrap/cavi_sottomarini/AH20F_R2.fastq.gz, /media/shared1/alessiam/dadawrap/cavi_sottomarini/AH20F_R1.fastq.gz
    output: /media/shared1/alessiam/dadawrap/cavi_sottomarini/result/intermediate/cutadapt/AH20F_trimmed_R1.fq.gz, /media/shared1/alessiam/dadawrap/cavi_sottomarini/result/intermediate/cutadapt/AH20F_trimmed_R2.fq.gz
    log: /media/shared1/alessiam/dadawrap/cavi_sottomarini/result/intermediate/cutadapt/AH20F_cutadapt.log
    jobid: 12
    reason: Missing output files: /media/shared1/alessiam/dadawrap/cavi_sottomarini/result/intermediate/cutadapt/AH20F_trimmed_R2.fq.gz, /media/shared1/alessiam/dadawrap/cavi_sottomarini/result/intermediate/cutadapt/AH20F_trimmed_R1.fq.gz
    wildcards: output_dir=/media/shared1/alessiam/dadawrap/cavi_sottomarini/result, sample=AH20F
    resources: tmpdir=/tmp


[Fri Feb 21 11:03:21 2025]
rule cutadapt:
    input: /media/shared1/alessiam/dadawrap/cavi_sottomarini/AH20S_R2.fastq.gz, /media/shared1/alessiam/dadawrap/cavi_sottomarini/AH20S_R1.fastq.gz
    output: /media/shared1/alessiam/dadawrap/cavi_sottomarini/result/intermediate/cutadapt/AH20S_trimmed_R1.fq.gz, /media/shared1/alessiam/dadawrap/cavi_sottomarini/result/intermediate/cutadapt/AH20S_trimmed_R2.fq.gz
    log: /media/shared1/alessiam/dadawrap/cavi_sottomarini/result/intermediate/cutadapt/AH20S_cutadapt.log
    jobid: 14
    reason: Missing output files: /media/shared1/alessiam/dadawrap/cavi_sottomarini/result/intermediate/cutadapt/AH20S_trimmed_R1.fq.gz, /media/shared1/alessiam/dadawrap/cavi_sottomarini/result/intermediate/cutadapt/AH20S_trimmed_R2.fq.gz
    wildcards: output_dir=/media/shared1/alessiam/dadawrap/cavi_sottomarini/result, sample=AH20S
    resources: tmpdir=/tmp


[Fri Feb 21 11:03:21 2025]
rule figaro:
    input: /media/shared1/alessiam/dadawrap/cavi_sottomarini
    output: /media/shared1/alessiam/dadawrap/cavi_sottomarini/result/intermediate/figaro/trimParameters.json
    jobid: 28
    reason: Missing output files: /media/shared1/alessiam/dadawrap/cavi_sottomarini/result/intermediate/figaro/trimParameters.json
    resources: tmpdir=/tmp


[Fri Feb 21 11:03:21 2025]
rule cutadapt:
    input: /media/shared1/alessiam/dadawrap/cavi_sottomarini/ASED1_R2.fastq.gz, /media/shared1/alessiam/dadawrap/cavi_sottomarini/ASED1_R1.fastq.gz
    output: /media/shared1/alessiam/dadawrap/cavi_sottomarini/result/intermediate/cutadapt/ASED1_trimmed_R1.fq.gz, /media/shared1/alessiam/dadawrap/cavi_sottomarini/result/intermediate/cutadapt/ASED1_trimmed_R2.fq.gz
    log: /media/shared1/alessiam/dadawrap/cavi_sottomarini/result/intermediate/cutadapt/ASED1_cutadapt.log
    jobid: 13
    reason: Missing output files: /media/shared1/alessiam/dadawrap/cavi_sottomarini/result/intermediate/cutadapt/ASED1_trimmed_R1.fq.gz, /media/shared1/alessiam/dadawrap/cavi_sottomarini/result/intermediate/cutadapt/ASED1_trimmed_R2.fq.gz
    wildcards: output_dir=/media/shared1/alessiam/dadawrap/cavi_sottomarini/result, sample=ASED1
    resources: tmpdir=/tmp

[Fri Feb 21 11:03:27 2025]
Finished job 12.
1 of 35 steps (3%) done
Select jobs to execute...
Failed to solve scheduling problem with ILP solver. Falling back to greedy solver. Run Snakemake with --verbose to see the full solver output for debugging the problem.

[Fri Feb 21 11:03:28 2025]
rule fastqc_post_cutadapt:
    input: /media/shared1/alessiam/dadawrap/cavi_sottomarini/result/intermediate/cutadapt/AH20F_trimmed_R2.fq.gz
    output: /media/shared1/alessiam/dadawrap/cavi_sottomarini/result/QC/raw_qc_post_cutadapt/AH20F_trimmed_R2_fastqc.html
    jobid: 18
    reason: Missing output files: /media/shared1/alessiam/dadawrap/cavi_sottomarini/result/QC/raw_qc_post_cutadapt/AH20F_trimmed_R2_fastqc.html; Input files updated by another job: /media/shared1/alessiam/dadawrap/cavi_sottomarini/result/intermediate/cutadapt/AH20F_trimmed_R2.fq.gz
    wildcards: output_dir=/media/shared1/alessiam/dadawrap/cavi_sottomarini/result, sample=AH20F, index=2
    threads: 15
    resources: tmpdir=/tmp

[Fri Feb 21 11:03:28 2025]
Finished job 16.
2 of 35 steps (6%) done
Select jobs to execute...
Failed to solve scheduling problem with ILP solver. Falling back to greedy solver. Run Snakemake with --verbose to see the full solver output for debugging the problem.
[Fri Feb 21 11:03:30 2025]
Finished job 14.
3 of 35 steps (9%) done
[Fri Feb 21 11:03:30 2025]
Finished job 13.
4 of 35 steps (11%) done
[Fri Feb 21 11:03:30 2025]
Finished job 15.
5 of 35 steps (14%) done
Failed to solve scheduling problem with ILP solver. Falling back to greedy solver. Run Snakemake with --verbose to see the full solver output for debugging the problem.

[Fri Feb 21 11:03:31 2025]
rule fastqc_post_cutadapt:
    input: /media/shared1/alessiam/dadawrap/cavi_sottomarini/result/intermediate/cutadapt/ASED1_trimmed_R2.fq.gz
    output: /media/shared1/alessiam/dadawrap/cavi_sottomarini/result/QC/raw_qc_post_cutadapt/ASED1_trimmed_R2_fastqc.html
    jobid: 20
    reason: Missing output files: /media/shared1/alessiam/dadawrap/cavi_sottomarini/result/QC/raw_qc_post_cutadapt/ASED1_trimmed_R2_fastqc.html; Input files updated by another job: /media/shared1/alessiam/dadawrap/cavi_sottomarini/result/intermediate/cutadapt/ASED1_trimmed_R2.fq.gz
    wildcards: output_dir=/media/shared1/alessiam/dadawrap/cavi_sottomarini/result, sample=ASED1, index=2
    threads: 15
    resources: tmpdir=/tmp

Select jobs to execute...
Failed to solve scheduling problem with ILP solver. Falling back to greedy solver. Run Snakemake with --verbose to see the full solver output for debugging the problem.
Failed to solve scheduling problem with ILP solver. Falling back to greedy solver. Run Snakemake with --verbose to see the full solver output for debugging the problem.
[Fri Feb 21 11:03:34 2025]
Finished job 18.
6 of 35 steps (17%) done
Failed to solve scheduling problem with ILP solver. Falling back to greedy solver. Run Snakemake with --verbose to see the full solver output for debugging the problem.

[Fri Feb 21 11:03:35 2025]
rule fastqc_post_cutadapt:
    input: /media/shared1/alessiam/dadawrap/cavi_sottomarini/result/intermediate/cutadapt/ASED2_trimmed_R2.fq.gz
    output: /media/shared1/alessiam/dadawrap/cavi_sottomarini/result/QC/raw_qc_post_cutadapt/ASED2_trimmed_R2_fastqc.html
    jobid: 24
    reason: Missing output files: /media/shared1/alessiam/dadawrap/cavi_sottomarini/result/QC/raw_qc_post_cutadapt/ASED2_trimmed_R2_fastqc.html; Input files updated by another job: /media/shared1/alessiam/dadawrap/cavi_sottomarini/result/intermediate/cutadapt/ASED2_trimmed_R2.fq.gz
    wildcards: output_dir=/media/shared1/alessiam/dadawrap/cavi_sottomarini/result, sample=ASED2, index=2
    threads: 15
    resources: tmpdir=/tmp

[Fri Feb 21 11:03:36 2025]
Finished job 20.
7 of 35 steps (20%) done
Select jobs to execute...
Failed to solve scheduling problem with ILP solver. Falling back to greedy solver. Run Snakemake with --verbose to see the full solver output for debugging the problem.

[Fri Feb 21 11:03:37 2025]
rule fastqc_post_cutadapt:
    input: /media/shared1/alessiam/dadawrap/cavi_sottomarini/result/intermediate/cutadapt/ASED2_trimmed_R1.fq.gz
    output: /media/shared1/alessiam/dadawrap/cavi_sottomarini/result/QC/raw_qc_post_cutadapt/ASED2_trimmed_R1_fastqc.html
    jobid: 23
    reason: Missing output files: /media/shared1/alessiam/dadawrap/cavi_sottomarini/result/QC/raw_qc_post_cutadapt/ASED2_trimmed_R1_fastqc.html; Input files updated by another job: /media/shared1/alessiam/dadawrap/cavi_sottomarini/result/intermediate/cutadapt/ASED2_trimmed_R1.fq.gz
    wildcards: output_dir=/media/shared1/alessiam/dadawrap/cavi_sottomarini/result, sample=ASED2, index=1
    threads: 15
    resources: tmpdir=/tmp

[Fri Feb 21 11:03:42 2025]
Finished job 24.
8 of 35 steps (23%) done
Select jobs to execute...
Failed to solve scheduling problem with ILP solver. Falling back to greedy solver. Run Snakemake with --verbose to see the full solver output for debugging the problem.

[Fri Feb 21 11:03:43 2025]
rule fastqc_post_cutadapt:
    input: /media/shared1/alessiam/dadawrap/cavi_sottomarini/result/intermediate/cutadapt/AH20S_trimmed_R2.fq.gz
    output: /media/shared1/alessiam/dadawrap/cavi_sottomarini/result/QC/raw_qc_post_cutadapt/AH20S_trimmed_R2_fastqc.html
    jobid: 22
    reason: Missing output files: /media/shared1/alessiam/dadawrap/cavi_sottomarini/result/QC/raw_qc_post_cutadapt/AH20S_trimmed_R2_fastqc.html; Input files updated by another job: /media/shared1/alessiam/dadawrap/cavi_sottomarini/result/intermediate/cutadapt/AH20S_trimmed_R2.fq.gz
    wildcards: output_dir=/media/shared1/alessiam/dadawrap/cavi_sottomarini/result, sample=AH20S, index=2
    threads: 15
    resources: tmpdir=/tmp

[Fri Feb 21 11:03:43 2025]
Finished job 23.
9 of 35 steps (26%) done
Select jobs to execute...
Failed to solve scheduling problem with ILP solver. Falling back to greedy solver. Run Snakemake with --verbose to see the full solver output for debugging the problem.

[Fri Feb 21 11:03:44 2025]
rule fastqc_post_cutadapt:
    input: /media/shared1/alessiam/dadawrap/cavi_sottomarini/result/intermediate/cutadapt/ASED1_trimmed_R1.fq.gz
    output: /media/shared1/alessiam/dadawrap/cavi_sottomarini/result/QC/raw_qc_post_cutadapt/ASED1_trimmed_R1_fastqc.html
    jobid: 19
    reason: Missing output files: /media/shared1/alessiam/dadawrap/cavi_sottomarini/result/QC/raw_qc_post_cutadapt/ASED1_trimmed_R1_fastqc.html; Input files updated by another job: /media/shared1/alessiam/dadawrap/cavi_sottomarini/result/intermediate/cutadapt/ASED1_trimmed_R1.fq.gz
    wildcards: output_dir=/media/shared1/alessiam/dadawrap/cavi_sottomarini/result, sample=ASED1, index=1
    threads: 15
    resources: tmpdir=/tmp

[Fri Feb 21 11:03:48 2025]
Finished job 22.
10 of 35 steps (29%) done
Select jobs to execute...
Failed to solve scheduling problem with ILP solver. Falling back to greedy solver. Run Snakemake with --verbose to see the full solver output for debugging the problem.

[Fri Feb 21 11:03:49 2025]
rule fastqc_post_cutadapt:
    input: /media/shared1/alessiam/dadawrap/cavi_sottomarini/result/intermediate/cutadapt/AH20M_trimmed_R2.fq.gz
    output: /media/shared1/alessiam/dadawrap/cavi_sottomarini/result/QC/raw_qc_post_cutadapt/AH20M_trimmed_R2_fastqc.html
    jobid: 26
    reason: Missing output files: /media/shared1/alessiam/dadawrap/cavi_sottomarini/result/QC/raw_qc_post_cutadapt/AH20M_trimmed_R2_fastqc.html; Input files updated by another job: /media/shared1/alessiam/dadawrap/cavi_sottomarini/result/intermediate/cutadapt/AH20M_trimmed_R2.fq.gz
    wildcards: output_dir=/media/shared1/alessiam/dadawrap/cavi_sottomarini/result, sample=AH20M, index=2
    threads: 15
    resources: tmpdir=/tmp

[Fri Feb 21 11:03:50 2025]
Finished job 19.
11 of 35 steps (31%) done
Select jobs to execute...
Failed to solve scheduling problem with ILP solver. Falling back to greedy solver. Run Snakemake with --verbose to see the full solver output for debugging the problem.

[Fri Feb 21 11:03:51 2025]
rule fastqc_post_cutadapt:
    input: /media/shared1/alessiam/dadawrap/cavi_sottomarini/result/intermediate/cutadapt/AH20S_trimmed_R1.fq.gz
    output: /media/shared1/alessiam/dadawrap/cavi_sottomarini/result/QC/raw_qc_post_cutadapt/AH20S_trimmed_R1_fastqc.html
    jobid: 21
    reason: Missing output files: /media/shared1/alessiam/dadawrap/cavi_sottomarini/result/QC/raw_qc_post_cutadapt/AH20S_trimmed_R1_fastqc.html; Input files updated by another job: /media/shared1/alessiam/dadawrap/cavi_sottomarini/result/intermediate/cutadapt/AH20S_trimmed_R1.fq.gz
    wildcards: output_dir=/media/shared1/alessiam/dadawrap/cavi_sottomarini/result, sample=AH20S, index=1
    threads: 15
    resources: tmpdir=/tmp

[Fri Feb 21 11:03:54 2025]
Finished job 26.
12 of 35 steps (34%) done
Select jobs to execute...
Failed to solve scheduling problem with ILP solver. Falling back to greedy solver. Run Snakemake with --verbose to see the full solver output for debugging the problem.

[Fri Feb 21 11:03:56 2025]
rule fastqc_post_cutadapt:
    input: /media/shared1/alessiam/dadawrap/cavi_sottomarini/result/intermediate/cutadapt/AH20M_trimmed_R1.fq.gz
    output: /media/shared1/alessiam/dadawrap/cavi_sottomarini/result/QC/raw_qc_post_cutadapt/AH20M_trimmed_R1_fastqc.html
    jobid: 25
    reason: Missing output files: /media/shared1/alessiam/dadawrap/cavi_sottomarini/result/QC/raw_qc_post_cutadapt/AH20M_trimmed_R1_fastqc.html; Input files updated by another job: /media/shared1/alessiam/dadawrap/cavi_sottomarini/result/intermediate/cutadapt/AH20M_trimmed_R1.fq.gz
    wildcards: output_dir=/media/shared1/alessiam/dadawrap/cavi_sottomarini/result, sample=AH20M, index=1
    threads: 15
    resources: tmpdir=/tmp

[Fri Feb 21 11:03:57 2025]
Finished job 21.
13 of 35 steps (37%) done
Select jobs to execute...
Failed to solve scheduling problem with ILP solver. Falling back to greedy solver. Run Snakemake with --verbose to see the full solver output for debugging the problem.

[Fri Feb 21 11:03:58 2025]
rule fastqc_post_cutadapt:
    input: /media/shared1/alessiam/dadawrap/cavi_sottomarini/result/intermediate/cutadapt/AH20F_trimmed_R1.fq.gz
    output: /media/shared1/alessiam/dadawrap/cavi_sottomarini/result/QC/raw_qc_post_cutadapt/AH20F_trimmed_R1_fastqc.html
    jobid: 17
    reason: Missing output files: /media/shared1/alessiam/dadawrap/cavi_sottomarini/result/QC/raw_qc_post_cutadapt/AH20F_trimmed_R1_fastqc.html; Input files updated by another job: /media/shared1/alessiam/dadawrap/cavi_sottomarini/result/intermediate/cutadapt/AH20F_trimmed_R1.fq.gz
    wildcards: output_dir=/media/shared1/alessiam/dadawrap/cavi_sottomarini/result, sample=AH20F, index=1
    threads: 15
    resources: tmpdir=/tmp

[Fri Feb 21 11:04:00 2025]
Finished job 25.
14 of 35 steps (40%) done
Select jobs to execute...
Failed to solve scheduling problem with ILP solver. Falling back to greedy solver. Run Snakemake with --verbose to see the full solver output for debugging the problem.
[Fri Feb 21 11:04:03 2025]
Finished job 17.
15 of 35 steps (43%) done
Failed to solve scheduling problem with ILP solver. Falling back to greedy solver. Run Snakemake with --verbose to see the full solver output for debugging the problem.
[Fri Feb 21 11:04:18 2025]
Finished job 28.
16 of 35 steps (46%) done
Failed to solve scheduling problem with ILP solver. Falling back to greedy solver. Run Snakemake with --verbose to see the full solver output for debugging the problem.

[Fri Feb 21 11:04:19 2025]
rule fastqc_initial:
    input: /media/shared1/alessiam/dadawrap/cavi_sottomarini/ASED1_R2.fastq.gz
    output: /media/shared1/alessiam/dadawrap/cavi_sottomarini/result/QC/raw_qc_initial/ASED1_R2_fastqc.html
    jobid: 2
    reason: Missing output files: /media/shared1/alessiam/dadawrap/cavi_sottomarini/result/QC/raw_qc_initial/ASED1_R2_fastqc.html
    wildcards: output_dir=/media/shared1/alessiam/dadawrap/cavi_sottomarini/result, file=ASED1_R2
    threads: 32
    resources: tmpdir=/tmp

[Fri Feb 21 11:04:24 2025]
Finished job 2.
17 of 35 steps (49%) done
Select jobs to execute...
Failed to solve scheduling problem with ILP solver. Falling back to greedy solver. Run Snakemake with --verbose to see the full solver output for debugging the problem.

[Fri Feb 21 11:04:25 2025]
rule fastqc_initial:
    input: /media/shared1/alessiam/dadawrap/cavi_sottomarini/ASED2_R2.fastq.gz
    output: /media/shared1/alessiam/dadawrap/cavi_sottomarini/result/QC/raw_qc_initial/ASED2_R2_fastqc.html
    jobid: 6
    reason: Missing output files: /media/shared1/alessiam/dadawrap/cavi_sottomarini/result/QC/raw_qc_initial/ASED2_R2_fastqc.html
    wildcards: output_dir=/media/shared1/alessiam/dadawrap/cavi_sottomarini/result, file=ASED2_R2
    threads: 32
    resources: tmpdir=/tmp

[Fri Feb 21 11:04:30 2025]
Finished job 6.
18 of 35 steps (51%) done
Select jobs to execute...
Failed to solve scheduling problem with ILP solver. Falling back to greedy solver. Run Snakemake with --verbose to see the full solver output for debugging the problem.

[Fri Feb 21 11:04:32 2025]
rule fastqc_initial:
    input: /media/shared1/alessiam/dadawrap/cavi_sottomarini/AH20S_R2.fastq.gz
    output: /media/shared1/alessiam/dadawrap/cavi_sottomarini/result/QC/raw_qc_initial/AH20S_R2_fastqc.html
    jobid: 3
    reason: Missing output files: /media/shared1/alessiam/dadawrap/cavi_sottomarini/result/QC/raw_qc_initial/AH20S_R2_fastqc.html
    wildcards: output_dir=/media/shared1/alessiam/dadawrap/cavi_sottomarini/result, file=AH20S_R2
    threads: 32
    resources: tmpdir=/tmp

[Fri Feb 21 11:04:37 2025]
Finished job 3.
19 of 35 steps (54%) done
Select jobs to execute...
Failed to solve scheduling problem with ILP solver. Falling back to greedy solver. Run Snakemake with --verbose to see the full solver output for debugging the problem.

[Fri Feb 21 11:04:38 2025]
rule fastqc_initial:
    input: /media/shared1/alessiam/dadawrap/cavi_sottomarini/ASED2_R1.fastq.gz
    output: /media/shared1/alessiam/dadawrap/cavi_sottomarini/result/QC/raw_qc_initial/ASED2_R1_fastqc.html
    jobid: 4
    reason: Missing output files: /media/shared1/alessiam/dadawrap/cavi_sottomarini/result/QC/raw_qc_initial/ASED2_R1_fastqc.html
    wildcards: output_dir=/media/shared1/alessiam/dadawrap/cavi_sottomarini/result, file=ASED2_R1
    threads: 32
    resources: tmpdir=/tmp

[Fri Feb 21 11:04:42 2025]
Finished job 4.
20 of 35 steps (57%) done
Select jobs to execute...
Failed to solve scheduling problem with ILP solver. Falling back to greedy solver. Run Snakemake with --verbose to see the full solver output for debugging the problem.

[Fri Feb 21 11:04:43 2025]
rule fastqc_initial:
    input: /media/shared1/alessiam/dadawrap/cavi_sottomarini/ASED1_R1.fastq.gz
    output: /media/shared1/alessiam/dadawrap/cavi_sottomarini/result/QC/raw_qc_initial/ASED1_R1_fastqc.html
    jobid: 5
    reason: Missing output files: /media/shared1/alessiam/dadawrap/cavi_sottomarini/result/QC/raw_qc_initial/ASED1_R1_fastqc.html
    wildcards: output_dir=/media/shared1/alessiam/dadawrap/cavi_sottomarini/result, file=ASED1_R1
    threads: 32
    resources: tmpdir=/tmp

[Fri Feb 21 11:04:49 2025]
Finished job 5.
21 of 35 steps (60%) done
Select jobs to execute...
Failed to solve scheduling problem with ILP solver. Falling back to greedy solver. Run Snakemake with --verbose to see the full solver output for debugging the problem.

[Fri Feb 21 11:04:51 2025]
rule fastqc_initial:
    input: /media/shared1/alessiam/dadawrap/cavi_sottomarini/AH20M_R2.fastq.gz
    output: /media/shared1/alessiam/dadawrap/cavi_sottomarini/result/QC/raw_qc_initial/AH20M_R2_fastqc.html
    jobid: 7
    reason: Missing output files: /media/shared1/alessiam/dadawrap/cavi_sottomarini/result/QC/raw_qc_initial/AH20M_R2_fastqc.html
    wildcards: output_dir=/media/shared1/alessiam/dadawrap/cavi_sottomarini/result, file=AH20M_R2
    threads: 32
    resources: tmpdir=/tmp

[Fri Feb 21 11:04:56 2025]
Finished job 7.
22 of 35 steps (63%) done
Select jobs to execute...
Failed to solve scheduling problem with ILP solver. Falling back to greedy solver. Run Snakemake with --verbose to see the full solver output for debugging the problem.

[Fri Feb 21 11:04:57 2025]
rule fastqc_initial:
    input: /media/shared1/alessiam/dadawrap/cavi_sottomarini/AH20S_R1.fastq.gz
    output: /media/shared1/alessiam/dadawrap/cavi_sottomarini/result/QC/raw_qc_initial/AH20S_R1_fastqc.html
    jobid: 8
    reason: Missing output files: /media/shared1/alessiam/dadawrap/cavi_sottomarini/result/QC/raw_qc_initial/AH20S_R1_fastqc.html
    wildcards: output_dir=/media/shared1/alessiam/dadawrap/cavi_sottomarini/result, file=AH20S_R1
    threads: 32
    resources: tmpdir=/tmp

[Fri Feb 21 11:05:03 2025]
Finished job 8.
23 of 35 steps (66%) done
Select jobs to execute...
Failed to solve scheduling problem with ILP solver. Falling back to greedy solver. Run Snakemake with --verbose to see the full solver output for debugging the problem.

[Fri Feb 21 11:05:05 2025]
rule fastqc_initial:
    input: /media/shared1/alessiam/dadawrap/cavi_sottomarini/AH20F_R2.fastq.gz
    output: /media/shared1/alessiam/dadawrap/cavi_sottomarini/result/QC/raw_qc_initial/AH20F_R2_fastqc.html
    jobid: 1
    reason: Missing output files: /media/shared1/alessiam/dadawrap/cavi_sottomarini/result/QC/raw_qc_initial/AH20F_R2_fastqc.html
    wildcards: output_dir=/media/shared1/alessiam/dadawrap/cavi_sottomarini/result, file=AH20F_R2
    threads: 32
    resources: tmpdir=/tmp

[Fri Feb 21 11:05:09 2025]
Finished job 1.
24 of 35 steps (69%) done
Select jobs to execute...
Failed to solve scheduling problem with ILP solver. Falling back to greedy solver. Run Snakemake with --verbose to see the full solver output for debugging the problem.

[Fri Feb 21 11:05:10 2025]
rule fastqc_initial:
    input: /media/shared1/alessiam/dadawrap/cavi_sottomarini/AH20M_R1.fastq.gz
    output: /media/shared1/alessiam/dadawrap/cavi_sottomarini/result/QC/raw_qc_initial/AH20M_R1_fastqc.html
    jobid: 9
    reason: Missing output files: /media/shared1/alessiam/dadawrap/cavi_sottomarini/result/QC/raw_qc_initial/AH20M_R1_fastqc.html
    wildcards: output_dir=/media/shared1/alessiam/dadawrap/cavi_sottomarini/result, file=AH20M_R1
    threads: 32
    resources: tmpdir=/tmp

[Fri Feb 21 11:05:15 2025]
Finished job 9.
25 of 35 steps (71%) done
Select jobs to execute...
Failed to solve scheduling problem with ILP solver. Falling back to greedy solver. Run Snakemake with --verbose to see the full solver output for debugging the problem.

[Fri Feb 21 11:05:16 2025]
rule fastqc_initial:
    input: /media/shared1/alessiam/dadawrap/cavi_sottomarini/AH20F_R1.fastq.gz
    output: /media/shared1/alessiam/dadawrap/cavi_sottomarini/result/QC/raw_qc_initial/AH20F_R1_fastqc.html
    jobid: 10
    reason: Missing output files: /media/shared1/alessiam/dadawrap/cavi_sottomarini/result/QC/raw_qc_initial/AH20F_R1_fastqc.html
    wildcards: output_dir=/media/shared1/alessiam/dadawrap/cavi_sottomarini/result, file=AH20F_R1
    threads: 32
    resources: tmpdir=/tmp

[Fri Feb 21 11:05:21 2025]
Finished job 10.
26 of 35 steps (74%) done
Select jobs to execute...
Failed to solve scheduling problem with ILP solver. Falling back to greedy solver. Run Snakemake with --verbose to see the full solver output for debugging the problem.

[Fri Feb 21 11:05:22 2025]
rule multiqc_initial:
    input: /media/shared1/alessiam/dadawrap/cavi_sottomarini/result/QC/raw_qc_initial/AH20F_R2_fastqc.html, /media/shared1/alessiam/dadawrap/cavi_sottomarini/result/QC/raw_qc_initial/ASED1_R2_fastqc.html, /media/shared1/alessiam/dadawrap/cavi_sottomarini/result/QC/raw_qc_initial/AH20S_R2_fastqc.html, /media/shared1/alessiam/dadawrap/cavi_sottomarini/result/QC/raw_qc_initial/ASED2_R1_fastqc.html, /media/shared1/alessiam/dadawrap/cavi_sottomarini/result/QC/raw_qc_initial/ASED1_R1_fastqc.html, /media/shared1/alessiam/dadawrap/cavi_sottomarini/result/QC/raw_qc_initial/ASED2_R2_fastqc.html, /media/shared1/alessiam/dadawrap/cavi_sottomarini/result/QC/raw_qc_initial/AH20M_R2_fastqc.html, /media/shared1/alessiam/dadawrap/cavi_sottomarini/result/QC/raw_qc_initial/AH20S_R1_fastqc.html, /media/shared1/alessiam/dadawrap/cavi_sottomarini/result/QC/raw_qc_initial/AH20M_R1_fastqc.html, /media/shared1/alessiam/dadawrap/cavi_sottomarini/result/QC/raw_qc_initial/AH20F_R1_fastqc.html
    output: /media/shared1/alessiam/dadawrap/cavi_sottomarini/result/QC/raw_qc_initial/multiqc_report.html
    jobid: 11
    reason: Missing output files: /media/shared1/alessiam/dadawrap/cavi_sottomarini/result/QC/raw_qc_initial/multiqc_report.html; Input files updated by another job: /media/shared1/alessiam/dadawrap/cavi_sottomarini/result/QC/raw_qc_initial/AH20F_R2_fastqc.html, /media/shared1/alessiam/dadawrap/cavi_sottomarini/result/QC/raw_qc_initial/AH20S_R2_fastqc.html, /media/shared1/alessiam/dadawrap/cavi_sottomarini/result/QC/raw_qc_initial/ASED1_R2_fastqc.html, /media/shared1/alessiam/dadawrap/cavi_sottomarini/result/QC/raw_qc_initial/ASED2_R1_fastqc.html, /media/shared1/alessiam/dadawrap/cavi_sottomarini/result/QC/raw_qc_initial/AH20S_R1_fastqc.html, /media/shared1/alessiam/dadawrap/cavi_sottomarini/result/QC/raw_qc_initial/AH20M_R2_fastqc.html, /media/shared1/alessiam/dadawrap/cavi_sottomarini/result/QC/raw_qc_initial/AH20M_R1_fastqc.html, /media/shared1/alessiam/dadawrap/cavi_sottomarini/result/QC/raw_qc_initial/ASED1_R1_fastqc.html, /media/shared1/alessiam/dadawrap/cavi_sottomarini/result/QC/raw_qc_initial/AH20F_R1_fastqc.html, /media/shared1/alessiam/dadawrap/cavi_sottomarini/result/QC/raw_qc_initial/ASED2_R2_fastqc.html
    threads: 32
    resources: tmpdir=/tmp

[Fri Feb 21 11:05:24 2025]
Finished job 11.
27 of 35 steps (77%) done
Select jobs to execute...
Failed to solve scheduling problem with ILP solver. Falling back to greedy solver. Run Snakemake with --verbose to see the full solver output for debugging the problem.

[Fri Feb 21 11:05:25 2025]
rule multiqc_final:
    input: /media/shared1/alessiam/dadawrap/cavi_sottomarini/result/QC/raw_qc_post_cutadapt/AH20F_trimmed_R1_fastqc.html, /media/shared1/alessiam/dadawrap/cavi_sottomarini/result/QC/raw_qc_post_cutadapt/AH20F_trimmed_R2_fastqc.html, /media/shared1/alessiam/dadawrap/cavi_sottomarini/result/QC/raw_qc_post_cutadapt/ASED1_trimmed_R1_fastqc.html, /media/shared1/alessiam/dadawrap/cavi_sottomarini/result/QC/raw_qc_post_cutadapt/ASED1_trimmed_R2_fastqc.html, /media/shared1/alessiam/dadawrap/cavi_sottomarini/result/QC/raw_qc_post_cutadapt/AH20S_trimmed_R1_fastqc.html, /media/shared1/alessiam/dadawrap/cavi_sottomarini/result/QC/raw_qc_post_cutadapt/AH20S_trimmed_R2_fastqc.html, /media/shared1/alessiam/dadawrap/cavi_sottomarini/result/QC/raw_qc_post_cutadapt/ASED2_trimmed_R1_fastqc.html, /media/shared1/alessiam/dadawrap/cavi_sottomarini/result/QC/raw_qc_post_cutadapt/ASED2_trimmed_R2_fastqc.html, /media/shared1/alessiam/dadawrap/cavi_sottomarini/result/QC/raw_qc_post_cutadapt/AH20M_trimmed_R1_fastqc.html, /media/shared1/alessiam/dadawrap/cavi_sottomarini/result/QC/raw_qc_post_cutadapt/AH20M_trimmed_R2_fastqc.html
    output: /media/shared1/alessiam/dadawrap/cavi_sottomarini/result/QC/raw_qc_post_cutadapt/multiqc_report.html
    jobid: 27
    reason: Missing output files: /media/shared1/alessiam/dadawrap/cavi_sottomarini/result/QC/raw_qc_post_cutadapt/multiqc_report.html; Input files updated by another job: /media/shared1/alessiam/dadawrap/cavi_sottomarini/result/QC/raw_qc_post_cutadapt/ASED2_trimmed_R1_fastqc.html, /media/shared1/alessiam/dadawrap/cavi_sottomarini/result/QC/raw_qc_post_cutadapt/AH20M_trimmed_R1_fastqc.html, /media/shared1/alessiam/dadawrap/cavi_sottomarini/result/QC/raw_qc_post_cutadapt/AH20F_trimmed_R1_fastqc.html, /media/shared1/alessiam/dadawrap/cavi_sottomarini/result/QC/raw_qc_post_cutadapt/AH20F_trimmed_R2_fastqc.html, /media/shared1/alessiam/dadawrap/cavi_sottomarini/result/QC/raw_qc_post_cutadapt/AH20S_trimmed_R2_fastqc.html, /media/shared1/alessiam/dadawrap/cavi_sottomarini/result/QC/raw_qc_post_cutadapt/ASED1_trimmed_R2_fastqc.html, /media/shared1/alessiam/dadawrap/cavi_sottomarini/result/QC/raw_qc_post_cutadapt/AH20M_trimmed_R2_fastqc.html, /media/shared1/alessiam/dadawrap/cavi_sottomarini/result/QC/raw_qc_post_cutadapt/AH20S_trimmed_R1_fastqc.html, /media/shared1/alessiam/dadawrap/cavi_sottomarini/result/QC/raw_qc_post_cutadapt/ASED1_trimmed_R1_fastqc.html, /media/shared1/alessiam/dadawrap/cavi_sottomarini/result/QC/raw_qc_post_cutadapt/ASED2_trimmed_R2_fastqc.html
    threads: 32
    resources: tmpdir=/tmp

[Fri Feb 21 11:05:27 2025]
Finished job 27.
28 of 35 steps (80%) done
Select jobs to execute...

[Fri Feb 21 11:05:27 2025]
rule dada2_filter:
    input: /media/shared1/alessiam/dadawrap/cavi_sottomarini/result/intermediate/figaro/trimParameters.json
    output: /media/shared1/alessiam/dadawrap/cavi_sottomarini/result/intermediate/dada2_filtered/AH20F_R1_filtered.fq.gz, /media/shared1/alessiam/dadawrap/cavi_sottomarini/result/intermediate/dada2_filtered/AH20F_R2_filtered.fq.gz, /media/shared1/alessiam/dadawrap/cavi_sottomarini/result/intermediate/dada2_filtered/ASED1_R1_filtered.fq.gz, /media/shared1/alessiam/dadawrap/cavi_sottomarini/result/intermediate/dada2_filtered/ASED1_R2_filtered.fq.gz, /media/shared1/alessiam/dadawrap/cavi_sottomarini/result/intermediate/dada2_filtered/AH20S_R1_filtered.fq.gz, /media/shared1/alessiam/dadawrap/cavi_sottomarini/result/intermediate/dada2_filtered/AH20S_R2_filtered.fq.gz, /media/shared1/alessiam/dadawrap/cavi_sottomarini/result/intermediate/dada2_filtered/ASED2_R1_filtered.fq.gz, /media/shared1/alessiam/dadawrap/cavi_sottomarini/result/intermediate/dada2_filtered/ASED2_R2_filtered.fq.gz, /media/shared1/alessiam/dadawrap/cavi_sottomarini/result/intermediate/dada2_filtered/AH20M_R1_filtered.fq.gz, /media/shared1/alessiam/dadawrap/cavi_sottomarini/result/intermediate/dada2_filtered/AH20M_R2_filtered.fq.gz, /media/shared1/alessiam/dadawrap/cavi_sottomarini/result/intermediate/dada2_filtered/checkout.filter
    jobid: 29
    reason: Missing output files: /media/shared1/alessiam/dadawrap/cavi_sottomarini/result/intermediate/dada2_filtered/ASED1_R1_filtered.fq.gz, /media/shared1/alessiam/dadawrap/cavi_sottomarini/result/intermediate/dada2_filtered/AH20S_R1_filtered.fq.gz, /media/shared1/alessiam/dadawrap/cavi_sottomarini/result/intermediate/dada2_filtered/checkout.filter, /media/shared1/alessiam/dadawrap/cavi_sottomarini/result/intermediate/dada2_filtered/ASED1_R2_filtered.fq.gz, /media/shared1/alessiam/dadawrap/cavi_sottomarini/result/intermediate/dada2_filtered/AH20F_R1_filtered.fq.gz, /media/shared1/alessiam/dadawrap/cavi_sottomarini/result/intermediate/dada2_filtered/AH20S_R2_filtered.fq.gz, /media/shared1/alessiam/dadawrap/cavi_sottomarini/result/intermediate/dada2_filtered/AH20F_R2_filtered.fq.gz, /media/shared1/alessiam/dadawrap/cavi_sottomarini/result/intermediate/dada2_filtered/ASED2_R2_filtered.fq.gz, /media/shared1/alessiam/dadawrap/cavi_sottomarini/result/intermediate/dada2_filtered/AH20M_R1_filtered.fq.gz, /media/shared1/alessiam/dadawrap/cavi_sottomarini/result/intermediate/dada2_filtered/ASED2_R1_filtered.fq.gz, /media/shared1/alessiam/dadawrap/cavi_sottomarini/result/intermediate/dada2_filtered/AH20M_R2_filtered.fq.gz; Input files updated by another job: /media/shared1/alessiam/dadawrap/cavi_sottomarini/result/intermediate/figaro/trimParameters.json
    resources: tmpdir=/tmp

[Fri Feb 21 11:06:07 2025]
Finished job 29.
29 of 35 steps (83%) done
Select jobs to execute...

[Fri Feb 21 11:06:07 2025]
rule dada2_error_learning:
    input: /media/shared1/alessiam/dadawrap/cavi_sottomarini/result/intermediate/dada2_filtered/checkout.filter
    output: /media/shared1/alessiam/dadawrap/cavi_sottomarini/result/intermediate/dada2_error_learning/err_forward_reads.rds, /media/shared1/alessiam/dadawrap/cavi_sottomarini/result/intermediate/dada2_error_learning/err_reverse_reads.rds
    jobid: 30
    reason: Missing output files: /media/shared1/alessiam/dadawrap/cavi_sottomarini/result/intermediate/dada2_error_learning/err_forward_reads.rds, /media/shared1/alessiam/dadawrap/cavi_sottomarini/result/intermediate/dada2_error_learning/err_reverse_reads.rds; Input files updated by another job: /media/shared1/alessiam/dadawrap/cavi_sottomarini/result/intermediate/dada2_filtered/checkout.filter
    resources: tmpdir=/tmp

[Fri Feb 21 11:24:37 2025]
Finished job 30.
30 of 35 steps (86%) done
Select jobs to execute...

[Fri Feb 21 11:24:37 2025]
rule dada2_infer_asvs:
    input: /media/shared1/alessiam/dadawrap/cavi_sottomarini/result/intermediate/dada2_error_learning/err_forward_reads.rds, /media/shared1/alessiam/dadawrap/cavi_sottomarini/result/intermediate/dada2_error_learning/err_reverse_reads.rds
    output: /media/shared1/alessiam/dadawrap/cavi_sottomarini/result/intermediate/merged_asvs.rds
    jobid: 31
    reason: Missing output files: /media/shared1/alessiam/dadawrap/cavi_sottomarini/result/intermediate/merged_asvs.rds; Input files updated by another job: /media/shared1/alessiam/dadawrap/cavi_sottomarini/result/intermediate/dada2_error_learning/err_forward_reads.rds, /media/shared1/alessiam/dadawrap/cavi_sottomarini/result/intermediate/dada2_error_learning/err_reverse_reads.rds
    wildcards: output_dir=/media/shared1/alessiam/dadawrap/cavi_sottomarini/result
    resources: tmpdir=/tmp

[Fri Feb 21 11:34:44 2025]
Finished job 31.
31 of 35 steps (89%) done
Select jobs to execute...

[Fri Feb 21 11:34:44 2025]
rule dada2_remove_chimeras:
    input: /media/shared1/alessiam/dadawrap/cavi_sottomarini/result/intermediate/merged_asvs.rds
    output: /media/shared1/alessiam/dadawrap/cavi_sottomarini/result/intermediate/no_chimera_asvs.rds
    jobid: 32
    reason: Missing output files: /media/shared1/alessiam/dadawrap/cavi_sottomarini/result/intermediate/no_chimera_asvs.rds; Input files updated by another job: /media/shared1/alessiam/dadawrap/cavi_sottomarini/result/intermediate/merged_asvs.rds
    resources: tmpdir=/tmp

[Fri Feb 21 11:38:48 2025]
Finished job 32.
32 of 35 steps (91%) done
Select jobs to execute...
Failed to solve scheduling problem with ILP solver. Falling back to greedy solver. Run Snakemake with --verbose to see the full solver output for debugging the problem.

[Fri Feb 21 11:38:49 2025]
rule dada2_assign_taxonomy:
    input: /media/shared1/alessiam/dadawrap/cavi_sottomarini/result/intermediate/no_chimera_asvs.rds, db_s/dada2/silva_nr99_v138_train_set.fa.gz
    output: /media/shared1/alessiam/dadawrap/cavi_sottomarini/result/results/ASVs.fa, /media/shared1/alessiam/dadawrap/cavi_sottomarini/result/results/ASVs_counts.tsv, /media/shared1/alessiam/dadawrap/cavi_sottomarini/result/results/ASVs_taxonomy.tsv
    jobid: 34
    reason: Missing output files: /media/shared1/alessiam/dadawrap/cavi_sottomarini/result/results/ASVs_counts.tsv, /media/shared1/alessiam/dadawrap/cavi_sottomarini/result/results/ASVs_taxonomy.tsv, /media/shared1/alessiam/dadawrap/cavi_sottomarini/result/results/ASVs.fa; Input files updated by another job: /media/shared1/alessiam/dadawrap/cavi_sottomarini/result/intermediate/no_chimera_asvs.rds
    wildcards: output_dir=/media/shared1/alessiam/dadawrap/cavi_sottomarini/result
    resources: tmpdir=/tmp


[Fri Feb 21 11:38:49 2025]
rule track_reads:
    input: /media/shared1/alessiam/dadawrap/cavi_sottomarini/result/intermediate/merged_asvs.rds, /media/shared1/alessiam/dadawrap/cavi_sottomarini/result/intermediate/no_chimera_asvs.rds
    output: /media/shared1/alessiam/dadawrap/cavi_sottomarini/result/results/read-count-tracking.tsv
    jobid: 35
    reason: Missing output files: /media/shared1/alessiam/dadawrap/cavi_sottomarini/result/results/read-count-tracking.tsv; Input files updated by another job: /media/shared1/alessiam/dadawrap/cavi_sottomarini/result/intermediate/merged_asvs.rds, /media/shared1/alessiam/dadawrap/cavi_sottomarini/result/intermediate/no_chimera_asvs.rds
    resources: tmpdir=/tmp

[Fri Feb 21 11:38:56 2025]
Finished job 35.
33 of 35 steps (94%) done
[Fri Feb 21 11:43:12 2025]
Finished job 34.
34 of 35 steps (97%) done
Select jobs to execute...

[Fri Feb 21 11:43:12 2025]
localrule all:
    input: /media/shared1/alessiam/dadawrap/cavi_sottomarini/result/QC/raw_qc_initial/AH20F_R2_fastqc.html, /media/shared1/alessiam/dadawrap/cavi_sottomarini/result/QC/raw_qc_initial/ASED1_R2_fastqc.html, /media/shared1/alessiam/dadawrap/cavi_sottomarini/result/QC/raw_qc_initial/AH20S_R2_fastqc.html, /media/shared1/alessiam/dadawrap/cavi_sottomarini/result/QC/raw_qc_initial/ASED2_R1_fastqc.html, /media/shared1/alessiam/dadawrap/cavi_sottomarini/result/QC/raw_qc_initial/ASED1_R1_fastqc.html, /media/shared1/alessiam/dadawrap/cavi_sottomarini/result/QC/raw_qc_initial/ASED2_R2_fastqc.html, /media/shared1/alessiam/dadawrap/cavi_sottomarini/result/QC/raw_qc_initial/AH20M_R2_fastqc.html, /media/shared1/alessiam/dadawrap/cavi_sottomarini/result/QC/raw_qc_initial/AH20S_R1_fastqc.html, /media/shared1/alessiam/dadawrap/cavi_sottomarini/result/QC/raw_qc_initial/AH20M_R1_fastqc.html, /media/shared1/alessiam/dadawrap/cavi_sottomarini/result/QC/raw_qc_initial/AH20F_R1_fastqc.html, /media/shared1/alessiam/dadawrap/cavi_sottomarini/result/QC/raw_qc_initial/multiqc_report.html, /media/shared1/alessiam/dadawrap/cavi_sottomarini/result/intermediate/cutadapt/AH20F_trimmed_R1.fq.gz, /media/shared1/alessiam/dadawrap/cavi_sottomarini/result/intermediate/cutadapt/AH20F_trimmed_R2.fq.gz, /media/shared1/alessiam/dadawrap/cavi_sottomarini/result/intermediate/cutadapt/ASED1_trimmed_R1.fq.gz, /media/shared1/alessiam/dadawrap/cavi_sottomarini/result/intermediate/cutadapt/ASED1_trimmed_R2.fq.gz, /media/shared1/alessiam/dadawrap/cavi_sottomarini/result/intermediate/cutadapt/AH20S_trimmed_R1.fq.gz, /media/shared1/alessiam/dadawrap/cavi_sottomarini/result/intermediate/cutadapt/AH20S_trimmed_R2.fq.gz, /media/shared1/alessiam/dadawrap/cavi_sottomarini/result/intermediate/cutadapt/ASED2_trimmed_R1.fq.gz, /media/shared1/alessiam/dadawrap/cavi_sottomarini/result/intermediate/cutadapt/ASED2_trimmed_R2.fq.gz, /media/shared1/alessiam/dadawrap/cavi_sottomarini/result/intermediate/cutadapt/AH20M_trimmed_R1.fq.gz, /media/shared1/alessiam/dadawrap/cavi_sottomarini/result/intermediate/cutadapt/AH20M_trimmed_R2.fq.gz, /media/shared1/alessiam/dadawrap/cavi_sottomarini/result/QC/raw_qc_post_cutadapt/AH20F_trimmed_R1_fastqc.html, /media/shared1/alessiam/dadawrap/cavi_sottomarini/result/QC/raw_qc_post_cutadapt/AH20F_trimmed_R2_fastqc.html, /media/shared1/alessiam/dadawrap/cavi_sottomarini/result/QC/raw_qc_post_cutadapt/ASED1_trimmed_R1_fastqc.html, /media/shared1/alessiam/dadawrap/cavi_sottomarini/result/QC/raw_qc_post_cutadapt/ASED1_trimmed_R2_fastqc.html, /media/shared1/alessiam/dadawrap/cavi_sottomarini/result/QC/raw_qc_post_cutadapt/AH20S_trimmed_R1_fastqc.html, /media/shared1/alessiam/dadawrap/cavi_sottomarini/result/QC/raw_qc_post_cutadapt/AH20S_trimmed_R2_fastqc.html, /media/shared1/alessiam/dadawrap/cavi_sottomarini/result/QC/raw_qc_post_cutadapt/ASED2_trimmed_R1_fastqc.html, /media/shared1/alessiam/dadawrap/cavi_sottomarini/result/QC/raw_qc_post_cutadapt/ASED2_trimmed_R2_fastqc.html, /media/shared1/alessiam/dadawrap/cavi_sottomarini/result/QC/raw_qc_post_cutadapt/AH20M_trimmed_R1_fastqc.html, /media/shared1/alessiam/dadawrap/cavi_sottomarini/result/QC/raw_qc_post_cutadapt/AH20M_trimmed_R2_fastqc.html, /media/shared1/alessiam/dadawrap/cavi_sottomarini/result/QC/raw_qc_post_cutadapt/multiqc_report.html, /media/shared1/alessiam/dadawrap/cavi_sottomarini/result/intermediate/figaro/trimParameters.json, /media/shared1/alessiam/dadawrap/cavi_sottomarini/result/intermediate/dada2_filtered/AH20F_R1_filtered.fq.gz, /media/shared1/alessiam/dadawrap/cavi_sottomarini/result/intermediate/dada2_filtered/AH20F_R2_filtered.fq.gz, /media/shared1/alessiam/dadawrap/cavi_sottomarini/result/intermediate/dada2_filtered/ASED1_R1_filtered.fq.gz, /media/shared1/alessiam/dadawrap/cavi_sottomarini/result/intermediate/dada2_filtered/ASED1_R2_filtered.fq.gz, /media/shared1/alessiam/dadawrap/cavi_sottomarini/result/intermediate/dada2_filtered/AH20S_R1_filtered.fq.gz, /media/shared1/alessiam/dadawrap/cavi_sottomarini/result/intermediate/dada2_filtered/AH20S_R2_filtered.fq.gz, /media/shared1/alessiam/dadawrap/cavi_sottomarini/result/intermediate/dada2_filtered/ASED2_R1_filtered.fq.gz, /media/shared1/alessiam/dadawrap/cavi_sottomarini/result/intermediate/dada2_filtered/ASED2_R2_filtered.fq.gz, /media/shared1/alessiam/dadawrap/cavi_sottomarini/result/intermediate/dada2_filtered/AH20M_R1_filtered.fq.gz, /media/shared1/alessiam/dadawrap/cavi_sottomarini/result/intermediate/dada2_filtered/AH20M_R2_filtered.fq.gz, /media/shared1/alessiam/dadawrap/cavi_sottomarini/result/intermediate/dada2_error_learning/err_forward_reads.rds, /media/shared1/alessiam/dadawrap/cavi_sottomarini/result/intermediate/dada2_error_learning/err_reverse_reads.rds, /media/shared1/alessiam/dadawrap/cavi_sottomarini/result/intermediate/merged_asvs.rds, /media/shared1/alessiam/dadawrap/cavi_sottomarini/result/intermediate/no_chimera_asvs.rds, db_s/dada2/silva_nr99_v138_train_set.fa.gz, /media/shared1/alessiam/dadawrap/cavi_sottomarini/result/results/ASVs.fa, /media/shared1/alessiam/dadawrap/cavi_sottomarini/result/results/ASVs_counts.tsv, /media/shared1/alessiam/dadawrap/cavi_sottomarini/result/results/ASVs_taxonomy.tsv, /media/shared1/alessiam/dadawrap/cavi_sottomarini/result/results/read-count-tracking.tsv
    jobid: 0
    reason: Input files updated by another job: /media/shared1/alessiam/dadawrap/cavi_sottomarini/result/QC/raw_qc_initial/multiqc_report.html, /media/shared1/alessiam/dadawrap/cavi_sottomarini/result/intermediate/cutadapt/ASED2_trimmed_R2.fq.gz, /media/shared1/alessiam/dadawrap/cavi_sottomarini/result/intermediate/dada2_error_learning/err_forward_reads.rds, /media/shared1/alessiam/dadawrap/cavi_sottomarini/result/QC/raw_qc_post_cutadapt/AH20M_trimmed_R1_fastqc.html, /media/shared1/alessiam/dadawrap/cavi_sottomarini/result/results/ASVs.fa, /media/shared1/alessiam/dadawrap/cavi_sottomarini/result/QC/raw_qc_initial/AH20S_R1_fastqc.html, /media/shared1/alessiam/dadawrap/cavi_sottomarini/result/QC/raw_qc_post_cutadapt/AH20S_trimmed_R2_fastqc.html, /media/shared1/alessiam/dadawrap/cavi_sottomarini/result/intermediate/dada2_filtered/AH20F_R1_filtered.fq.gz, /media/shared1/alessiam/dadawrap/cavi_sottomarini/result/intermediate/dada2_filtered/AH20S_R2_filtered.fq.gz, /media/shared1/alessiam/dadawrap/cavi_sottomarini/result/intermediate/figaro/trimParameters.json, /media/shared1/alessiam/dadawrap/cavi_sottomarini/result/intermediate/merged_asvs.rds, /media/shared1/alessiam/dadawrap/cavi_sottomarini/result/QC/raw_qc_initial/AH20S_R2_fastqc.html, /media/shared1/alessiam/dadawrap/cavi_sottomarini/result/intermediate/dada2_filtered/ASED1_R1_filtered.fq.gz, /media/shared1/alessiam/dadawrap/cavi_sottomarini/result/intermediate/cutadapt/AH20S_trimmed_R1.fq.gz, /media/shared1/alessiam/dadawrap/cavi_sottomarini/result/intermediate/cutadapt/AH20M_trimmed_R1.fq.gz, /media/shared1/alessiam/dadawrap/cavi_sottomarini/result/intermediate/dada2_filtered/ASED1_R2_filtered.fq.gz, /media/shared1/alessiam/dadawrap/cavi_sottomarini/result/QC/raw_qc_post_cutadapt/multiqc_report.html, /media/shared1/alessiam/dadawrap/cavi_sottomarini/result/intermediate/cutadapt/ASED2_trimmed_R1.fq.gz, /media/shared1/alessiam/dadawrap/cavi_sottomarini/result/QC/raw_qc_initial/AH20M_R1_fastqc.html, /media/shared1/alessiam/dadawrap/cavi_sottomarini/result/intermediate/dada2_filtered/AH20F_R2_filtered.fq.gz, /media/shared1/alessiam/dadawrap/cavi_sottomarini/result/intermediate/cutadapt/AH20F_trimmed_R1.fq.gz, /media/shared1/alessiam/dadawrap/cavi_sottomarini/result/intermediate/dada2_filtered/ASED2_R2_filtered.fq.gz, /media/shared1/alessiam/dadawrap/cavi_sottomarini/result/QC/raw_qc_post_cutadapt/AH20S_trimmed_R1_fastqc.html, /media/shared1/alessiam/dadawrap/cavi_sottomarini/result/intermediate/dada2_filtered/ASED2_R1_filtered.fq.gz, /media/shared1/alessiam/dadawrap/cavi_sottomarini/result/intermediate/cutadapt/AH20M_trimmed_R2.fq.gz, /media/shared1/alessiam/dadawrap/cavi_sottomarini/result/QC/raw_qc_initial/AH20F_R1_fastqc.html, /media/shared1/alessiam/dadawrap/cavi_sottomarini/result/QC/raw_qc_post_cutadapt/ASED2_trimmed_R2_fastqc.html, /media/shared1/alessiam/dadawrap/cavi_sottomarini/result/results/ASVs_counts.tsv, /media/shared1/alessiam/dadawrap/cavi_sottomarini/result/QC/raw_qc_initial/AH20F_R2_fastqc.html, /media/shared1/alessiam/dadawrap/cavi_sottomarini/result/intermediate/dada2_error_learning/err_reverse_reads.rds, /media/shared1/alessiam/dadawrap/cavi_sottomarini/result/QC/raw_qc_initial/ASED1_R2_fastqc.html, /media/shared1/alessiam/dadawrap/cavi_sottomarini/result/QC/raw_qc_post_cutadapt/AH20F_trimmed_R1_fastqc.html, /media/shared1/alessiam/dadawrap/cavi_sottomarini/result/intermediate/dada2_filtered/AH20S_R1_filtered.fq.gz, /media/shared1/alessiam/dadawrap/cavi_sottomarini/result/QC/raw_qc_initial/ASED2_R1_fastqc.html, /media/shared1/alessiam/dadawrap/cavi_sottomarini/result/QC/raw_qc_initial/AH20M_R2_fastqc.html, /media/shared1/alessiam/dadawrap/cavi_sottomarini/result/intermediate/cutadapt/AH20S_trimmed_R2.fq.gz, /media/shared1/alessiam/dadawrap/cavi_sottomarini/result/QC/raw_qc_initial/ASED1_R1_fastqc.html, /media/shared1/alessiam/dadawrap/cavi_sottomarini/result/intermediate/cutadapt/AH20F_trimmed_R2.fq.gz, /media/shared1/alessiam/dadawrap/cavi_sottomarini/result/QC/raw_qc_post_cutadapt/ASED1_trimmed_R1_fastqc.html, /media/shared1/alessiam/dadawrap/cavi_sottomarini/result/intermediate/dada2_filtered/AH20M_R2_filtered.fq.gz, /media/shared1/alessiam/dadawrap/cavi_sottomarini/result/QC/raw_qc_post_cutadapt/ASED2_trimmed_R1_fastqc.html, /media/shared1/alessiam/dadawrap/cavi_sottomarini/result/intermediate/no_chimera_asvs.rds, /media/shared1/alessiam/dadawrap/cavi_sottomarini/result/QC/raw_qc_post_cutadapt/AH20F_trimmed_R2_fastqc.html, /media/shared1/alessiam/dadawrap/cavi_sottomarini/result/intermediate/cutadapt/ASED1_trimmed_R2.fq.gz, /media/shared1/alessiam/dadawrap/cavi_sottomarini/result/results/ASVs_taxonomy.tsv, /media/shared1/alessiam/dadawrap/cavi_sottomarini/result/QC/raw_qc_post_cutadapt/ASED1_trimmed_R2_fastqc.html, /media/shared1/alessiam/dadawrap/cavi_sottomarini/result/intermediate/cutadapt/ASED1_trimmed_R1.fq.gz, /media/shared1/alessiam/dadawrap/cavi_sottomarini/result/QC/raw_qc_post_cutadapt/AH20M_trimmed_R2_fastqc.html, /media/shared1/alessiam/dadawrap/cavi_sottomarini/result/results/read-count-tracking.tsv, /media/shared1/alessiam/dadawrap/cavi_sottomarini/result/intermediate/dada2_filtered/AH20M_R1_filtered.fq.gz, /media/shared1/alessiam/dadawrap/cavi_sottomarini/result/QC/raw_qc_initial/ASED2_R2_fastqc.html
    resources: tmpdir=/tmp

[Fri Feb 21 11:43:12 2025]
Finished job 0.
35 of 35 steps (100%) done
Complete log: .snakemake/log/2025-02-21T110318.267304.snakemake.log
