Building DAG of jobs...
Using shell: /usr/bin/bash
Provided cores: 32
Rules claiming more threads will be scaled down.
Job stats:
job                      count
---------------------  -------
all                          1
cutadapt                     2
dada2_assign_taxonomy        1
dada2_error_learning         1
dada2_filter                 1
dada2_infer_asvs             1
dada2_remove_chimeras        1
download_dada2_db            1
fastqc_initial               4
fastqc_post_cutadapt         4
figaro                       1
multiqc_final                1
multiqc_initial              1
track_reads                  1
total                       21

Select jobs to execute...
Failed to solve scheduling problem with ILP solver. Falling back to greedy solver. Run Snakemake with --verbose to see the full solver output for debugging the problem.

[Thu Feb 20 14:47:55 2025]
rule cutadapt:
    input: /media/shared1/alessiam/dadawrap/benchmark1/SRR20752596_R1.fastq.gz, /media/shared1/alessiam/dadawrap/benchmark1/SRR20752596_R2.fastq.gz
    output: /media/shared1/alessiam/dadawrap/benchmark_illu_species/intermediate/cutadapt/SRR20752596_trimmed_R1.fq.gz, /media/shared1/alessiam/dadawrap/benchmark_illu_species/intermediate/cutadapt/SRR20752596_trimmed_R2.fq.gz
    log: /media/shared1/alessiam/dadawrap/benchmark_illu_species/intermediate/cutadapt/SRR20752596_cutadapt.log
    jobid: 6
    reason: Missing output files: /media/shared1/alessiam/dadawrap/benchmark_illu_species/intermediate/cutadapt/SRR20752596_trimmed_R1.fq.gz, /media/shared1/alessiam/dadawrap/benchmark_illu_species/intermediate/cutadapt/SRR20752596_trimmed_R2.fq.gz
    wildcards: output_dir=/media/shared1/alessiam/dadawrap/benchmark_illu_species, sample=SRR20752596
    resources: tmpdir=/tmp


[Thu Feb 20 14:47:55 2025]
rule cutadapt:
    input: /media/shared1/alessiam/dadawrap/benchmark1/SRR20752610_R2.fastq.gz, /media/shared1/alessiam/dadawrap/benchmark1/SRR20752610_R1.fastq.gz
    output: /media/shared1/alessiam/dadawrap/benchmark_illu_species/intermediate/cutadapt/SRR20752610_trimmed_R1.fq.gz, /media/shared1/alessiam/dadawrap/benchmark_illu_species/intermediate/cutadapt/SRR20752610_trimmed_R2.fq.gz
    log: /media/shared1/alessiam/dadawrap/benchmark_illu_species/intermediate/cutadapt/SRR20752610_cutadapt.log
    jobid: 7
    reason: Missing output files: /media/shared1/alessiam/dadawrap/benchmark_illu_species/intermediate/cutadapt/SRR20752610_trimmed_R1.fq.gz, /media/shared1/alessiam/dadawrap/benchmark_illu_species/intermediate/cutadapt/SRR20752610_trimmed_R2.fq.gz
    wildcards: output_dir=/media/shared1/alessiam/dadawrap/benchmark_illu_species, sample=SRR20752610
    resources: tmpdir=/tmp


[Thu Feb 20 14:47:55 2025]
rule download_dada2_db:
    output: db_s/dada2/silva_nr99_v138_train_set.fa.gz
    jobid: 18
    reason: Code has changed since last execution
    resources: tmpdir=/tmp


[Thu Feb 20 14:47:55 2025]
rule figaro:
    input: /media/shared1/alessiam/dadawrap/benchmark1
    output: /media/shared1/alessiam/dadawrap/benchmark_illu_species/intermediate/figaro/trimParameters.json
    jobid: 13
    reason: Missing output files: /media/shared1/alessiam/dadawrap/benchmark_illu_species/intermediate/figaro/trimParameters.json
    resources: tmpdir=/tmp

[Thu Feb 20 14:47:55 2025]
Finished job 7.
1 of 21 steps (5%) done
Select jobs to execute...
Failed to solve scheduling problem with ILP solver. Falling back to greedy solver. Run Snakemake with --verbose to see the full solver output for debugging the problem.

[Thu Feb 20 14:47:56 2025]
rule fastqc_post_cutadapt:
    input: /media/shared1/alessiam/dadawrap/benchmark_illu_species/intermediate/cutadapt/SRR20752610_trimmed_R2.fq.gz
    output: /media/shared1/alessiam/dadawrap/benchmark_illu_species/QC/raw_qc_post_cutadapt/SRR20752610_trimmed_R2_fastqc.html
    jobid: 11
    reason: Missing output files: /media/shared1/alessiam/dadawrap/benchmark_illu_species/QC/raw_qc_post_cutadapt/SRR20752610_trimmed_R2_fastqc.html; Input files updated by another job: /media/shared1/alessiam/dadawrap/benchmark_illu_species/intermediate/cutadapt/SRR20752610_trimmed_R2.fq.gz
    wildcards: output_dir=/media/shared1/alessiam/dadawrap/benchmark_illu_species, sample=SRR20752610, index=2
    threads: 15
    resources: tmpdir=/tmp

[Thu Feb 20 14:47:56 2025]
Finished job 6.
2 of 21 steps (10%) done
Select jobs to execute...
Failed to solve scheduling problem with ILP solver. Falling back to greedy solver. Run Snakemake with --verbose to see the full solver output for debugging the problem.

[Thu Feb 20 14:47:57 2025]
rule fastqc_post_cutadapt:
    input: /media/shared1/alessiam/dadawrap/benchmark_illu_species/intermediate/cutadapt/SRR20752596_trimmed_R2.fq.gz
    output: /media/shared1/alessiam/dadawrap/benchmark_illu_species/QC/raw_qc_post_cutadapt/SRR20752596_trimmed_R2_fastqc.html
    jobid: 9
    reason: Missing output files: /media/shared1/alessiam/dadawrap/benchmark_illu_species/QC/raw_qc_post_cutadapt/SRR20752596_trimmed_R2_fastqc.html; Input files updated by another job: /media/shared1/alessiam/dadawrap/benchmark_illu_species/intermediate/cutadapt/SRR20752596_trimmed_R2.fq.gz
    wildcards: output_dir=/media/shared1/alessiam/dadawrap/benchmark_illu_species, sample=SRR20752596, index=2
    threads: 15
    resources: tmpdir=/tmp

[Thu Feb 20 14:47:57 2025]
Finished job 11.
3 of 21 steps (14%) done
Select jobs to execute...
Failed to solve scheduling problem with ILP solver. Falling back to greedy solver. Run Snakemake with --verbose to see the full solver output for debugging the problem.

[Thu Feb 20 14:47:58 2025]
rule fastqc_post_cutadapt:
    input: /media/shared1/alessiam/dadawrap/benchmark_illu_species/intermediate/cutadapt/SRR20752596_trimmed_R1.fq.gz
    output: /media/shared1/alessiam/dadawrap/benchmark_illu_species/QC/raw_qc_post_cutadapt/SRR20752596_trimmed_R1_fastqc.html
    jobid: 8
    reason: Missing output files: /media/shared1/alessiam/dadawrap/benchmark_illu_species/QC/raw_qc_post_cutadapt/SRR20752596_trimmed_R1_fastqc.html; Input files updated by another job: /media/shared1/alessiam/dadawrap/benchmark_illu_species/intermediate/cutadapt/SRR20752596_trimmed_R1.fq.gz
    wildcards: output_dir=/media/shared1/alessiam/dadawrap/benchmark_illu_species, sample=SRR20752596, index=1
    threads: 15
    resources: tmpdir=/tmp

[Thu Feb 20 14:47:59 2025]
Finished job 9.
4 of 21 steps (19%) done
Select jobs to execute...
Failed to solve scheduling problem with ILP solver. Falling back to greedy solver. Run Snakemake with --verbose to see the full solver output for debugging the problem.

[Thu Feb 20 14:48:00 2025]
rule fastqc_post_cutadapt:
    input: /media/shared1/alessiam/dadawrap/benchmark_illu_species/intermediate/cutadapt/SRR20752610_trimmed_R1.fq.gz
    output: /media/shared1/alessiam/dadawrap/benchmark_illu_species/QC/raw_qc_post_cutadapt/SRR20752610_trimmed_R1_fastqc.html
    jobid: 10
    reason: Missing output files: /media/shared1/alessiam/dadawrap/benchmark_illu_species/QC/raw_qc_post_cutadapt/SRR20752610_trimmed_R1_fastqc.html; Input files updated by another job: /media/shared1/alessiam/dadawrap/benchmark_illu_species/intermediate/cutadapt/SRR20752610_trimmed_R1.fq.gz
    wildcards: output_dir=/media/shared1/alessiam/dadawrap/benchmark_illu_species, sample=SRR20752610, index=1
    threads: 15
    resources: tmpdir=/tmp

[Thu Feb 20 14:48:00 2025]
Finished job 8.
5 of 21 steps (24%) done
Select jobs to execute...
Failed to solve scheduling problem with ILP solver. Falling back to greedy solver. Run Snakemake with --verbose to see the full solver output for debugging the problem.
[Thu Feb 20 14:48:02 2025]
Finished job 10.
6 of 21 steps (29%) done
Failed to solve scheduling problem with ILP solver. Falling back to greedy solver. Run Snakemake with --verbose to see the full solver output for debugging the problem.
[Thu Feb 20 14:48:10 2025]
Finished job 18.
7 of 21 steps (33%) done
Failed to solve scheduling problem with ILP solver. Falling back to greedy solver. Run Snakemake with --verbose to see the full solver output for debugging the problem.
[Thu Feb 20 14:48:41 2025]
Finished job 13.
8 of 21 steps (38%) done
Failed to solve scheduling problem with ILP solver. Falling back to greedy solver. Run Snakemake with --verbose to see the full solver output for debugging the problem.

[Thu Feb 20 14:48:42 2025]
rule fastqc_initial:
    input: /media/shared1/alessiam/dadawrap/benchmark1/SRR20752596_R2.fastq.gz
    output: /media/shared1/alessiam/dadawrap/benchmark_illu_species/QC/raw_qc_initial/SRR20752596_R2_fastqc.html
    jobid: 4
    reason: Missing output files: /media/shared1/alessiam/dadawrap/benchmark_illu_species/QC/raw_qc_initial/SRR20752596_R2_fastqc.html
    wildcards: output_dir=/media/shared1/alessiam/dadawrap/benchmark_illu_species, file=SRR20752596_R2
    threads: 32
    resources: tmpdir=/tmp

[Thu Feb 20 14:48:44 2025]
Finished job 4.
9 of 21 steps (43%) done
Select jobs to execute...
Failed to solve scheduling problem with ILP solver. Falling back to greedy solver. Run Snakemake with --verbose to see the full solver output for debugging the problem.

[Thu Feb 20 14:48:45 2025]
rule fastqc_initial:
    input: /media/shared1/alessiam/dadawrap/benchmark1/SRR20752596_R1.fastq.gz
    output: /media/shared1/alessiam/dadawrap/benchmark_illu_species/QC/raw_qc_initial/SRR20752596_R1_fastqc.html
    jobid: 1
    reason: Missing output files: /media/shared1/alessiam/dadawrap/benchmark_illu_species/QC/raw_qc_initial/SRR20752596_R1_fastqc.html
    wildcards: output_dir=/media/shared1/alessiam/dadawrap/benchmark_illu_species, file=SRR20752596_R1
    threads: 32
    resources: tmpdir=/tmp

[Thu Feb 20 14:48:48 2025]
Finished job 1.
10 of 21 steps (48%) done
Select jobs to execute...
Failed to solve scheduling problem with ILP solver. Falling back to greedy solver. Run Snakemake with --verbose to see the full solver output for debugging the problem.

[Thu Feb 20 14:48:49 2025]
rule fastqc_initial:
    input: /media/shared1/alessiam/dadawrap/benchmark1/SRR20752610_R2.fastq.gz
    output: /media/shared1/alessiam/dadawrap/benchmark_illu_species/QC/raw_qc_initial/SRR20752610_R2_fastqc.html
    jobid: 2
    reason: Missing output files: /media/shared1/alessiam/dadawrap/benchmark_illu_species/QC/raw_qc_initial/SRR20752610_R2_fastqc.html
    wildcards: output_dir=/media/shared1/alessiam/dadawrap/benchmark_illu_species, file=SRR20752610_R2
    threads: 32
    resources: tmpdir=/tmp

[Thu Feb 20 14:48:50 2025]
Finished job 2.
11 of 21 steps (52%) done
Select jobs to execute...
Failed to solve scheduling problem with ILP solver. Falling back to greedy solver. Run Snakemake with --verbose to see the full solver output for debugging the problem.

[Thu Feb 20 14:48:51 2025]
rule fastqc_initial:
    input: /media/shared1/alessiam/dadawrap/benchmark1/SRR20752610_R1.fastq.gz
    output: /media/shared1/alessiam/dadawrap/benchmark_illu_species/QC/raw_qc_initial/SRR20752610_R1_fastqc.html
    jobid: 3
    reason: Missing output files: /media/shared1/alessiam/dadawrap/benchmark_illu_species/QC/raw_qc_initial/SRR20752610_R1_fastqc.html
    wildcards: output_dir=/media/shared1/alessiam/dadawrap/benchmark_illu_species, file=SRR20752610_R1
    threads: 32
    resources: tmpdir=/tmp

[Thu Feb 20 14:48:52 2025]
Finished job 3.
12 of 21 steps (57%) done
Select jobs to execute...
Failed to solve scheduling problem with ILP solver. Falling back to greedy solver. Run Snakemake with --verbose to see the full solver output for debugging the problem.

[Thu Feb 20 14:48:53 2025]
rule multiqc_initial:
    input: /media/shared1/alessiam/dadawrap/benchmark_illu_species/QC/raw_qc_initial/SRR20752596_R1_fastqc.html, /media/shared1/alessiam/dadawrap/benchmark_illu_species/QC/raw_qc_initial/SRR20752610_R2_fastqc.html, /media/shared1/alessiam/dadawrap/benchmark_illu_species/QC/raw_qc_initial/SRR20752610_R1_fastqc.html, /media/shared1/alessiam/dadawrap/benchmark_illu_species/QC/raw_qc_initial/SRR20752596_R2_fastqc.html
    output: /media/shared1/alessiam/dadawrap/benchmark_illu_species/QC/raw_qc_initial/multiqc_report.html
    jobid: 5
    reason: Missing output files: /media/shared1/alessiam/dadawrap/benchmark_illu_species/QC/raw_qc_initial/multiqc_report.html; Input files updated by another job: /media/shared1/alessiam/dadawrap/benchmark_illu_species/QC/raw_qc_initial/SRR20752610_R2_fastqc.html, /media/shared1/alessiam/dadawrap/benchmark_illu_species/QC/raw_qc_initial/SRR20752596_R1_fastqc.html, /media/shared1/alessiam/dadawrap/benchmark_illu_species/QC/raw_qc_initial/SRR20752596_R2_fastqc.html, /media/shared1/alessiam/dadawrap/benchmark_illu_species/QC/raw_qc_initial/SRR20752610_R1_fastqc.html
    threads: 32
    resources: tmpdir=/tmp

[Thu Feb 20 14:48:54 2025]
Finished job 5.
13 of 21 steps (62%) done
Select jobs to execute...
Failed to solve scheduling problem with ILP solver. Falling back to greedy solver. Run Snakemake with --verbose to see the full solver output for debugging the problem.

[Thu Feb 20 14:48:55 2025]
rule multiqc_final:
    input: /media/shared1/alessiam/dadawrap/benchmark_illu_species/QC/raw_qc_post_cutadapt/SRR20752596_trimmed_R1_fastqc.html, /media/shared1/alessiam/dadawrap/benchmark_illu_species/QC/raw_qc_post_cutadapt/SRR20752596_trimmed_R2_fastqc.html, /media/shared1/alessiam/dadawrap/benchmark_illu_species/QC/raw_qc_post_cutadapt/SRR20752610_trimmed_R1_fastqc.html, /media/shared1/alessiam/dadawrap/benchmark_illu_species/QC/raw_qc_post_cutadapt/SRR20752610_trimmed_R2_fastqc.html
    output: /media/shared1/alessiam/dadawrap/benchmark_illu_species/QC/raw_qc_post_cutadapt/multiqc_report.html
    jobid: 12
    reason: Missing output files: /media/shared1/alessiam/dadawrap/benchmark_illu_species/QC/raw_qc_post_cutadapt/multiqc_report.html; Input files updated by another job: /media/shared1/alessiam/dadawrap/benchmark_illu_species/QC/raw_qc_post_cutadapt/SRR20752596_trimmed_R2_fastqc.html, /media/shared1/alessiam/dadawrap/benchmark_illu_species/QC/raw_qc_post_cutadapt/SRR20752596_trimmed_R1_fastqc.html, /media/shared1/alessiam/dadawrap/benchmark_illu_species/QC/raw_qc_post_cutadapt/SRR20752610_trimmed_R1_fastqc.html, /media/shared1/alessiam/dadawrap/benchmark_illu_species/QC/raw_qc_post_cutadapt/SRR20752610_trimmed_R2_fastqc.html
    threads: 32
    resources: tmpdir=/tmp

[Thu Feb 20 14:48:56 2025]
Finished job 12.
14 of 21 steps (67%) done
Select jobs to execute...

[Thu Feb 20 14:48:56 2025]
rule dada2_filter:
    input: /media/shared1/alessiam/dadawrap/benchmark_illu_species/intermediate/figaro/trimParameters.json
    output: /media/shared1/alessiam/dadawrap/benchmark_illu_species/intermediate/dada2_filtered/SRR20752596_R1_filtered.fq.gz, /media/shared1/alessiam/dadawrap/benchmark_illu_species/intermediate/dada2_filtered/SRR20752596_R2_filtered.fq.gz, /media/shared1/alessiam/dadawrap/benchmark_illu_species/intermediate/dada2_filtered/SRR20752610_R1_filtered.fq.gz, /media/shared1/alessiam/dadawrap/benchmark_illu_species/intermediate/dada2_filtered/SRR20752610_R2_filtered.fq.gz, /media/shared1/alessiam/dadawrap/benchmark_illu_species/intermediate/dada2_filtered/checkout.filter
    jobid: 14
    reason: Missing output files: /media/shared1/alessiam/dadawrap/benchmark_illu_species/intermediate/dada2_filtered/SRR20752610_R1_filtered.fq.gz, /media/shared1/alessiam/dadawrap/benchmark_illu_species/intermediate/dada2_filtered/checkout.filter, /media/shared1/alessiam/dadawrap/benchmark_illu_species/intermediate/dada2_filtered/SRR20752610_R2_filtered.fq.gz, /media/shared1/alessiam/dadawrap/benchmark_illu_species/intermediate/dada2_filtered/SRR20752596_R1_filtered.fq.gz, /media/shared1/alessiam/dadawrap/benchmark_illu_species/intermediate/dada2_filtered/SRR20752596_R2_filtered.fq.gz; Input files updated by another job: /media/shared1/alessiam/dadawrap/benchmark_illu_species/intermediate/figaro/trimParameters.json
    resources: tmpdir=/tmp

[Thu Feb 20 14:49:05 2025]
Finished job 14.
15 of 21 steps (71%) done
Select jobs to execute...

[Thu Feb 20 14:49:05 2025]
rule dada2_error_learning:
    input: /media/shared1/alessiam/dadawrap/benchmark_illu_species/intermediate/dada2_filtered/checkout.filter
    output: /media/shared1/alessiam/dadawrap/benchmark_illu_species/intermediate/dada2_error_learning/err_forward_reads.rds, /media/shared1/alessiam/dadawrap/benchmark_illu_species/intermediate/dada2_error_learning/err_reverse_reads.rds
    jobid: 15
    reason: Missing output files: /media/shared1/alessiam/dadawrap/benchmark_illu_species/intermediate/dada2_error_learning/err_forward_reads.rds, /media/shared1/alessiam/dadawrap/benchmark_illu_species/intermediate/dada2_error_learning/err_reverse_reads.rds; Input files updated by another job: /media/shared1/alessiam/dadawrap/benchmark_illu_species/intermediate/dada2_filtered/checkout.filter
    resources: tmpdir=/tmp

[Thu Feb 20 14:49:42 2025]
Finished job 15.
16 of 21 steps (76%) done
Select jobs to execute...

[Thu Feb 20 14:49:42 2025]
rule dada2_infer_asvs:
    input: /media/shared1/alessiam/dadawrap/benchmark_illu_species/intermediate/dada2_error_learning/err_forward_reads.rds, /media/shared1/alessiam/dadawrap/benchmark_illu_species/intermediate/dada2_error_learning/err_reverse_reads.rds
    output: /media/shared1/alessiam/dadawrap/benchmark_illu_species/intermediate/merged_asvs.rds
    jobid: 16
    reason: Missing output files: /media/shared1/alessiam/dadawrap/benchmark_illu_species/intermediate/merged_asvs.rds; Input files updated by another job: /media/shared1/alessiam/dadawrap/benchmark_illu_species/intermediate/dada2_error_learning/err_forward_reads.rds, /media/shared1/alessiam/dadawrap/benchmark_illu_species/intermediate/dada2_error_learning/err_reverse_reads.rds
    wildcards: output_dir=/media/shared1/alessiam/dadawrap/benchmark_illu_species
    resources: tmpdir=/tmp

[Thu Feb 20 14:49:57 2025]
Finished job 16.
17 of 21 steps (81%) done
Select jobs to execute...

[Thu Feb 20 14:49:57 2025]
rule dada2_remove_chimeras:
    input: /media/shared1/alessiam/dadawrap/benchmark_illu_species/intermediate/merged_asvs.rds
    output: /media/shared1/alessiam/dadawrap/benchmark_illu_species/intermediate/no_chimera_asvs.rds
    jobid: 17
    reason: Missing output files: /media/shared1/alessiam/dadawrap/benchmark_illu_species/intermediate/no_chimera_asvs.rds; Input files updated by another job: /media/shared1/alessiam/dadawrap/benchmark_illu_species/intermediate/merged_asvs.rds
    resources: tmpdir=/tmp

[Thu Feb 20 14:50:04 2025]
Finished job 17.
18 of 21 steps (86%) done
Select jobs to execute...
Failed to solve scheduling problem with ILP solver. Falling back to greedy solver. Run Snakemake with --verbose to see the full solver output for debugging the problem.

[Thu Feb 20 14:50:05 2025]
rule track_reads:
    input: /media/shared1/alessiam/dadawrap/benchmark_illu_species/intermediate/merged_asvs.rds, /media/shared1/alessiam/dadawrap/benchmark_illu_species/intermediate/no_chimera_asvs.rds
    output: /media/shared1/alessiam/dadawrap/benchmark_illu_species/results/read-count-tracking.tsv
    jobid: 20
    reason: Missing output files: /media/shared1/alessiam/dadawrap/benchmark_illu_species/results/read-count-tracking.tsv; Input files updated by another job: /media/shared1/alessiam/dadawrap/benchmark_illu_species/intermediate/no_chimera_asvs.rds, /media/shared1/alessiam/dadawrap/benchmark_illu_species/intermediate/merged_asvs.rds
    resources: tmpdir=/tmp


[Thu Feb 20 14:50:05 2025]
rule dada2_assign_taxonomy:
    input: /media/shared1/alessiam/dadawrap/benchmark_illu_species/intermediate/no_chimera_asvs.rds, db_s/dada2/silva_nr99_v138_train_set.fa.gz
    output: /media/shared1/alessiam/dadawrap/benchmark_illu_species/results/ASVs.fa, /media/shared1/alessiam/dadawrap/benchmark_illu_species/results/ASVs_counts.tsv, /media/shared1/alessiam/dadawrap/benchmark_illu_species/results/ASVs_taxonomy.tsv
    jobid: 19
    reason: Missing output files: /media/shared1/alessiam/dadawrap/benchmark_illu_species/results/ASVs.fa, /media/shared1/alessiam/dadawrap/benchmark_illu_species/results/ASVs_counts.tsv, /media/shared1/alessiam/dadawrap/benchmark_illu_species/results/ASVs_taxonomy.tsv; Input files updated by another job: /media/shared1/alessiam/dadawrap/benchmark_illu_species/intermediate/no_chimera_asvs.rds, db_s/dada2/silva_nr99_v138_train_set.fa.gz
    wildcards: output_dir=/media/shared1/alessiam/dadawrap/benchmark_illu_species
    resources: tmpdir=/tmp

[Thu Feb 20 14:50:08 2025]
Finished job 20.
19 of 21 steps (90%) done
[Thu Feb 20 14:51:00 2025]
Finished job 19.
20 of 21 steps (95%) done
Select jobs to execute...

[Thu Feb 20 14:51:00 2025]
localrule all:
    input: /media/shared1/alessiam/dadawrap/benchmark_illu_species/QC/raw_qc_initial/SRR20752596_R1_fastqc.html, /media/shared1/alessiam/dadawrap/benchmark_illu_species/QC/raw_qc_initial/SRR20752610_R2_fastqc.html, /media/shared1/alessiam/dadawrap/benchmark_illu_species/QC/raw_qc_initial/SRR20752610_R1_fastqc.html, /media/shared1/alessiam/dadawrap/benchmark_illu_species/QC/raw_qc_initial/SRR20752596_R2_fastqc.html, /media/shared1/alessiam/dadawrap/benchmark_illu_species/QC/raw_qc_initial/multiqc_report.html, /media/shared1/alessiam/dadawrap/benchmark_illu_species/intermediate/cutadapt/SRR20752596_trimmed_R1.fq.gz, /media/shared1/alessiam/dadawrap/benchmark_illu_species/intermediate/cutadapt/SRR20752596_trimmed_R2.fq.gz, /media/shared1/alessiam/dadawrap/benchmark_illu_species/intermediate/cutadapt/SRR20752610_trimmed_R1.fq.gz, /media/shared1/alessiam/dadawrap/benchmark_illu_species/intermediate/cutadapt/SRR20752610_trimmed_R2.fq.gz, /media/shared1/alessiam/dadawrap/benchmark_illu_species/QC/raw_qc_post_cutadapt/SRR20752596_trimmed_R1_fastqc.html, /media/shared1/alessiam/dadawrap/benchmark_illu_species/QC/raw_qc_post_cutadapt/SRR20752596_trimmed_R2_fastqc.html, /media/shared1/alessiam/dadawrap/benchmark_illu_species/QC/raw_qc_post_cutadapt/SRR20752610_trimmed_R1_fastqc.html, /media/shared1/alessiam/dadawrap/benchmark_illu_species/QC/raw_qc_post_cutadapt/SRR20752610_trimmed_R2_fastqc.html, /media/shared1/alessiam/dadawrap/benchmark_illu_species/QC/raw_qc_post_cutadapt/multiqc_report.html, /media/shared1/alessiam/dadawrap/benchmark_illu_species/intermediate/figaro/trimParameters.json, /media/shared1/alessiam/dadawrap/benchmark_illu_species/intermediate/dada2_filtered/SRR20752596_R1_filtered.fq.gz, /media/shared1/alessiam/dadawrap/benchmark_illu_species/intermediate/dada2_filtered/SRR20752596_R2_filtered.fq.gz, /media/shared1/alessiam/dadawrap/benchmark_illu_species/intermediate/dada2_filtered/SRR20752610_R1_filtered.fq.gz, /media/shared1/alessiam/dadawrap/benchmark_illu_species/intermediate/dada2_filtered/SRR20752610_R2_filtered.fq.gz, /media/shared1/alessiam/dadawrap/benchmark_illu_species/intermediate/dada2_error_learning/err_forward_reads.rds, /media/shared1/alessiam/dadawrap/benchmark_illu_species/intermediate/dada2_error_learning/err_reverse_reads.rds, /media/shared1/alessiam/dadawrap/benchmark_illu_species/intermediate/merged_asvs.rds, /media/shared1/alessiam/dadawrap/benchmark_illu_species/intermediate/no_chimera_asvs.rds, db_s/dada2/silva_nr99_v138_train_set.fa.gz, /media/shared1/alessiam/dadawrap/benchmark_illu_species/results/ASVs.fa, /media/shared1/alessiam/dadawrap/benchmark_illu_species/results/ASVs_counts.tsv, /media/shared1/alessiam/dadawrap/benchmark_illu_species/results/ASVs_taxonomy.tsv, /media/shared1/alessiam/dadawrap/benchmark_illu_species/results/read-count-tracking.tsv
    jobid: 0
    reason: Input files updated by another job: /media/shared1/alessiam/dadawrap/benchmark_illu_species/QC/raw_qc_initial/SRR20752610_R1_fastqc.html, /media/shared1/alessiam/dadawrap/benchmark_illu_species/intermediate/merged_asvs.rds, /media/shared1/alessiam/dadawrap/benchmark_illu_species/results/read-count-tracking.tsv, /media/shared1/alessiam/dadawrap/benchmark_illu_species/intermediate/cutadapt/SRR20752596_trimmed_R2.fq.gz, /media/shared1/alessiam/dadawrap/benchmark_illu_species/QC/raw_qc_initial/SRR20752596_R1_fastqc.html, /media/shared1/alessiam/dadawrap/benchmark_illu_species/intermediate/cutadapt/SRR20752610_trimmed_R1.fq.gz, /media/shared1/alessiam/dadawrap/benchmark_illu_species/results/ASVs_taxonomy.tsv, /media/shared1/alessiam/dadawrap/benchmark_illu_species/QC/raw_qc_post_cutadapt/SRR20752596_trimmed_R2_fastqc.html, /media/shared1/alessiam/dadawrap/benchmark_illu_species/intermediate/dada2_filtered/SRR20752596_R2_filtered.fq.gz, /media/shared1/alessiam/dadawrap/benchmark_illu_species/intermediate/no_chimera_asvs.rds, db_s/dada2/silva_nr99_v138_train_set.fa.gz, /media/shared1/alessiam/dadawrap/benchmark_illu_species/QC/raw_qc_post_cutadapt/SRR20752596_trimmed_R1_fastqc.html, /media/shared1/alessiam/dadawrap/benchmark_illu_species/intermediate/cutadapt/SRR20752596_trimmed_R1.fq.gz, /media/shared1/alessiam/dadawrap/benchmark_illu_species/intermediate/dada2_filtered/SRR20752610_R1_filtered.fq.gz, /media/shared1/alessiam/dadawrap/benchmark_illu_species/intermediate/figaro/trimParameters.json, /media/shared1/alessiam/dadawrap/benchmark_illu_species/QC/raw_qc_initial/SRR20752596_R2_fastqc.html, /media/shared1/alessiam/dadawrap/benchmark_illu_species/QC/raw_qc_post_cutadapt/multiqc_report.html, /media/shared1/alessiam/dadawrap/benchmark_illu_species/results/ASVs.fa, /media/shared1/alessiam/dadawrap/benchmark_illu_species/QC/raw_qc_initial/multiqc_report.html, /media/shared1/alessiam/dadawrap/benchmark_illu_species/intermediate/cutadapt/SRR20752610_trimmed_R2.fq.gz, /media/shared1/alessiam/dadawrap/benchmark_illu_species/intermediate/dada2_error_learning/err_forward_reads.rds, /media/shared1/alessiam/dadawrap/benchmark_illu_species/intermediate/dada2_error_learning/err_reverse_reads.rds, /media/shared1/alessiam/dadawrap/benchmark_illu_species/intermediate/dada2_filtered/SRR20752610_R2_filtered.fq.gz, /media/shared1/alessiam/dadawrap/benchmark_illu_species/QC/raw_qc_initial/SRR20752610_R2_fastqc.html, /media/shared1/alessiam/dadawrap/benchmark_illu_species/results/ASVs_counts.tsv, /media/shared1/alessiam/dadawrap/benchmark_illu_species/intermediate/dada2_filtered/SRR20752596_R1_filtered.fq.gz, /media/shared1/alessiam/dadawrap/benchmark_illu_species/QC/raw_qc_post_cutadapt/SRR20752610_trimmed_R1_fastqc.html, /media/shared1/alessiam/dadawrap/benchmark_illu_species/QC/raw_qc_post_cutadapt/SRR20752610_trimmed_R2_fastqc.html
    resources: tmpdir=/tmp

[Thu Feb 20 14:51:00 2025]
Finished job 0.
21 of 21 steps (100%) done
Complete log: .snakemake/log/2025-02-20T144753.793393.snakemake.log
