Building DAG of jobs...
Using shell: /usr/bin/bash
Provided cores: 32
Rules claiming more threads will be scaled down.
Job stats:
job                      count
---------------------  -------
all                          1
cutadapt                     2
dada2_assign_taxonomy        1
dada2_error_learning         1
dada2_filter                 1
dada2_infer_asvs             1
dada2_remove_chimeras        1
download_dada2_db            1
fastqc_initial               4
fastqc_post_cutadapt         4
figaro                       1
multiqc_final                1
multiqc_initial              1
track_reads                  1
total                       21

Select jobs to execute...
Failed to solve scheduling problem with ILP solver. Falling back to greedy solver. Run Snakemake with --verbose to see the full solver output for debugging the problem.

[Thu Feb 20 09:43:38 2025]
rule cutadapt:
    input: /media/shared1/alessiam/dadawrap/benchmark1/SRR20752596_R1.fastq.gz, /media/shared1/alessiam/dadawrap/benchmark1/SRR20752596_R2.fastq.gz
    output: /media/shared1/alessiam/dadawrap/benchmark_illu_species/intermediate/cutadapt/SRR20752596_trimmed_R1.fq.gz, /media/shared1/alessiam/dadawrap/benchmark_illu_species/intermediate/cutadapt/SRR20752596_trimmed_R2.fq.gz
    log: /media/shared1/alessiam/dadawrap/benchmark_illu_species/intermediate/cutadapt/SRR20752596_cutadapt.log
    jobid: 6
    reason: Missing output files: /media/shared1/alessiam/dadawrap/benchmark_illu_species/intermediate/cutadapt/SRR20752596_trimmed_R1.fq.gz, /media/shared1/alessiam/dadawrap/benchmark_illu_species/intermediate/cutadapt/SRR20752596_trimmed_R2.fq.gz
    wildcards: output_dir=/media/shared1/alessiam/dadawrap/benchmark_illu_species, sample=SRR20752596
    resources: tmpdir=/tmp


[Thu Feb 20 09:43:38 2025]
rule cutadapt:
    input: /media/shared1/alessiam/dadawrap/benchmark1/SRR20752610_R2.fastq.gz, /media/shared1/alessiam/dadawrap/benchmark1/SRR20752610_R1.fastq.gz
    output: /media/shared1/alessiam/dadawrap/benchmark_illu_species/intermediate/cutadapt/SRR20752610_trimmed_R1.fq.gz, /media/shared1/alessiam/dadawrap/benchmark_illu_species/intermediate/cutadapt/SRR20752610_trimmed_R2.fq.gz
    log: /media/shared1/alessiam/dadawrap/benchmark_illu_species/intermediate/cutadapt/SRR20752610_cutadapt.log
    jobid: 7
    reason: Missing output files: /media/shared1/alessiam/dadawrap/benchmark_illu_species/intermediate/cutadapt/SRR20752610_trimmed_R1.fq.gz, /media/shared1/alessiam/dadawrap/benchmark_illu_species/intermediate/cutadapt/SRR20752610_trimmed_R2.fq.gz
    wildcards: output_dir=/media/shared1/alessiam/dadawrap/benchmark_illu_species, sample=SRR20752610
    resources: tmpdir=/tmp


[Thu Feb 20 09:43:38 2025]
rule download_dada2_db:
    output: db_s/dada2/silva_nr99_v138_train_set.fa.gz
    jobid: 18
    reason: Missing output files: db_s/dada2/silva_nr99_v138_train_set.fa.gz
    resources: tmpdir=/tmp


[Thu Feb 20 09:43:38 2025]
rule figaro:
    input: /media/shared1/alessiam/dadawrap/benchmark1
    output: /media/shared1/alessiam/dadawrap/benchmark_illu_species/intermediate/figaro/trimParameters.json
    jobid: 13
    reason: Missing output files: /media/shared1/alessiam/dadawrap/benchmark_illu_species/intermediate/figaro/trimParameters.json
    resources: tmpdir=/tmp

[Thu Feb 20 09:43:39 2025]
Finished job 7.
1 of 21 steps (5%) done
Select jobs to execute...
Failed to solve scheduling problem with ILP solver. Falling back to greedy solver. Run Snakemake with --verbose to see the full solver output for debugging the problem.

[Thu Feb 20 09:43:41 2025]
rule fastqc_post_cutadapt:
    input: /media/shared1/alessiam/dadawrap/benchmark_illu_species/intermediate/cutadapt/SRR20752610_trimmed_R2.fq.gz
    output: /media/shared1/alessiam/dadawrap/benchmark_illu_species/QC/raw_qc_post_cutadapt/SRR20752610_trimmed_R2_fastqc.html
    jobid: 11
    reason: Missing output files: /media/shared1/alessiam/dadawrap/benchmark_illu_species/QC/raw_qc_post_cutadapt/SRR20752610_trimmed_R2_fastqc.html; Input files updated by another job: /media/shared1/alessiam/dadawrap/benchmark_illu_species/intermediate/cutadapt/SRR20752610_trimmed_R2.fq.gz
    wildcards: output_dir=/media/shared1/alessiam/dadawrap/benchmark_illu_species, sample=SRR20752610, index=2
    threads: 15
    resources: tmpdir=/tmp

[Thu Feb 20 09:43:41 2025]
Finished job 6.
2 of 21 steps (10%) done
Select jobs to execute...
Failed to solve scheduling problem with ILP solver. Falling back to greedy solver. Run Snakemake with --verbose to see the full solver output for debugging the problem.

[Thu Feb 20 09:43:42 2025]
rule fastqc_post_cutadapt:
    input: /media/shared1/alessiam/dadawrap/benchmark_illu_species/intermediate/cutadapt/SRR20752596_trimmed_R2.fq.gz
    output: /media/shared1/alessiam/dadawrap/benchmark_illu_species/QC/raw_qc_post_cutadapt/SRR20752596_trimmed_R2_fastqc.html
    jobid: 9
    reason: Missing output files: /media/shared1/alessiam/dadawrap/benchmark_illu_species/QC/raw_qc_post_cutadapt/SRR20752596_trimmed_R2_fastqc.html; Input files updated by another job: /media/shared1/alessiam/dadawrap/benchmark_illu_species/intermediate/cutadapt/SRR20752596_trimmed_R2.fq.gz
    wildcards: output_dir=/media/shared1/alessiam/dadawrap/benchmark_illu_species, sample=SRR20752596, index=2
    threads: 15
    resources: tmpdir=/tmp

[Thu Feb 20 09:43:43 2025]
Finished job 11.
3 of 21 steps (14%) done
Select jobs to execute...
Failed to solve scheduling problem with ILP solver. Falling back to greedy solver. Run Snakemake with --verbose to see the full solver output for debugging the problem.

[Thu Feb 20 09:43:44 2025]
rule fastqc_post_cutadapt:
    input: /media/shared1/alessiam/dadawrap/benchmark_illu_species/intermediate/cutadapt/SRR20752596_trimmed_R1.fq.gz
    output: /media/shared1/alessiam/dadawrap/benchmark_illu_species/QC/raw_qc_post_cutadapt/SRR20752596_trimmed_R1_fastqc.html
    jobid: 8
    reason: Missing output files: /media/shared1/alessiam/dadawrap/benchmark_illu_species/QC/raw_qc_post_cutadapt/SRR20752596_trimmed_R1_fastqc.html; Input files updated by another job: /media/shared1/alessiam/dadawrap/benchmark_illu_species/intermediate/cutadapt/SRR20752596_trimmed_R1.fq.gz
    wildcards: output_dir=/media/shared1/alessiam/dadawrap/benchmark_illu_species, sample=SRR20752596, index=1
    threads: 15
    resources: tmpdir=/tmp

[Thu Feb 20 09:43:44 2025]
Finished job 9.
4 of 21 steps (19%) done
Select jobs to execute...
Failed to solve scheduling problem with ILP solver. Falling back to greedy solver. Run Snakemake with --verbose to see the full solver output for debugging the problem.

[Thu Feb 20 09:43:45 2025]
rule fastqc_post_cutadapt:
    input: /media/shared1/alessiam/dadawrap/benchmark_illu_species/intermediate/cutadapt/SRR20752610_trimmed_R1.fq.gz
    output: /media/shared1/alessiam/dadawrap/benchmark_illu_species/QC/raw_qc_post_cutadapt/SRR20752610_trimmed_R1_fastqc.html
    jobid: 10
    reason: Missing output files: /media/shared1/alessiam/dadawrap/benchmark_illu_species/QC/raw_qc_post_cutadapt/SRR20752610_trimmed_R1_fastqc.html; Input files updated by another job: /media/shared1/alessiam/dadawrap/benchmark_illu_species/intermediate/cutadapt/SRR20752610_trimmed_R1.fq.gz
    wildcards: output_dir=/media/shared1/alessiam/dadawrap/benchmark_illu_species, sample=SRR20752610, index=1
    threads: 15
    resources: tmpdir=/tmp

[Thu Feb 20 09:43:46 2025]
Finished job 8.
5 of 21 steps (24%) done
Select jobs to execute...
Failed to solve scheduling problem with ILP solver. Falling back to greedy solver. Run Snakemake with --verbose to see the full solver output for debugging the problem.
[Thu Feb 20 09:43:47 2025]
Finished job 10.
6 of 21 steps (29%) done
Failed to solve scheduling problem with ILP solver. Falling back to greedy solver. Run Snakemake with --verbose to see the full solver output for debugging the problem.
[Thu Feb 20 09:44:07 2025]
Finished job 18.
7 of 21 steps (33%) done
Failed to solve scheduling problem with ILP solver. Falling back to greedy solver. Run Snakemake with --verbose to see the full solver output for debugging the problem.
[Thu Feb 20 09:44:26 2025]
Finished job 13.
8 of 21 steps (38%) done
Failed to solve scheduling problem with ILP solver. Falling back to greedy solver. Run Snakemake with --verbose to see the full solver output for debugging the problem.

[Thu Feb 20 09:44:27 2025]
rule fastqc_initial:
    input: /media/shared1/alessiam/dadawrap/benchmark1/SRR20752596_R2.fastq.gz
    output: /media/shared1/alessiam/dadawrap/benchmark_illu_species/QC/raw_qc_initial/SRR20752596_R2_fastqc.html
    jobid: 4
    reason: Missing output files: /media/shared1/alessiam/dadawrap/benchmark_illu_species/QC/raw_qc_initial/SRR20752596_R2_fastqc.html
    wildcards: output_dir=/media/shared1/alessiam/dadawrap/benchmark_illu_species, file=SRR20752596_R2
    threads: 32
    resources: tmpdir=/tmp

[Thu Feb 20 09:44:29 2025]
Finished job 4.
9 of 21 steps (43%) done
Select jobs to execute...
Failed to solve scheduling problem with ILP solver. Falling back to greedy solver. Run Snakemake with --verbose to see the full solver output for debugging the problem.

[Thu Feb 20 09:44:30 2025]
rule fastqc_initial:
    input: /media/shared1/alessiam/dadawrap/benchmark1/SRR20752596_R1.fastq.gz
    output: /media/shared1/alessiam/dadawrap/benchmark_illu_species/QC/raw_qc_initial/SRR20752596_R1_fastqc.html
    jobid: 1
    reason: Missing output files: /media/shared1/alessiam/dadawrap/benchmark_illu_species/QC/raw_qc_initial/SRR20752596_R1_fastqc.html
    wildcards: output_dir=/media/shared1/alessiam/dadawrap/benchmark_illu_species, file=SRR20752596_R1
    threads: 32
    resources: tmpdir=/tmp

[Thu Feb 20 09:44:32 2025]
Finished job 1.
10 of 21 steps (48%) done
Select jobs to execute...
Failed to solve scheduling problem with ILP solver. Falling back to greedy solver. Run Snakemake with --verbose to see the full solver output for debugging the problem.

[Thu Feb 20 09:44:33 2025]
rule fastqc_initial:
    input: /media/shared1/alessiam/dadawrap/benchmark1/SRR20752610_R2.fastq.gz
    output: /media/shared1/alessiam/dadawrap/benchmark_illu_species/QC/raw_qc_initial/SRR20752610_R2_fastqc.html
    jobid: 2
    reason: Missing output files: /media/shared1/alessiam/dadawrap/benchmark_illu_species/QC/raw_qc_initial/SRR20752610_R2_fastqc.html
    wildcards: output_dir=/media/shared1/alessiam/dadawrap/benchmark_illu_species, file=SRR20752610_R2
    threads: 32
    resources: tmpdir=/tmp

[Thu Feb 20 09:44:36 2025]
Finished job 2.
11 of 21 steps (52%) done
Select jobs to execute...
Failed to solve scheduling problem with ILP solver. Falling back to greedy solver. Run Snakemake with --verbose to see the full solver output for debugging the problem.

[Thu Feb 20 09:44:37 2025]
rule fastqc_initial:
    input: /media/shared1/alessiam/dadawrap/benchmark1/SRR20752610_R1.fastq.gz
    output: /media/shared1/alessiam/dadawrap/benchmark_illu_species/QC/raw_qc_initial/SRR20752610_R1_fastqc.html
    jobid: 3
    reason: Missing output files: /media/shared1/alessiam/dadawrap/benchmark_illu_species/QC/raw_qc_initial/SRR20752610_R1_fastqc.html
    wildcards: output_dir=/media/shared1/alessiam/dadawrap/benchmark_illu_species, file=SRR20752610_R1
    threads: 32
    resources: tmpdir=/tmp

[Thu Feb 20 09:44:38 2025]
Finished job 3.
12 of 21 steps (57%) done
Select jobs to execute...
Failed to solve scheduling problem with ILP solver. Falling back to greedy solver. Run Snakemake with --verbose to see the full solver output for debugging the problem.

[Thu Feb 20 09:44:39 2025]
rule multiqc_initial:
    input: /media/shared1/alessiam/dadawrap/benchmark_illu_species/QC/raw_qc_initial/SRR20752596_R1_fastqc.html, /media/shared1/alessiam/dadawrap/benchmark_illu_species/QC/raw_qc_initial/SRR20752610_R2_fastqc.html, /media/shared1/alessiam/dadawrap/benchmark_illu_species/QC/raw_qc_initial/SRR20752610_R1_fastqc.html, /media/shared1/alessiam/dadawrap/benchmark_illu_species/QC/raw_qc_initial/SRR20752596_R2_fastqc.html
    output: /media/shared1/alessiam/dadawrap/benchmark_illu_species/QC/raw_qc_initial/multiqc_report.html
    jobid: 5
    reason: Missing output files: /media/shared1/alessiam/dadawrap/benchmark_illu_species/QC/raw_qc_initial/multiqc_report.html; Input files updated by another job: /media/shared1/alessiam/dadawrap/benchmark_illu_species/QC/raw_qc_initial/SRR20752610_R1_fastqc.html, /media/shared1/alessiam/dadawrap/benchmark_illu_species/QC/raw_qc_initial/SRR20752596_R1_fastqc.html, /media/shared1/alessiam/dadawrap/benchmark_illu_species/QC/raw_qc_initial/SRR20752610_R2_fastqc.html, /media/shared1/alessiam/dadawrap/benchmark_illu_species/QC/raw_qc_initial/SRR20752596_R2_fastqc.html
    threads: 32
    resources: tmpdir=/tmp

[Thu Feb 20 09:44:41 2025]
Finished job 5.
13 of 21 steps (62%) done
Select jobs to execute...
Failed to solve scheduling problem with ILP solver. Falling back to greedy solver. Run Snakemake with --verbose to see the full solver output for debugging the problem.

[Thu Feb 20 09:44:42 2025]
rule multiqc_final:
    input: /media/shared1/alessiam/dadawrap/benchmark_illu_species/QC/raw_qc_post_cutadapt/SRR20752596_trimmed_R1_fastqc.html, /media/shared1/alessiam/dadawrap/benchmark_illu_species/QC/raw_qc_post_cutadapt/SRR20752596_trimmed_R2_fastqc.html, /media/shared1/alessiam/dadawrap/benchmark_illu_species/QC/raw_qc_post_cutadapt/SRR20752610_trimmed_R1_fastqc.html, /media/shared1/alessiam/dadawrap/benchmark_illu_species/QC/raw_qc_post_cutadapt/SRR20752610_trimmed_R2_fastqc.html
    output: /media/shared1/alessiam/dadawrap/benchmark_illu_species/QC/raw_qc_post_cutadapt/multiqc_report.html
    jobid: 12
    reason: Missing output files: /media/shared1/alessiam/dadawrap/benchmark_illu_species/QC/raw_qc_post_cutadapt/multiqc_report.html; Input files updated by another job: /media/shared1/alessiam/dadawrap/benchmark_illu_species/QC/raw_qc_post_cutadapt/SRR20752610_trimmed_R1_fastqc.html, /media/shared1/alessiam/dadawrap/benchmark_illu_species/QC/raw_qc_post_cutadapt/SRR20752596_trimmed_R2_fastqc.html, /media/shared1/alessiam/dadawrap/benchmark_illu_species/QC/raw_qc_post_cutadapt/SRR20752596_trimmed_R1_fastqc.html, /media/shared1/alessiam/dadawrap/benchmark_illu_species/QC/raw_qc_post_cutadapt/SRR20752610_trimmed_R2_fastqc.html
    threads: 32
    resources: tmpdir=/tmp

[Thu Feb 20 09:44:43 2025]
Finished job 12.
14 of 21 steps (67%) done
Select jobs to execute...

[Thu Feb 20 09:44:43 2025]
rule dada2_filter:
    input: /media/shared1/alessiam/dadawrap/benchmark_illu_species/intermediate/figaro/trimParameters.json
    output: /media/shared1/alessiam/dadawrap/benchmark_illu_species/intermediate/dada2_filtered/SRR20752596_R1_filtered.fq.gz, /media/shared1/alessiam/dadawrap/benchmark_illu_species/intermediate/dada2_filtered/SRR20752596_R2_filtered.fq.gz, /media/shared1/alessiam/dadawrap/benchmark_illu_species/intermediate/dada2_filtered/SRR20752610_R1_filtered.fq.gz, /media/shared1/alessiam/dadawrap/benchmark_illu_species/intermediate/dada2_filtered/SRR20752610_R2_filtered.fq.gz, /media/shared1/alessiam/dadawrap/benchmark_illu_species/intermediate/dada2_filtered/checkout.filter
    jobid: 14
    reason: Missing output files: /media/shared1/alessiam/dadawrap/benchmark_illu_species/intermediate/dada2_filtered/checkout.filter, /media/shared1/alessiam/dadawrap/benchmark_illu_species/intermediate/dada2_filtered/SRR20752610_R2_filtered.fq.gz, /media/shared1/alessiam/dadawrap/benchmark_illu_species/intermediate/dada2_filtered/SRR20752610_R1_filtered.fq.gz, /media/shared1/alessiam/dadawrap/benchmark_illu_species/intermediate/dada2_filtered/SRR20752596_R2_filtered.fq.gz, /media/shared1/alessiam/dadawrap/benchmark_illu_species/intermediate/dada2_filtered/SRR20752596_R1_filtered.fq.gz; Input files updated by another job: /media/shared1/alessiam/dadawrap/benchmark_illu_species/intermediate/figaro/trimParameters.json
    resources: tmpdir=/tmp

[Thu Feb 20 09:44:54 2025]
Finished job 14.
15 of 21 steps (71%) done
Select jobs to execute...

[Thu Feb 20 09:44:54 2025]
rule dada2_error_learning:
    input: /media/shared1/alessiam/dadawrap/benchmark_illu_species/intermediate/dada2_filtered/checkout.filter
    output: /media/shared1/alessiam/dadawrap/benchmark_illu_species/intermediate/dada2_error_learning/err_forward_reads.rds, /media/shared1/alessiam/dadawrap/benchmark_illu_species/intermediate/dada2_error_learning/err_reverse_reads.rds
    jobid: 15
    reason: Missing output files: /media/shared1/alessiam/dadawrap/benchmark_illu_species/intermediate/dada2_error_learning/err_reverse_reads.rds, /media/shared1/alessiam/dadawrap/benchmark_illu_species/intermediate/dada2_error_learning/err_forward_reads.rds; Input files updated by another job: /media/shared1/alessiam/dadawrap/benchmark_illu_species/intermediate/dada2_filtered/checkout.filter
    resources: tmpdir=/tmp

[Thu Feb 20 09:45:33 2025]
Finished job 15.
16 of 21 steps (76%) done
Select jobs to execute...

[Thu Feb 20 09:45:33 2025]
rule dada2_infer_asvs:
    input: /media/shared1/alessiam/dadawrap/benchmark_illu_species/intermediate/dada2_error_learning/err_forward_reads.rds, /media/shared1/alessiam/dadawrap/benchmark_illu_species/intermediate/dada2_error_learning/err_reverse_reads.rds
    output: /media/shared1/alessiam/dadawrap/benchmark_illu_species/intermediate/merged_asvs.rds
    jobid: 16
    reason: Missing output files: /media/shared1/alessiam/dadawrap/benchmark_illu_species/intermediate/merged_asvs.rds; Input files updated by another job: /media/shared1/alessiam/dadawrap/benchmark_illu_species/intermediate/dada2_error_learning/err_reverse_reads.rds, /media/shared1/alessiam/dadawrap/benchmark_illu_species/intermediate/dada2_error_learning/err_forward_reads.rds
    wildcards: output_dir=/media/shared1/alessiam/dadawrap/benchmark_illu_species
    resources: tmpdir=/tmp

[Thu Feb 20 09:45:48 2025]
Finished job 16.
17 of 21 steps (81%) done
Select jobs to execute...

[Thu Feb 20 09:45:48 2025]
rule dada2_remove_chimeras:
    input: /media/shared1/alessiam/dadawrap/benchmark_illu_species/intermediate/merged_asvs.rds
    output: /media/shared1/alessiam/dadawrap/benchmark_illu_species/intermediate/no_chimera_asvs.rds
    jobid: 17
    reason: Missing output files: /media/shared1/alessiam/dadawrap/benchmark_illu_species/intermediate/no_chimera_asvs.rds; Input files updated by another job: /media/shared1/alessiam/dadawrap/benchmark_illu_species/intermediate/merged_asvs.rds
    resources: tmpdir=/tmp

[Thu Feb 20 09:45:54 2025]
Finished job 17.
18 of 21 steps (86%) done
Select jobs to execute...
Failed to solve scheduling problem with ILP solver. Falling back to greedy solver. Run Snakemake with --verbose to see the full solver output for debugging the problem.

[Thu Feb 20 09:45:55 2025]
rule track_reads:
    input: /media/shared1/alessiam/dadawrap/benchmark_illu_species/intermediate/merged_asvs.rds, /media/shared1/alessiam/dadawrap/benchmark_illu_species/intermediate/no_chimera_asvs.rds
    output: /media/shared1/alessiam/dadawrap/benchmark_illu_species/results/read-count-tracking.tsv
    jobid: 20
    reason: Missing output files: /media/shared1/alessiam/dadawrap/benchmark_illu_species/results/read-count-tracking.tsv; Input files updated by another job: /media/shared1/alessiam/dadawrap/benchmark_illu_species/intermediate/no_chimera_asvs.rds, /media/shared1/alessiam/dadawrap/benchmark_illu_species/intermediate/merged_asvs.rds
    resources: tmpdir=/tmp


[Thu Feb 20 09:45:55 2025]
rule dada2_assign_taxonomy:
    input: /media/shared1/alessiam/dadawrap/benchmark_illu_species/intermediate/no_chimera_asvs.rds, db_s/dada2/silva_nr99_v138_train_set.fa.gz
    output: /media/shared1/alessiam/dadawrap/benchmark_illu_species/results/ASVs.fa, /media/shared1/alessiam/dadawrap/benchmark_illu_species/results/ASVs_counts.tsv, /media/shared1/alessiam/dadawrap/benchmark_illu_species/results/ASVs_taxonomy.tsv
    jobid: 19
    reason: Missing output files: /media/shared1/alessiam/dadawrap/benchmark_illu_species/results/ASVs_counts.tsv, /media/shared1/alessiam/dadawrap/benchmark_illu_species/results/ASVs.fa, /media/shared1/alessiam/dadawrap/benchmark_illu_species/results/ASVs_taxonomy.tsv; Input files updated by another job: /media/shared1/alessiam/dadawrap/benchmark_illu_species/intermediate/no_chimera_asvs.rds, db_s/dada2/silva_nr99_v138_train_set.fa.gz
    wildcards: output_dir=/media/shared1/alessiam/dadawrap/benchmark_illu_species
    resources: tmpdir=/tmp

[Thu Feb 20 09:45:58 2025]
Error in rule track_reads:
    jobid: 20
    input: /media/shared1/alessiam/dadawrap/benchmark_illu_species/intermediate/merged_asvs.rds, /media/shared1/alessiam/dadawrap/benchmark_illu_species/intermediate/no_chimera_asvs.rds
    output: /media/shared1/alessiam/dadawrap/benchmark_illu_species/results/read-count-tracking.tsv
    shell:
        
        Rscript scripts/track_reads.R         /media/shared1/alessiam/dadawrap/benchmark_illu_species/intermediate/dada2_filtered/filter_summary.csv /media/shared1/alessiam/dadawrap/benchmark_illu_species/intermediate/dada_fwd.rds         /media/shared1/alessiam/dadawrap/benchmark_illu_species/intermediate/dada_rev.rds /media/shared1/alessiam/dadawrap/benchmark_illu_species/intermediate/merged_asvs.rds /media/shared1/alessiam/dadawrap/benchmark_illu_species/intermediate/no_chimera_asvs.rds /media/shared1/alessiam/dadawrap/benchmark_illu_species/results/read-count-tracking.tsv
        
        (one of the commands exited with non-zero exit code; note that snakemake uses bash strict mode!)

[Thu Feb 20 09:46:51 2025]
Error in rule dada2_assign_taxonomy:
    jobid: 19
    input: /media/shared1/alessiam/dadawrap/benchmark_illu_species/intermediate/no_chimera_asvs.rds, db_s/dada2/silva_nr99_v138_train_set.fa.gz
    output: /media/shared1/alessiam/dadawrap/benchmark_illu_species/results/ASVs.fa, /media/shared1/alessiam/dadawrap/benchmark_illu_species/results/ASVs_counts.tsv, /media/shared1/alessiam/dadawrap/benchmark_illu_species/results/ASVs_taxonomy.tsv
    shell:
        
       if [[ dada2_silva_genus138 == "decipher_silva138" ]]; then
           Rscript scripts/dada2_assign_taxonomy2.R /media/shared1/alessiam/dadawrap/benchmark_illu_species/intermediate/no_chimera_asvs.rds db_s/dada2/silva_nr99_v138_train_set.fa.gz /media/shared1/alessiam/dadawrap/benchmark_illu_species/results
       elif [[ dada2_silva_genus138 == "dada2_silva_species138" ]]; then
           Rscript scripts/dada2_assign_taxonomy3.R /media/shared1/alessiam/dadawrap/benchmark_illu_species/intermediate/no_chimera_asvs.rds db_s/dada2/silva_nr99_v138_train_set.fa.gz /media/shared1/alessiam/dadawrap/benchmark_illu_species/results
       elif [[ dada2_silva_genus138 == "dada2_silva_genus138" || dada2_silva_genus138 == "dada2_RDP_genus19" || dada2_silva_genus138 == "dada2_GG2_genus09" ]]; then
           Rscript scripts/dada2_assign_taxonomy.R /media/shared1/alessiam/dadawrap/benchmark_illu_species/intermediate/no_chimera_asvs.rds db_s/dada2/silva_nr99_v138_train_set.fa.gz /media/shared1/alessiam/dadawrap/benchmark_illu_species/results
       else
           echo "Error: method not valid. Choose among 'decipher_silva138', 'dada2_silva_genus138', 'dada2_silva_species138', 'dada2_RDP_genus19', or 'dada2_GG2_genus09'."
           exit 1
       fi
       
        (one of the commands exited with non-zero exit code; note that snakemake uses bash strict mode!)

Shutting down, this might take some time.
Exiting because a job execution failed. Look above for error message
Complete log: .snakemake/log/2025-02-20T094336.021066.snakemake.log
